Running command './configure --prefix /Users/chenjie/Documents/git/cerbero/build/build-tools --libdir /Users/chenjie/Documents/git/cerbero/build/build-tools/lib --disable-maintainer-mode  --disable-silent-rules  --enable-introspection  --build=x86_64-apple-darwin12   '
configure: WARNING: unrecognized options: --disable-maintainer-mode, --disable-silent-rules, --enable-introspection
checking for a BSD-compatible install... /usr/bin/install -c
checking whether build environment is sane... yes
checking for a thread-safe mkdir -p... build-aux/install-sh -c -d
checking for gawk... no
checking for mawk... no
checking for nawk... no
checking for awk... awk
checking whether make sets $(MAKE)... yes
checking build system type... x86_64-apple-darwin12
checking host system type... x86_64-apple-darwin12
configure: autobuild project... GNU Autoconf
configure: autobuild revision... 2.69
configure: autobuild hostname... ChendeMac-mini.local
configure: autobuild timestamp... 20190327T065325Z
checking whether /bin/sh -n is known to work... yes
checking for characters that cannot appear in file names... none
checking whether directories can have trailing spaces... yes
checking for expr... /bin/expr
checking for GNU M4 that supports accurate traces... /Users/chenjie/Documents/git/cerbero/build/build-tools/bin/m4
checking whether /Users/chenjie/Documents/git/cerbero/build/build-tools/bin/m4 accepts --gnu... yes
checking how m4 supports trace files... --debugfile
checking for perl... /usr/bin/perl
checking whether /usr/bin/perl Fcntl::flock is implemented... yes
checking for emacs... emacs
checking whether emacs is sufficiently recent... yes
checking for emacs... emacs
checking where .elc files should go... ${datarootdir}/emacs/site-lisp
checking for grep that handles long lines and -e... /usr/bin/grep
checking for egrep... /usr/bin/grep -E
checking for a sed that does not truncate output... /usr/bin/sed
checking whether make is case sensitive... yes
configure: creating ./config.status
config.status: creating tests/Makefile
config.status: creating tests/atlocal
config.status: creating man/Makefile
config.status: creating lib/emacs/Makefile
config.status: creating Makefile
config.status: creating doc/Makefile
config.status: creating lib/Makefile
config.status: creating lib/Autom4te/Makefile
config.status: creating lib/autoscan/Makefile
config.status: creating lib/m4sugar/Makefile
config.status: creating lib/autoconf/Makefile
config.status: creating lib/autotest/Makefile
config.status: creating bin/Makefile
config.status: executing tests/atconfig commands
configure: WARNING: unrecognized options: --disable-maintainer-mode, --disable-silent-rules, --enable-introspection
