Running command 'make install'
 lib/install-sh -c -d '/Users/chenjie/Documents/git/cerbero/build/build-tools/bin'
 /usr/bin/install -c bin/automake bin/aclocal '/Users/chenjie/Documents/git/cerbero/build/build-tools/bin'
/Applications/Xcode.app/Contents/Developer/usr/bin/make  install-exec-hook
 ln '/Users/chenjie/Documents/git/cerbero/build/build-tools/bin/automake' '/Users/chenjie/Documents/git/cerbero/build/build-tools/bin/automake-1.15'
 ln '/Users/chenjie/Documents/git/cerbero/build/build-tools/bin/aclocal' '/Users/chenjie/Documents/git/cerbero/build/build-tools/bin/aclocal-1.15'
 lib/install-sh -c -d '/Users/chenjie/Documents/git/cerbero/build/build-tools/share/automake-1.15/am'
 /usr/bin/install -c -m 644 lib/am/check.am lib/am/check2.am lib/am/clean-hdr.am lib/am/clean.am lib/am/compile.am lib/am/configure.am lib/am/data.am lib/am/dejagnu.am lib/am/depend.am lib/am/depend2.am lib/am/distdir.am lib/am/footer.am lib/am/header-vars.am lib/am/header.am lib/am/install.am lib/am/inst-vars.am lib/am/java.am lib/am/lang-compile.am lib/am/lex.am lib/am/library.am lib/am/libs.am lib/am/libtool.am lib/am/lisp.am lib/am/ltlib.am lib/am/ltlibrary.am lib/am/mans-vars.am lib/am/mans.am lib/am/program.am lib/am/progs.am lib/am/python.am lib/am/remake-hdr.am lib/am/scripts.am lib/am/subdirs.am lib/am/tags.am lib/am/texi-vers.am lib/am/texibuild.am lib/am/texinfos.am lib/am/vala.am lib/am/yacc.am '/Users/chenjie/Documents/git/cerbero/build/build-tools/share/automake-1.15/am'
 lib/install-sh -c -d '/Users/chenjie/Documents/git/cerbero/build/build-tools/share/aclocal-1.15'
 /usr/bin/install -c -m 644 m4/amversion.m4 m4/ar-lib.m4 m4/as.m4 m4/auxdir.m4 m4/cond.m4 m4/cond-if.m4 m4/depend.m4 m4/depout.m4 m4/dmalloc.m4 m4/extra-recurs.m4 m4/gcj.m4 m4/init.m4 m4/install-sh.m4 m4/lead-dot.m4 m4/lex.m4 m4/lispdir.m4 m4/maintainer.m4 m4/make.m4 m4/missing.m4 m4/mkdirp.m4 m4/obsolete.m4 m4/options.m4 m4/python.m4 m4/prog-cc-c-o.m4 m4/runlog.m4 m4/sanity.m4 m4/silent.m4 m4/strip.m4 m4/substnot.m4 m4/tar.m4 m4/upc.m4 m4/vala.m4 '/Users/chenjie/Documents/git/cerbero/build/build-tools/share/aclocal-1.15'
 lib/install-sh -c -d '/Users/chenjie/Documents/git/cerbero/build/build-tools/share/aclocal-1.15/internal'
 /usr/bin/install -c -m 644 m4/internal/ac-config-macro-dirs.m4 '/Users/chenjie/Documents/git/cerbero/build/build-tools/share/aclocal-1.15/internal'
 lib/install-sh -c -d '/Users/chenjie/Documents/git/cerbero/build/build-tools/share/doc/automake'
 /usr/bin/install -c -m 644 ./doc/amhello-1.0.tar.gz '/Users/chenjie/Documents/git/cerbero/build/build-tools/share/doc/automake'
 lib/install-sh -c -d '/Users/chenjie/Documents/git/cerbero/build/build-tools/share/automake-1.15/Automake'
 /usr/bin/install -c -m 644 lib/Automake/ChannelDefs.pm lib/Automake/Channels.pm lib/Automake/Condition.pm lib/Automake/Configure_ac.pm lib/Automake/DisjConditions.pm lib/Automake/FileUtils.pm lib/Automake/General.pm lib/Automake/Getopt.pm lib/Automake/Item.pm lib/Automake/ItemDef.pm lib/Automake/Language.pm lib/Automake/Location.pm lib/Automake/Options.pm lib/Automake/Rule.pm lib/Automake/RuleDef.pm lib/Automake/Variable.pm lib/Automake/VarDef.pm lib/Automake/Version.pm lib/Automake/XFile.pm lib/Automake/Wrap.pm '/Users/chenjie/Documents/git/cerbero/build/build-tools/share/automake-1.15/Automake'
 lib/install-sh -c -d '/Users/chenjie/Documents/git/cerbero/build/build-tools/share/automake-1.15'
 /usr/bin/install -c -m 644 lib/COPYING lib/INSTALL lib/texinfo.tex '/Users/chenjie/Documents/git/cerbero/build/build-tools/share/automake-1.15'
 lib/install-sh -c -d '/Users/chenjie/Documents/git/cerbero/build/build-tools/share/automake-1.15'
 /usr/bin/install -c -m 644 lib/config.guess lib/config.sub lib/install-sh lib/mdate-sh lib/missing lib/mkinstalldirs lib/ylwrap lib/depcomp lib/compile lib/py-compile lib/ar-lib lib/test-driver lib/tap-driver.sh '/Users/chenjie/Documents/git/cerbero/build/build-tools/share/automake-1.15'
 lib/install-sh -c -d '/Users/chenjie/Documents/git/cerbero/build/build-tools/share/aclocal'
 /usr/bin/install -c -m 644 m4/acdir/README '/Users/chenjie/Documents/git/cerbero/build/build-tools/share/aclocal'
 lib/install-sh -c -d '/Users/chenjie/Documents/git/cerbero/build/build-tools/share/info'
 /usr/bin/install -c -m 644 ./doc/automake.info ./doc/automake.info-1 ./doc/automake.info-2 ./doc/automake-history.info '/Users/chenjie/Documents/git/cerbero/build/build-tools/share/info'
 install-info --info-dir='/Users/chenjie/Documents/git/cerbero/build/build-tools/share/info' '/Users/chenjie/Documents/git/cerbero/build/build-tools/share/info/automake.info'
 install-info --info-dir='/Users/chenjie/Documents/git/cerbero/build/build-tools/share/info' '/Users/chenjie/Documents/git/cerbero/build/build-tools/share/info/automake-history.info'
install-info：警告：“/Users/chenjie/Documents/git/cerbero/build/build-tools/share/info/automake-history.info”中没有 info 目录条目
 lib/install-sh -c -d '/Users/chenjie/Documents/git/cerbero/build/build-tools/share/man/man1'
 /usr/bin/install -c -m 644 doc/aclocal.1 doc/automake.1 doc/aclocal-1.15.1 doc/automake-1.15.1 '/Users/chenjie/Documents/git/cerbero/build/build-tools/share/man/man1'
 lib/install-sh -c -d '/Users/chenjie/Documents/git/cerbero/build/build-tools/share/automake-1.15/Automake'
 /usr/bin/install -c -m 644 lib/Automake/Config.pm '/Users/chenjie/Documents/git/cerbero/build/build-tools/share/automake-1.15/Automake'
/Applications/Xcode.app/Contents/Developer/usr/bin/make  install-data-hook
 chmod +x '/Users/chenjie/Documents/git/cerbero/build/build-tools/share/automake-1.15/config.guess'
 chmod +x '/Users/chenjie/Documents/git/cerbero/build/build-tools/share/automake-1.15/config.sub'
 chmod +x '/Users/chenjie/Documents/git/cerbero/build/build-tools/share/automake-1.15/install-sh'
 chmod +x '/Users/chenjie/Documents/git/cerbero/build/build-tools/share/automake-1.15/mdate-sh'
 chmod +x '/Users/chenjie/Documents/git/cerbero/build/build-tools/share/automake-1.15/missing'
 chmod +x '/Users/chenjie/Documents/git/cerbero/build/build-tools/share/automake-1.15/mkinstalldirs'
 chmod +x '/Users/chenjie/Documents/git/cerbero/build/build-tools/share/automake-1.15/ylwrap'
 chmod +x '/Users/chenjie/Documents/git/cerbero/build/build-tools/share/automake-1.15/depcomp'
 chmod +x '/Users/chenjie/Documents/git/cerbero/build/build-tools/share/automake-1.15/compile'
 chmod +x '/Users/chenjie/Documents/git/cerbero/build/build-tools/share/automake-1.15/py-compile'
 chmod +x '/Users/chenjie/Documents/git/cerbero/build/build-tools/share/automake-1.15/ar-lib'
 chmod +x '/Users/chenjie/Documents/git/cerbero/build/build-tools/share/automake-1.15/test-driver'
 chmod +x '/Users/chenjie/Documents/git/cerbero/build/build-tools/share/automake-1.15/tap-driver.sh'
