Running command 'make'
rm -f bin/automake bin/automake-t bin/automake-t2 \
	  && lib/install-sh -c -d bin \
	  && in=bin/automake.in && ( sed -e "s,[@]configure_input[@],Generated from $in; do not edit by hand.,g" -e 's,[@]datadir[@],/Users/chenjie/Documents/git/cerbero/build/build-tools/share,g' -e 's,[@]amdir[@],/Users/chenjie/Documents/git/cerbero/build/build-tools/share/automake-1.15/am,g' -e 's,[@]bindir[@],/Users/chenjie/Documents/git/cerbero/build/build-tools/bin,g' -e 's,[@]docdir[@],/Users/chenjie/Documents/git/cerbero/build/build-tools/share/doc/automake,g' -e 's,[@]pkgvdatadir[@],/Users/chenjie/Documents/git/cerbero/build/build-tools/share/automake-1.15,g' -e 's,[@]scriptdir[@],/Users/chenjie/Documents/git/cerbero/build/build-tools/share/automake-1.15,g' -e 's,[@]automake_acdir[@],/Users/chenjie/Documents/git/cerbero/build/build-tools/share/aclocal-1.15,g' -e 's,[@]system_acdir[@],/Users/chenjie/Documents/git/cerbero/build/build-tools/share/aclocal,g' -e 's,[@]am__isrc[@],!!@!!am__isrc!!@!!,g' | /bin/sh ./config.status --file=- | sed -e 's,!!@!!am__isrc!!@!!,@''am__isrc@,g' ) <./$in >bin/automake-t \
	  && /usr/bin/perl -w ./bin/gen-perl-protos bin/automake-t > bin/automake-t2 \
	  && mv -f bin/automake-t2 bin/automake-t \
	  && chmod a+x,a-w bin/automake-t && mv -f bin/automake-t bin/automake
rm -f bin/aclocal bin/aclocal-t bin/aclocal-t2 \
	  && lib/install-sh -c -d bin \
	  && in=bin/aclocal.in && ( sed -e "s,[@]configure_input[@],Generated from $in; do not edit by hand.,g" -e 's,[@]datadir[@],/Users/chenjie/Documents/git/cerbero/build/build-tools/share,g' -e 's,[@]amdir[@],/Users/chenjie/Documents/git/cerbero/build/build-tools/share/automake-1.15/am,g' -e 's,[@]bindir[@],/Users/chenjie/Documents/git/cerbero/build/build-tools/bin,g' -e 's,[@]docdir[@],/Users/chenjie/Documents/git/cerbero/build/build-tools/share/doc/automake,g' -e 's,[@]pkgvdatadir[@],/Users/chenjie/Documents/git/cerbero/build/build-tools/share/automake-1.15,g' -e 's,[@]scriptdir[@],/Users/chenjie/Documents/git/cerbero/build/build-tools/share/automake-1.15,g' -e 's,[@]automake_acdir[@],/Users/chenjie/Documents/git/cerbero/build/build-tools/share/aclocal-1.15,g' -e 's,[@]system_acdir[@],/Users/chenjie/Documents/git/cerbero/build/build-tools/share/aclocal,g' -e 's,[@]am__isrc[@],!!@!!am__isrc!!@!!,g' | /bin/sh ./config.status --file=- | sed -e 's,!!@!!am__isrc!!@!!,@''am__isrc@,g' ) <./$in >bin/aclocal-t \
	  && /usr/bin/perl -w ./bin/gen-perl-protos bin/aclocal-t > bin/aclocal-t2 \
	  && mv -f bin/aclocal-t2 bin/aclocal-t \
	  && chmod a+x,a-w bin/aclocal-t && mv -f bin/aclocal-t bin/aclocal
rm -f t/ax/shell-no-trail-bslash t/ax/shell-no-trail-bslash-t
in=t/ax/shell-no-trail-bslash.in \
	  && lib/install-sh -c -d t/ax \
	  && ( sed -e "s,[@]configure_input[@],Generated from $in; do not edit by hand.,g" -e 's,[@]datadir[@],/Users/chenjie/Documents/git/cerbero/build/build-tools/share,g' -e 's,[@]amdir[@],/Users/chenjie/Documents/git/cerbero/build/build-tools/share/automake-1.15/am,g' -e 's,[@]bindir[@],/Users/chenjie/Documents/git/cerbero/build/build-tools/bin,g' -e 's,[@]docdir[@],/Users/chenjie/Documents/git/cerbero/build/build-tools/share/doc/automake,g' -e 's,[@]pkgvdatadir[@],/Users/chenjie/Documents/git/cerbero/build/build-tools/share/automake-1.15,g' -e 's,[@]scriptdir[@],/Users/chenjie/Documents/git/cerbero/build/build-tools/share/automake-1.15,g' -e 's,[@]automake_acdir[@],/Users/chenjie/Documents/git/cerbero/build/build-tools/share/aclocal-1.15,g' -e 's,[@]system_acdir[@],/Users/chenjie/Documents/git/cerbero/build/build-tools/share/aclocal,g' -e 's,[@]am__isrc[@],!!@!!am__isrc!!@!!,g' | /bin/sh ./config.status --file=- | sed -e 's,!!@!!am__isrc!!@!!,@''am__isrc@,g' ) <./$in >t/ax/shell-no-trail-bslash-t \
	  && chmod a+x t/ax/shell-no-trail-bslash-t
if LC_ALL=C grep '@[a-zA-Z0-9_][a-zA-Z0-9_]*@' t/ax/shell-no-trail-bslash-t; then echo "t/ax/shell-no-trail-bslash contains unexpanded substitution (see lines above)"; exit 1; fi; chmod a-w t/ax/shell-no-trail-bslash-t && mv -f t/ax/shell-no-trail-bslash-t t/ax/shell-no-trail-bslash
rm -f t/ax/cc-no-c-o t/ax/cc-no-c-o-t
in=t/ax/cc-no-c-o.in \
	  && lib/install-sh -c -d t/ax \
	  && ( sed -e "s,[@]configure_input[@],Generated from $in; do not edit by hand.,g" -e 's,[@]datadir[@],/Users/chenjie/Documents/git/cerbero/build/build-tools/share,g' -e 's,[@]amdir[@],/Users/chenjie/Documents/git/cerbero/build/build-tools/share/automake-1.15/am,g' -e 's,[@]bindir[@],/Users/chenjie/Documents/git/cerbero/build/build-tools/bin,g' -e 's,[@]docdir[@],/Users/chenjie/Documents/git/cerbero/build/build-tools/share/doc/automake,g' -e 's,[@]pkgvdatadir[@],/Users/chenjie/Documents/git/cerbero/build/build-tools/share/automake-1.15,g' -e 's,[@]scriptdir[@],/Users/chenjie/Documents/git/cerbero/build/build-tools/share/automake-1.15,g' -e 's,[@]automake_acdir[@],/Users/chenjie/Documents/git/cerbero/build/build-tools/share/aclocal-1.15,g' -e 's,[@]system_acdir[@],/Users/chenjie/Documents/git/cerbero/build/build-tools/share/aclocal,g' -e 's,[@]am__isrc[@],!!@!!am__isrc!!@!!,g' | /bin/sh ./config.status --file=- | sed -e 's,!!@!!am__isrc!!@!!,@''am__isrc@,g' ) <./$in >t/ax/cc-no-c-o-t \
	  && chmod a+x t/ax/cc-no-c-o-t
if LC_ALL=C grep '@[a-zA-Z0-9_][a-zA-Z0-9_]*@' t/ax/cc-no-c-o-t; then echo "t/ax/cc-no-c-o contains unexpanded substitution (see lines above)"; exit 1; fi; chmod a-w t/ax/cc-no-c-o-t && mv -f t/ax/cc-no-c-o-t t/ax/cc-no-c-o
rm -f runtest runtest-t
in=t/ax/runtest.in \
	  && lib/install-sh -c -d t/ax \
	  && ( sed -e "s,[@]configure_input[@],Generated from $in; do not edit by hand.,g" -e 's,[@]datadir[@],/Users/chenjie/Documents/git/cerbero/build/build-tools/share,g' -e 's,[@]amdir[@],/Users/chenjie/Documents/git/cerbero/build/build-tools/share/automake-1.15/am,g' -e 's,[@]bindir[@],/Users/chenjie/Documents/git/cerbero/build/build-tools/bin,g' -e 's,[@]docdir[@],/Users/chenjie/Documents/git/cerbero/build/build-tools/share/doc/automake,g' -e 's,[@]pkgvdatadir[@],/Users/chenjie/Documents/git/cerbero/build/build-tools/share/automake-1.15,g' -e 's,[@]scriptdir[@],/Users/chenjie/Documents/git/cerbero/build/build-tools/share/automake-1.15,g' -e 's,[@]automake_acdir[@],/Users/chenjie/Documents/git/cerbero/build/build-tools/share/aclocal-1.15,g' -e 's,[@]system_acdir[@],/Users/chenjie/Documents/git/cerbero/build/build-tools/share/aclocal,g' -e 's,[@]am__isrc[@],!!@!!am__isrc!!@!!,g' | /bin/sh ./config.status --file=- | sed -e 's,!!@!!am__isrc!!@!!,@''am__isrc@,g' ) <./$in >runtest-t \
	  && chmod a+x runtest-t
if LC_ALL=C grep '@[a-zA-Z0-9_][a-zA-Z0-9_]*@' runtest-t; then echo "runtest contains unexpanded substitution (see lines above)"; exit 1; fi; chmod a-w runtest-t && mv -f runtest-t runtest
: \
	  && lib/install-sh -c -d doc \
	  && f=`echo doc/aclocal.1 | sed 's|.*/||; s|\.1$||; s,x,x,'` \
	  && echo ".so man1/$f-1.15.1" > doc/aclocal.1
: \
	  && lib/install-sh -c -d doc \
	  && f=`echo doc/automake.1 | sed 's|.*/||; s|\.1$||; s,x,x,'` \
	  && echo ".so man1/$f-1.15.1" > doc/automake.1
rm -f lib/Automake/Config.pm lib/Automake/Config.pm-t
lib/install-sh -c -d lib/Automake
in=Config.in \
	  && ( sed -e "s,[@]configure_input[@],Generated from $in; do not edit by hand.,g" -e 's,[@]datadir[@],/Users/chenjie/Documents/git/cerbero/build/build-tools/share,g' -e 's,[@]amdir[@],/Users/chenjie/Documents/git/cerbero/build/build-tools/share/automake-1.15/am,g' -e 's,[@]bindir[@],/Users/chenjie/Documents/git/cerbero/build/build-tools/bin,g' -e 's,[@]docdir[@],/Users/chenjie/Documents/git/cerbero/build/build-tools/share/doc/automake,g' -e 's,[@]pkgvdatadir[@],/Users/chenjie/Documents/git/cerbero/build/build-tools/share/automake-1.15,g' -e 's,[@]scriptdir[@],/Users/chenjie/Documents/git/cerbero/build/build-tools/share/automake-1.15,g' -e 's,[@]automake_acdir[@],/Users/chenjie/Documents/git/cerbero/build/build-tools/share/aclocal-1.15,g' -e 's,[@]system_acdir[@],/Users/chenjie/Documents/git/cerbero/build/build-tools/share/aclocal,g' -e 's,[@]am__isrc[@],!!@!!am__isrc!!@!!,g' | /bin/sh ./config.status --file=- | sed -e 's,!!@!!am__isrc!!@!!,@''am__isrc@,g' ) <./lib/Automake/Config.in >lib/Automake/Config.pm-t
if LC_ALL=C grep '@[a-zA-Z0-9_][a-zA-Z0-9_]*@' lib/Automake/Config.pm-t; then echo "lib/Automake/Config.pm contains unexpanded substitution (see lines above)"; exit 1; fi; chmod a-w lib/Automake/Config.pm-t && mv -f lib/Automake/Config.pm-t lib/Automake/Config.pm
: && lib/install-sh -c -d doc && { PATH='/Users/chenjie/Documents/git/cerbero/build/sources/build-tools/automake-1.15.1/t/wrap:'$PATH && export PATH; } && /usr/bin/perl ./doc/help2man --output=doc/aclocal-1.15.1 aclocal-1.15
: && lib/install-sh -c -d doc && { PATH='/Users/chenjie/Documents/git/cerbero/build/sources/build-tools/automake-1.15.1/t/wrap:'$PATH && export PATH; } && /usr/bin/perl ./doc/help2man --output=doc/automake-1.15.1 automake-1.15
rm -f t/ax/test-defs.sh t/ax/test-defs.sh-t
lib/install-sh -c -d t/ax
in=t/ax/test-defs.in \
	  && ( sed -e "s,[@]configure_input[@],Generated from $in; do not edit by hand.,g" -e 's,[@]datadir[@],/Users/chenjie/Documents/git/cerbero/build/build-tools/share,g' -e 's,[@]amdir[@],/Users/chenjie/Documents/git/cerbero/build/build-tools/share/automake-1.15/am,g' -e 's,[@]bindir[@],/Users/chenjie/Documents/git/cerbero/build/build-tools/bin,g' -e 's,[@]docdir[@],/Users/chenjie/Documents/git/cerbero/build/build-tools/share/doc/automake,g' -e 's,[@]pkgvdatadir[@],/Users/chenjie/Documents/git/cerbero/build/build-tools/share/automake-1.15,g' -e 's,[@]scriptdir[@],/Users/chenjie/Documents/git/cerbero/build/build-tools/share/automake-1.15,g' -e 's,[@]automake_acdir[@],/Users/chenjie/Documents/git/cerbero/build/build-tools/share/aclocal-1.15,g' -e 's,[@]system_acdir[@],/Users/chenjie/Documents/git/cerbero/build/build-tools/share/aclocal,g' -e 's,[@]am__isrc[@],!!@!!am__isrc!!@!!,g' | /bin/sh ./config.status --file=- | sed -e 's,!!@!!am__isrc!!@!!,@''am__isrc@,g' ) <./$in >t/ax/test-defs.sh-t
if LC_ALL=C grep '@[a-zA-Z0-9_][a-zA-Z0-9_]*@' t/ax/test-defs.sh-t; then echo "t/ax/test-defs.sh contains unexpanded substitution (see lines above)"; exit 1; fi; chmod a-w t/ax/test-defs.sh-t && mv -f t/ax/test-defs.sh-t t/ax/test-defs.sh
