Running command './configure --prefix /Users/chenjie/Documents/git/cerbero/build/build-tools --libdir /Users/chenjie/Documents/git/cerbero/build/build-tools/lib --disable-maintainer-mode  --disable-silent-rules  --enable-introspection  --build=x86_64-apple-darwin12   '
configure: WARNING: unrecognized options: --disable-maintainer-mode, --enable-introspection
checking for a BSD-compatible install... /usr/bin/install -c
checking whether build environment is sane... yes
checking for a thread-safe mkdir -p... build-aux/install-sh -c -d
checking for gawk... no
checking for mawk... no
checking for nawk... no
checking for awk... awk
checking whether make sets $(MAKE)... yes
checking whether make supports nested variables... yes
checking whether make supports nested variables... (cached) yes
checking for style of include used by make... GNU
checking for gcc... clang
checking whether the C compiler works... yes
checking for C compiler default output file name... a.out
checking for suffix of executables... 
checking whether we are cross compiling... no
checking for suffix of object files... o
checking whether we are using the GNU C compiler... yes
checking whether clang accepts -g... yes
checking for clang option to accept ISO C89... none needed
checking whether clang understands -c and -o together... rm: conftest.dSYM: is a directory
yes
checking dependency style of clang... gcc3
checking for clang option to accept ISO C99... none needed
checking for clang option to accept ISO Standard C... (cached) none needed
checking whether we are using the GNU C++ compiler... yes
checking whether clang++ accepts -g... yes
checking dependency style of clang++... gcc3
checking how to run the C preprocessor... clang -E
checking for grep that handles long lines and -e... /usr/bin/grep
checking for egrep... /usr/bin/grep -E
checking for Minix Amsterdam compiler... rm: conftest.dSYM: is a directory
no
checking for ANSI C header files... rm: conftest.dSYM: is a directory
rm: conftest.dSYM: is a directory
yes
checking for sys/types.h... yes
checking for sys/stat.h... yes
checking for stdlib.h... yes
checking for string.h... yes
checking for memory.h... yes
checking for strings.h... yes
checking for inttypes.h... yes
checking for stdint.h... yes
checking for unistd.h... yes
checking minix/config.h usability... no
checking minix/config.h presence... no
checking for minix/config.h... no
checking whether it is safe to define __EXTENSIONS__... yes
checking whether _XOPEN_SOURCE should be defined... no
checking build system type... x86_64-apple-darwin12
checking host system type... x86_64-apple-darwin12
checking for special C compiler options needed for large files... no
checking for _FILE_OFFSET_BITS value needed for large files... no
checking whether pragma GCC diagnostic push works... yes
checking whether clang supports POSIXLY_CORRECT=1... yes
checking whether clang++ builds executables that work... yes
checking whether clang++ supports POSIXLY_CORRECT=1... yes
checking for flex... flex
checking whether lex is flex... yes
checking lex output file root... lex.yy
checking lex library... -ll
checking whether yytext is a pointer... yes
checking for bison... bison -y
checking for ranlib... ranlib
checking for GNU M4 that supports accurate traces... /Users/chenjie/Documents/git/cerbero/build/build-tools/bin/m4
checking whether /Users/chenjie/Documents/git/cerbero/build/build-tools/bin/m4 accepts --gnu... yes
checking how m4 supports trace files... --debugfile
checking for perl... /usr/bin/perl
checking for xsltproc... /usr/bin/xsltproc
checking for locale.h... yes
checking for sys/socket.h... yes
checking for unistd.h... (cached) yes
checking for stdio_ext.h... no
checking for features.h... no
checking for sys/stat.h... (cached) yes
checking for getopt.h... yes
checking for sys/time.h... yes
checking for wchar.h... yes
checking for stdint.h... (cached) yes
checking for inttypes.h... (cached) yes
checking for math.h... yes
checking for sys/mman.h... yes
checking for sys/param.h... yes
checking for sched.h... yes
checking for spawn.h... yes
checking for sys/wait.h... yes
checking for wctype.h... yes
checking for inline... inline
checking for size_t... yes
checking for working alloca.h... yes
checking for alloca... yes
checking whether malloc, realloc, calloc are POSIX compliant... yes
checking for _set_invalid_parameter_handler... no
checking for getdtablesize... yes
checking for fcntl... yes
checking for symlink... yes
checking for vasnprintf... no
checking for snprintf... yes
checking for __fseterr... no
checking for gettimeofday... yes
checking for lstat... yes
checking for mbsinit... yes
checking for mbrtowc... yes
checking for isascii... yes
checking for mprotect... yes
checking for obstack_printf... no
checking for strerror_r... yes
checking for __xpg_strerror_r... no
checking for pipe2... no
checking for sigaction... yes
checking for sigaltstack... yes
checking for siginterrupt... yes
checking for strdup... yes
checking for catgets... yes
checking for strndup... yes
checking for pipe... yes
checking for iswcntrl... yes
checking for wcwidth... yes
checking for setlocale... yes
checking whether // is distinct from /... no
checking if environ is properly declared... no
checking whether the preprocessor supports include_next... yes
checking whether system header files limit the line length... no
checking for complete errno.h... yes
checking whether strerror_r is declared... yes
checking for strerror_r... (cached) yes
checking whether strerror_r returns char *... no
checking for sig_atomic_t... yes
checking for working fcntl.h... no (bad O_NOATIME)
checking for pid_t... yes
checking for mode_t... yes
checking for stdint.h... yes
checking for inttypes.h... yes
checking whether printf supports size specifiers as in C99... yes
checking whether printf supports 'long double' arguments... yes
checking whether printf supports infinite 'double' arguments... yes
checking whether byte ordering is bigendian... no
checking whether long double and double are the same... no
checking whether printf supports infinite 'long double' arguments... no
checking whether printf supports the 'a' and 'A' directives... yes
checking whether printf supports the 'F' directive... yes
checking whether printf supports the 'n' directive... no
checking whether printf supports the 'ls' directive... yes
checking whether printf supports POSIX/XSI format strings with positions... yes
checking whether printf supports the grouping flag... yes
checking whether printf supports the left-adjust flag correctly... yes
checking whether printf supports the zero flag correctly... yes
checking whether printf supports large precisions... yes
checking whether printf survives out-of-memory conditions... yes
checking for unsigned long long int... yes
checking for long long int... yes
checking for wchar_t... yes
checking for wint_t... yes
checking for intmax_t... yes
checking where to find the exponent in a 'double'... word 1 bit 20
checking whether snprintf returns a byte count as in C99... yes
checking for snprintf... (cached) yes
checking for strnlen... yes
checking for wcslen... yes
checking for wcsnlen... yes
checking for mbrtowc... (cached) yes
checking for wcrtomb... yes
checking whether _snprintf is declared... no
checking whether frexp() can be used without linking with libm... yes
checking whether alarm is declared... yes
checking whether stat file-mode macros are broken... no
checking for nlink_t... yes
checking whether fchmodat is declared without a macro... yes
checking whether fstat is declared without a macro... yes
checking whether fstatat is declared without a macro... yes
checking whether futimens is declared without a macro... yes
checking whether lchmod is declared without a macro... yes
checking whether lstat is declared without a macro... yes
checking whether mkdirat is declared without a macro... yes
checking whether mkfifo is declared without a macro... yes
checking whether mkfifoat is declared without a macro... no
checking whether mknod is declared without a macro... yes
checking whether mknodat is declared without a macro... no
checking whether stat is declared without a macro... yes
checking whether utimensat is declared without a macro... yes
checking for getopt.h... (cached) yes
checking for getopt_long_only... yes
checking whether getopt is POSIX compatible... no
checking whether getenv is declared... yes
checking for C/C++ restrict keyword... __restrict
checking for struct timeval... yes
checking for wide-enough struct timeval.tv_sec member... yes
checking whether gettimeofday is declared without a macro... yes
checking whether stdint.h conforms to C99... yes
checking whether imaxabs is declared without a macro... yes
checking whether imaxdiv is declared without a macro... yes
checking whether strtoimax is declared without a macro... yes
checking whether strtoumax is declared without a macro... yes
checking for inttypes.h... (cached) yes
checking whether the inttypes.h PRIxNN macros are broken... no
checking where to find the exponent in a 'float'... word 0 bit 23
checking whether isnan(float) can be used without linking with libm... no
checking whether isnan(float) can be used with libm... no
checking whether isnan(double) can be used without linking with libm... yes
checking whether isnan(long double) can be used without linking with libm... no
checking whether isnan(long double) can be used with libm... no
checking whether ldexp() can be used without linking with libm... yes
checking for nl_langinfo and CODESET... yes
checking whether getc_unlocked is declared... yes
checking whether we are using the GNU C Library >= 2.1 or uClibc... no
checking for ld used by clang... ld
checking if the linker (ld) is GNU ld... no
checking for shared library run path origin... done
checking whether imported symbols can be declared weak... no
checking pthread.h usability... yes
checking pthread.h presence... yes
checking for pthread.h... yes
checking for pthread_kill in -lpthread... yes
checking for multithread API to use... posix
checking whether lstat correctly handles trailing slash... no
checking for a sed that does not truncate output... /Users/chenjie/Documents/git/cerbero/build/build-tools/bin/sed
checking for mbstate_t... yes
checking for a traditional japanese locale... ja_JP.eucJP
checking for a transitional chinese locale... zh_CN.GB18030
checking for a french Unicode locale... fr_FR.UTF-8
checking for mmap... yes
checking for MAP_ANONYMOUS... yes
checking whether memchr works... yes
checking whether obstack_printf is declared... no
checking for promoted mode_t type... int
checking whether strerror(0) succeeds... no
checking whether strerror_r is declared... (cached) yes
checking for library containing posix_spawn... none required
checking for posix_spawn... yes
checking whether posix_spawn works... yes
checking whether posix_spawnattr_setschedpolicy is supported... no
checking whether posix_spawnattr_setschedparam is supported... no
checking for ptrdiff_t... yes
checking whether C symbols are prefixed with underscore at the linker level... yes
checking for sigset_t... yes
checking for uid_t in sys/types.h... yes
checking whether snprintf is declared... yes
checking for stdbool.h that conforms to C99... yes
checking for _Bool... yes
checking whether strdup is declared... yes
checking whether ffsl is declared without a macro... yes
checking whether ffsll is declared without a macro... yes
checking whether memmem is declared without a macro... yes
checking whether mempcpy is declared without a macro... no
checking whether memrchr is declared without a macro... no
checking whether rawmemchr is declared without a macro... no
checking whether stpcpy is declared without a macro... yes
checking whether stpncpy is declared without a macro... yes
checking whether strchrnul is declared without a macro... no
checking whether strdup is declared without a macro... yes
checking whether strncat is declared without a macro... yes
checking whether strndup is declared without a macro... yes
checking whether strnlen is declared without a macro... yes
checking whether strpbrk is declared without a macro... yes
checking whether strsep is declared without a macro... yes
checking whether strcasestr is declared without a macro... yes
checking whether strtok_r is declared without a macro... yes
checking whether strerror_r is declared without a macro... yes
checking whether strsignal is declared without a macro... yes
checking whether strverscmp is declared without a macro... no
checking whether strndup is declared... (cached) yes
checking whether strnlen is declared... (cached) yes
checking for struct timespec in <time.h>... yes
checking whether clearerr_unlocked is declared... yes
checking whether feof_unlocked is declared... yes
checking whether ferror_unlocked is declared... yes
checking whether fflush_unlocked is declared... no
checking whether fgets_unlocked is declared... no
checking whether fputc_unlocked is declared... no
checking whether fputs_unlocked is declared... no
checking whether fread_unlocked is declared... no
checking whether fwrite_unlocked is declared... no
checking whether getchar_unlocked is declared... yes
checking whether putc_unlocked is declared... yes
checking whether putchar_unlocked is declared... yes
checking whether unsetenv is declared... yes
checking whether vsnprintf is declared... yes
checking whether <wchar.h> uses 'inline' correctly... yes
checking for alloca as a compiler built-in... yes
checking whether to enable assertions... yes
checking whether // is distinct from /... (cached) no
checking whether dup2 works... yes
checking for error_at_line... no
checking whether fcntl handles F_DUPFD correctly... yes
checking whether fcntl understands F_DUPFD_CLOEXEC... yes
checking whether fcntl is declared without a macro... yes
checking whether openat is declared without a macro... yes
checking whether conversion from 'int' to 'long double' works... yes
checking whether fopen recognizes a trailing slash... yes
checking for __fpending... no
checking how to determine the number of pending output bytes on a stream... fp->_p - fp->_bf._base
checking for ptrdiff_t... (cached) yes
checking whether frexp works... yes
checking whether frexpl is declared... yes
checking whether frexpl() can be used without linking with libm... yes
checking whether frexpl works... yes
checking whether getdtablesize works... yes
checking whether gettimeofday clobbers localtime buffer... no
checking for gettimeofday with POSIX signature... yes
checking whether INT32_MAX < INTMAX_MAX... yes
checking whether INT64_MAX == LONG_MAX... yes
checking whether UINT32_MAX < UINTMAX_MAX... yes
checking whether UINT64_MAX == ULONG_MAX... yes
checking whether isnan macro works... no
checking whether isnan(double) can be used without linking with libm... (cached) yes
checking whether isnan(double) can be used without linking with libm... (cached) yes
checking whether isnan(float) can be used without linking with libm... (cached) no
checking whether isnan(float) can be used with libm... (cached) no
checking where to find the exponent in a 'float'... (cached) word 0 bit 23
checking whether isnan(float) can be used without linking with libm... (cached) no
checking where to find the exponent in a 'float'... (cached) word 0 bit 23
checking whether isnan(long double) can be used without linking with libm... (cached) no
checking whether isnan(long double) can be used with libm... (cached) no
checking where to find the exponent in a 'long double'... word 2 bit 0
checking whether isnan(long double) can be used without linking with libm... (cached) no
checking where to find the exponent in a 'long double'... (cached) word 2 bit 0
checking whether ldexpl is declared... yes
checking whether ldexpl() can be used without linking with libm... yes
checking whether ldexpl works... yes
checking for pthread_rwlock_t... yes
checking for stdlib.h... (cached) yes
checking for GNU libc compatible malloc... yes
checking whether NAN macro works... yes
checking whether HUGE_VAL works... yes
checking whether acosf is declared without a macro... yes
checking whether acosl is declared without a macro... yes
checking whether asinf is declared without a macro... yes
checking whether asinl is declared without a macro... yes
checking whether atanf is declared without a macro... yes
checking whether atanl is declared without a macro... yes
checking whether cbrt is declared without a macro... yes
checking whether cbrtf is declared without a macro... yes
checking whether cbrtl is declared without a macro... yes
checking whether ceilf is declared without a macro... yes
checking whether ceill is declared without a macro... yes
checking whether copysign is declared without a macro... yes
checking whether copysignf is declared without a macro... yes
checking whether copysignl is declared without a macro... yes
checking whether cosf is declared without a macro... yes
checking whether cosl is declared without a macro... yes
checking whether coshf is declared without a macro... yes
checking whether expf is declared without a macro... yes
checking whether expl is declared without a macro... yes
checking whether exp2 is declared without a macro... yes
checking whether exp2f is declared without a macro... yes
checking whether exp2l is declared without a macro... yes
checking whether expm1 is declared without a macro... yes
checking whether expm1f is declared without a macro... yes
checking whether expm1l is declared without a macro... yes
checking whether fabsf is declared without a macro... yes
checking whether fabsl is declared without a macro... yes
checking whether floorf is declared without a macro... yes
checking whether floorl is declared without a macro... yes
checking whether fma is declared without a macro... yes
checking whether fmaf is declared without a macro... yes
checking whether fmal is declared without a macro... yes
checking whether fmod is declared without a macro... yes
checking whether fmodf is declared without a macro... yes
checking whether fmodl is declared without a macro... yes
checking whether frexpf is declared without a macro... yes
checking whether frexpl is declared without a macro... yes
checking whether hypotf is declared without a macro... yes
checking whether hypotl is declared without a macro... yes
checking whether ilogb is declared without a macro... yes
checking whether ilogbf is declared without a macro... yes
checking whether ilogbl is declared without a macro... yes
checking whether ldexpf is declared without a macro... yes
checking whether ldexpl is declared without a macro... yes
checking whether log is declared without a macro... yes
checking whether logf is declared without a macro... yes
checking whether logl is declared without a macro... yes
checking whether log10 is declared without a macro... yes
checking whether log10f is declared without a macro... yes
checking whether log10l is declared without a macro... yes
checking whether log1p is declared without a macro... yes
checking whether log1pf is declared without a macro... yes
checking whether log1pl is declared without a macro... yes
checking whether log2 is declared without a macro... yes
checking whether log2f is declared without a macro... yes
checking whether log2l is declared without a macro... yes
checking whether logb is declared without a macro... yes
checking whether logbf is declared without a macro... yes
checking whether logbl is declared without a macro... yes
checking whether modf is declared without a macro... yes
checking whether modff is declared without a macro... yes
checking whether modfl is declared without a macro... yes
checking whether powf is declared without a macro... yes
checking whether remainder is declared without a macro... yes
checking whether remainderf is declared without a macro... yes
checking whether remainderl is declared without a macro... yes
checking whether rint is declared without a macro... yes
checking whether rintf is declared without a macro... yes
checking whether rintl is declared without a macro... yes
checking whether round is declared without a macro... yes
checking whether roundf is declared without a macro... yes
checking whether roundl is declared without a macro... yes
checking whether sinf is declared without a macro... yes
checking whether sinl is declared without a macro... yes
checking whether sinhf is declared without a macro... yes
checking whether sqrtf is declared without a macro... yes
checking whether sqrtl is declared without a macro... yes
checking whether tanf is declared without a macro... yes
checking whether tanl is declared without a macro... yes
checking whether tanhf is declared without a macro... yes
checking whether trunc is declared without a macro... yes
checking whether truncf is declared without a macro... yes
checking whether truncl is declared without a macro... yes
checking whether mbrtowc handles incomplete characters... yes
checking whether mbrtowc works as well as mbtowc... yes
checking whether mbrtowc handles a NULL pwc argument... yes
checking whether mbrtowc handles a NULL string argument... yes
checking whether mbrtowc has a correct return value... yes
checking whether mbrtowc returns 0 when parsing a NUL character... yes
checking whether mbrtowc works on empty input... yes
checking whether mbrtowc handles incomplete characters... (cached) yes
checking whether mbrtowc works as well as mbtowc... (cached) yes
checking whether mbswidth is declared in <wchar.h>... no
checking for mbstate_t... (cached) yes
checking for obstacks that work with any size object... no
checking whether open recognizes a trailing slash... no
checking whether perror matches strerror... yes
checking whether posix_spawn_file_actions_addclose works... yes
checking whether posix_spawn_file_actions_adddup2 works... yes
checking whether posix_spawn_file_actions_addopen works... yes
checking whether frexp works... (cached) yes
checking whether ldexp can be used without linking with libm... (cached) yes
checking whether frexpl() can be used without linking with libm... (cached) yes
checking whether frexpl works... (cached) yes
checking whether frexpl is declared... (cached) yes
checking whether ldexpl() can be used without linking with libm... (cached) yes
checking whether ldexpl works... (cached) yes
checking whether ldexpl is declared... (cached) yes
checking whether program_invocation_name is declared... no
checking whether program_invocation_short_name is declared... no
checking for raise... yes
checking for sigprocmask... yes
checking for rawmemchr... no
checking for struct sched_param... yes
checking for struct sigaction.sa_sigaction... yes
checking for volatile sig_atomic_t... yes
checking for sighandler_t... no
checking whether pthread_sigmask is declared without a macro... yes
checking whether sigaction is declared without a macro... yes
checking whether sigaddset is declared without a macro... yes
checking whether sigdelset is declared without a macro... yes
checking whether sigemptyset is declared without a macro... yes
checking whether sigfillset is declared without a macro... yes
checking whether sigismember is declared without a macro... yes
checking whether sigpending is declared without a macro... yes
checking whether sigprocmask is declared without a macro... yes
checking for signbit macro... yes
checking for signbit compiler built-ins... yes
checking for sigprocmask... (cached) yes
checking for stdint.h... (cached) yes
checking for SIZE_MAX... yes
checking for snprintf... (cached) yes
checking whether snprintf respects a size of 1... yes
checking whether printf supports POSIX/XSI format strings with positions... (cached) yes
checking for snprintf... (cached) yes
checking whether snprintf truncates the result as in C99... yes
checking whether snprintf fully supports the 'n' directive... no
checking whether snprintf respects a size of 1... (cached) yes
checking whether vsnprintf respects a zero size as in C99... yes
checking for ptrdiff_t... (cached) yes
checking for posix_spawnattr_t... yes
checking for posix_spawn_file_actions_t... yes
checking whether posix_spawn is declared without a macro... yes
checking whether posix_spawnp is declared without a macro... yes
checking whether posix_spawnattr_init is declared without a macro... yes
checking whether posix_spawnattr_destroy is declared without a macro... yes
checking whether posix_spawnattr_getsigdefault is declared without a macro... yes
checking whether posix_spawnattr_setsigdefault is declared without a macro... yes
checking whether posix_spawnattr_getsigmask is declared without a macro... yes
checking whether posix_spawnattr_setsigmask is declared without a macro... yes
checking whether posix_spawnattr_getflags is declared without a macro... yes
checking whether posix_spawnattr_setflags is declared without a macro... yes
checking whether posix_spawnattr_getpgroup is declared without a macro... yes
checking whether posix_spawnattr_setpgroup is declared without a macro... yes
checking whether posix_spawnattr_getschedpolicy is declared without a macro... no
checking whether posix_spawnattr_setschedpolicy is declared without a macro... no
checking whether posix_spawnattr_getschedparam is declared without a macro... no
checking whether posix_spawnattr_setschedparam is declared without a macro... no
checking whether posix_spawn_file_actions_init is declared without a macro... yes
checking whether posix_spawn_file_actions_destroy is declared without a macro... yes
checking whether posix_spawn_file_actions_addopen is declared without a macro... yes
checking whether posix_spawn_file_actions_addclose is declared without a macro... yes
checking whether posix_spawn_file_actions_adddup2 is declared without a macro... yes
checking for ptrdiff_t... (cached) yes
checking for ssize_t... yes
checking whether stat handles trailing slashes on directories... yes
checking whether stat handles trailing slashes on files... no
checking for max_align_t... yes
checking whether NULL can be used in arbitrary expressions... yes
checking whether inttypes macros match system or gnu printf... system
checking whether dprintf is declared without a macro... yes
checking whether fpurge is declared without a macro... yes
checking whether fseeko is declared without a macro... yes
checking whether ftello is declared without a macro... yes
checking whether getdelim is declared without a macro... yes
checking whether getline is declared without a macro... yes
checking whether gets is declared without a macro... yes
checking whether pclose is declared without a macro... yes
checking whether popen is declared without a macro... yes
checking whether renameat is declared without a macro... yes
checking whether snprintf is declared without a macro... yes
checking whether tmpfile is declared without a macro... yes
checking whether vdprintf is declared without a macro... yes
checking whether vsnprintf is declared without a macro... yes
checking whether _Exit is declared without a macro... yes
checking whether atoll is declared without a macro... yes
checking whether canonicalize_file_name is declared without a macro... no
checking whether getloadavg is declared without a macro... yes
checking whether getsubopt is declared without a macro... yes
checking whether grantpt is declared without a macro... yes
checking whether initstate is declared without a macro... yes
checking whether initstate_r is declared without a macro... no
checking whether mkdtemp is declared without a macro... no
checking whether mkostemp is declared without a macro... no
checking whether mkostemps is declared without a macro... no
checking whether mkstemp is declared without a macro... yes
checking whether mkstemps is declared without a macro... no
checking whether posix_openpt is declared without a macro... yes
checking whether ptsname is declared without a macro... yes
checking whether ptsname_r is declared without a macro... yes
checking whether random is declared without a macro... yes
checking whether random_r is declared without a macro... no
checking whether realpath is declared without a macro... yes
checking whether rpmatch is declared without a macro... no
checking whether secure_getenv is declared without a macro... no
checking whether setenv is declared without a macro... yes
checking whether setstate is declared without a macro... yes
checking whether setstate_r is declared without a macro... no
checking whether srandom is declared without a macro... yes
checking whether srandom_r is declared without a macro... no
checking whether strtod is declared without a macro... yes
checking whether strtoll is declared without a macro... yes
checking whether strtoull is declared without a macro... yes
checking whether unlockpt is declared without a macro... yes
checking whether unsetenv is declared without a macro... yes
checking for stpcpy... yes
checking for strchrnul... no
checking for working strndup... yes
checking for working strnlen... yes
checking for strverscmp... no
checking for nlink_t... (cached) yes
checking whether fchmodat is declared without a macro... (cached) yes
checking whether fstat is declared without a macro... (cached) yes
checking whether fstatat is declared without a macro... (cached) yes
checking whether futimens is declared without a macro... (cached) yes
checking whether lchmod is declared without a macro... (cached) yes
checking whether lstat is declared without a macro... (cached) yes
checking whether mkdirat is declared without a macro... (cached) yes
checking whether mkfifo is declared without a macro... (cached) yes
checking whether mkfifoat is declared without a macro... (cached) no
checking whether mknod is declared without a macro... (cached) yes
checking whether mknodat is declared without a macro... (cached) no
checking whether stat is declared without a macro... (cached) yes
checking whether utimensat is declared without a macro... (cached) yes
checking whether waitpid is declared without a macro... yes
checking whether chdir is declared without a macro... yes
checking whether chown is declared without a macro... yes
checking whether dup is declared without a macro... yes
checking whether dup2 is declared without a macro... yes
checking whether dup3 is declared without a macro... no
checking whether environ is declared without a macro... no
checking whether euidaccess is declared without a macro... no
checking whether faccessat is declared without a macro... yes
checking whether fchdir is declared without a macro... yes
checking whether fchownat is declared without a macro... yes
checking whether fdatasync is declared without a macro... no
checking whether fsync is declared without a macro... yes
checking whether ftruncate is declared without a macro... yes
checking whether getcwd is declared without a macro... yes
checking whether getdomainname is declared without a macro... yes
checking whether getdtablesize is declared without a macro... yes
checking whether getgroups is declared without a macro... yes
checking whether gethostname is declared without a macro... yes
checking whether getlogin is declared without a macro... yes
checking whether getlogin_r is declared without a macro... yes
checking whether getpagesize is declared without a macro... yes
checking whether getusershell is declared without a macro... yes
checking whether setusershell is declared without a macro... yes
checking whether endusershell is declared without a macro... yes
checking whether group_member is declared without a macro... no
checking whether isatty is declared without a macro... yes
checking whether lchown is declared without a macro... yes
checking whether link is declared without a macro... yes
checking whether linkat is declared without a macro... yes
checking whether lseek is declared without a macro... yes
checking whether pipe is declared without a macro... yes
checking whether pipe2 is declared without a macro... no
checking whether pread is declared without a macro... yes
checking whether pwrite is declared without a macro... yes
checking whether readlink is declared without a macro... yes
checking whether readlinkat is declared without a macro... yes
checking whether rmdir is declared without a macro... yes
checking whether sethostname is declared without a macro... yes
checking whether sleep is declared without a macro... yes
checking whether symlink is declared without a macro... yes
checking whether symlinkat is declared without a macro... yes
checking whether ttyname_r is declared without a macro... yes
checking whether unlink is declared without a macro... yes
checking whether unlinkat is declared without a macro... yes
checking whether usleep is declared without a macro... yes
checking whether unlink honors trailing slashes... no
checking whether unlink of a parent directory fails as it should... yes
checking for unsetenv... yes
checking for unsetenv() return type... int
checking whether unsetenv obeys POSIX... yes
checking for ptrdiff_t... (cached) yes
checking for ptrdiff_t... (cached) yes
checking for vsnprintf... yes
checking whether snprintf respects a size of 1... (cached) yes
checking whether printf supports POSIX/XSI format strings with positions... (cached) yes
checking for vsnprintf... (cached) yes
checking whether snprintf truncates the result as in C99... (cached) yes
checking whether snprintf fully supports the 'n' directive... (cached) no
checking whether snprintf respects a size of 1... (cached) yes
checking whether vsnprintf respects a zero size as in C99... (cached) yes
checking for ptrdiff_t... (cached) yes
checking for ptrdiff_t... (cached) yes
checking for waitid... yes
checking whether btowc is declared without a macro... yes
checking whether wctob is declared without a macro... yes
checking whether mbsinit is declared without a macro... yes
checking whether mbrtowc is declared without a macro... yes
checking whether mbrlen is declared without a macro... yes
checking whether mbsrtowcs is declared without a macro... yes
checking whether mbsnrtowcs is declared without a macro... yes
checking whether wcrtomb is declared without a macro... yes
checking whether wcsrtombs is declared without a macro... yes
checking whether wcsnrtombs is declared without a macro... yes
checking whether wcwidth is declared without a macro... yes
checking whether wmemchr is declared without a macro... yes
checking whether wmemcmp is declared without a macro... yes
checking whether wmemcpy is declared without a macro... yes
checking whether wmemmove is declared without a macro... yes
checking whether wmemset is declared without a macro... yes
checking whether wcslen is declared without a macro... yes
checking whether wcsnlen is declared without a macro... yes
checking whether wcscpy is declared without a macro... yes
checking whether wcpcpy is declared without a macro... yes
checking whether wcsncpy is declared without a macro... yes
checking whether wcpncpy is declared without a macro... yes
checking whether wcscat is declared without a macro... yes
checking whether wcsncat is declared without a macro... yes
checking whether wcscmp is declared without a macro... yes
checking whether wcsncmp is declared without a macro... yes
checking whether wcscasecmp is declared without a macro... yes
checking whether wcsncasecmp is declared without a macro... yes
checking whether wcscoll is declared without a macro... yes
checking whether wcsxfrm is declared without a macro... yes
checking whether wcsdup is declared without a macro... yes
checking whether wcschr is declared without a macro... yes
checking whether wcsrchr is declared without a macro... yes
checking whether wcscspn is declared without a macro... yes
checking whether wcsspn is declared without a macro... yes
checking whether wcspbrk is declared without a macro... yes
checking whether wcsstr is declared without a macro... yes
checking whether wcstok is declared without a macro... yes
checking whether wcswidth is declared without a macro... yes
checking whether iswcntrl works... yes
checking for towlower... yes
checking for wctype_t... yes
checking for wctrans_t... yes
checking whether wctype is declared without a macro... yes
checking whether iswctype is declared without a macro... yes
checking whether wctrans is declared without a macro... yes
checking whether towctrans is declared without a macro... yes
checking whether wcwidth is declared... (cached) yes
checking whether wcwidth works reasonably in UTF-8 locales... no
checking for stdint.h... (cached) yes
checking if malloc debugging is wanted... no
checking for sys/time.h... (cached) yes
checking sys/times.h usability... yes
checking sys/times.h presence... yes
checking for sys/times.h... yes
checking for sys/resource.h... yes
checking for times... yes
checking whether getrusage is declared... yes
checking whether times is declared... yes
checking whether clock is declared... yes
checking whether sysconf is declared... yes
checking for clock_t... yes
checking for struct tms... yes
checking whether NLS is requested... yes
checking for msgfmt... /Users/chenjie/Documents/git/cerbero/build/build-tools/bin/msgfmt
checking for gmsgfmt... /Users/chenjie/Documents/git/cerbero/build/build-tools/bin/msgfmt
checking for xgettext... /Users/chenjie/Documents/git/cerbero/build/build-tools/bin/xgettext
checking for msgmerge... /Users/chenjie/Documents/git/cerbero/build/build-tools/bin/msgmerge
checking for CFPreferencesCopyAppValue... yes
checking for CFLocaleCopyCurrent... yes
checking for GNU gettext in libc... no
checking for iconv... yes
checking for working iconv... yes
checking how to link with libiconv... -liconv
checking for GNU gettext in libintl... yes
checking whether to use NLS... yes
checking where the gettext function comes from... external libintl
checking how to link with libintl... -lintl -liconv -lc -Wl,-framework -Wl,CoreFoundation
checking for valgrind... no
checking for Java compiler... no
checking for Java virtual machine... no
checking that generated files are newer than configure... done
configure: creating ./config.status
config.status: creating javacomp.sh
config.status: creating javaexec.sh
config.status: creating runtime-po/Makefile.in
config.status: creating etc/bench.pl
config.status: creating tests/atlocal
config.status: creating tests/bison
config.status: creating Makefile
config.status: creating po/Makefile.in
config.status: creating doc/yacc.1
config.status: creating lib/config.h
config.status: executing depfiles commands
config.status: executing po-directories commands
config.status: creating runtime-po/POTFILES
config.status: creating runtime-po/Makefile
config.status: creating po/POTFILES
config.status: creating po/Makefile
config.status: executing tests/atconfig commands
configure: WARNING: unrecognized options: --disable-maintainer-mode, --enable-introspection
