Running command 'make'
Scanning dependencies of target cmsys
[  0%] Building C object Source/kwsys/CMakeFiles/cmsys.dir/ProcessUNIX.c.o
[  0%] Building C object Source/kwsys/CMakeFiles/cmsys.dir/Base64.c.o
[  0%] Building C object Source/kwsys/CMakeFiles/cmsys.dir/EncodingC.c.o
[  1%] Building C object Source/kwsys/CMakeFiles/cmsys.dir/MD5.c.o
[  1%] Building C object Source/kwsys/CMakeFiles/cmsys.dir/Terminal.c.o
[  1%] Building C object Source/kwsys/CMakeFiles/cmsys.dir/System.c.o
[  1%] Building C object Source/kwsys/CMakeFiles/cmsys.dir/String.c.o
[  1%] Building CXX object Source/kwsys/CMakeFiles/cmsys.dir/Directory.cxx.o
[  1%] Building CXX object Source/kwsys/CMakeFiles/cmsys.dir/DynamicLoader.cxx.o
[  1%] Building CXX object Source/kwsys/CMakeFiles/cmsys.dir/EncodingCXX.cxx.o
[  2%] Building CXX object Source/kwsys/CMakeFiles/cmsys.dir/Glob.cxx.o
[  2%] Building CXX object Source/kwsys/CMakeFiles/cmsys.dir/RegularExpression.cxx.o
[  2%] Building CXX object Source/kwsys/CMakeFiles/cmsys.dir/SystemTools.cxx.o
/Users/chenjie/Documents/git/cerbero/build/sources/build-tools/cmake-3.7.1/Source/kwsys/SystemTools.cxx:1485:6: warning: 'utimensat' is only available on macOS 10.13 or newer [-Wunguarded-availability-new]
  if(utimensat(AT_FDCWD, filename.c_str(), times, 0) < 0)
     ^~~~~~~~~
/Applications/Xcode.app/Contents/Developer/Platforms/MacOSX.platform/Developer/SDKs/MacOSX10.14.sdk/usr/include/sys/stat.h:374:9: note: 'utimensat' has been marked as being introduced in macOS 10.13 here, but the deployment target is macOS 10.10.0
int     utimensat(int __fd, const char *__path, const struct timespec __times[2],
        ^
/Users/chenjie/Documents/git/cerbero/build/sources/build-tools/cmake-3.7.1/Source/kwsys/SystemTools.cxx:1485:6: note: enclose 'utimensat' in a __builtin_available check to silence this warning
  if(utimensat(AT_FDCWD, filename.c_str(), times, 0) < 0)
     ^~~~~~~~~
1 warning generated.
[  2%] Building CXX object Source/kwsys/CMakeFiles/cmsys.dir/CommandLineArguments.cxx.o
[  2%] Building CXX object Source/kwsys/CMakeFiles/cmsys.dir/IOStream.cxx.o
[  2%] Building CXX object Source/kwsys/CMakeFiles/cmsys.dir/FStream.cxx.o
[  2%] Building CXX object Source/kwsys/CMakeFiles/cmsys.dir/SystemInformation.cxx.o
[  2%] Linking CXX static library libcmsys.a
[  2%] Built target cmsys
Scanning dependencies of target cmsysTestDynload
[  3%] Building C object Source/kwsys/CMakeFiles/cmsysTestDynload.dir/testDynload.c.o
[  3%] Linking C shared module libcmsysTestDynload.so
[  3%] Built target cmsysTestDynload
Scanning dependencies of target cmsys_c
[  4%] Building C object Source/kwsys/CMakeFiles/cmsys_c.dir/ProcessUNIX.c.o
[  4%] Building C object Source/kwsys/CMakeFiles/cmsys_c.dir/Base64.c.o
[  4%] Building C object Source/kwsys/CMakeFiles/cmsys_c.dir/EncodingC.c.o
[  4%] Building C object Source/kwsys/CMakeFiles/cmsys_c.dir/MD5.c.o
[  4%] Building C object Source/kwsys/CMakeFiles/cmsys_c.dir/Terminal.c.o
[  4%] Building C object Source/kwsys/CMakeFiles/cmsys_c.dir/System.c.o
[  4%] Building C object Source/kwsys/CMakeFiles/cmsys_c.dir/String.c.o
[  5%] Linking C static library libcmsys_c.a
[  5%] Built target cmsys_c
Scanning dependencies of target cmsysTestProcess
[  5%] Building C object Source/kwsys/CMakeFiles/cmsysTestProcess.dir/testProcess.c.o
[  5%] Linking C executable cmsysTestProcess
[  5%] Built target cmsysTestProcess
Scanning dependencies of target cmsysTestSharedForward
[  5%] Building C object Source/kwsys/CMakeFiles/cmsysTestSharedForward.dir/testSharedForward.c.o
[  5%] Linking C executable cmsysTestSharedForward
[  5%] Built target cmsysTestSharedForward
Scanning dependencies of target cmsysTestsC
[  5%] Building C object Source/kwsys/CMakeFiles/cmsysTestsC.dir/cmsysTestsC.c.o
[  6%] Building C object Source/kwsys/CMakeFiles/cmsysTestsC.dir/testEncode.c.o
[  6%] Building C object Source/kwsys/CMakeFiles/cmsysTestsC.dir/testTerminal.c.o
[  6%] Linking C executable cmsysTestsC
[  6%] Built target cmsysTestsC
Scanning dependencies of target cmsysTestsCxx
[  6%] Building CXX object Source/kwsys/CMakeFiles/cmsysTestsCxx.dir/cmsysTestsCxx.cxx.o
[  6%] Building CXX object Source/kwsys/CMakeFiles/cmsysTestsCxx.dir/testHashSTL.cxx.o
[  6%] Building CXX object Source/kwsys/CMakeFiles/cmsysTestsCxx.dir/testIOS.cxx.o
[  6%] Building CXX object Source/kwsys/CMakeFiles/cmsysTestsCxx.dir/testSystemTools.cxx.o
[  6%] Building CXX object Source/kwsys/CMakeFiles/cmsysTestsCxx.dir/testCommandLineArguments.cxx.o
[  7%] Building CXX object Source/kwsys/CMakeFiles/cmsysTestsCxx.dir/testCommandLineArguments1.cxx.o
[  7%] Building CXX object Source/kwsys/CMakeFiles/cmsysTestsCxx.dir/testEncoding.cxx.o
[  7%] Building CXX object Source/kwsys/CMakeFiles/cmsysTestsCxx.dir/testFStream.cxx.o
[  7%] Building CXX object Source/kwsys/CMakeFiles/cmsysTestsCxx.dir/testConsoleBuf.cxx.o
[  7%] Building CXX object Source/kwsys/CMakeFiles/cmsysTestsCxx.dir/testSystemInformation.cxx.o
[  7%] Building CXX object Source/kwsys/CMakeFiles/cmsysTestsCxx.dir/testDynamicLoader.cxx.o
[  7%] Linking CXX executable cmsysTestsCxx
[  7%] Built target cmsysTestsCxx
Scanning dependencies of target testConsoleBufChild
[  7%] Building CXX object Source/kwsys/CMakeFiles/testConsoleBufChild.dir/testConsoleBufChild.cxx.o
[  8%] Linking CXX executable testConsoleBufChild
[  8%] Built target testConsoleBufChild
Scanning dependencies of target kwiml_test
[  8%] Building C object Utilities/KWIML/test/CMakeFiles/kwiml_test.dir/test.c.o
[  8%] Building C object Utilities/KWIML/test/CMakeFiles/kwiml_test.dir/test_abi_C.c.o
[  8%] Building C object Utilities/KWIML/test/CMakeFiles/kwiml_test.dir/test_int_C.c.o
[  8%] Building C object Utilities/KWIML/test/CMakeFiles/kwiml_test.dir/test_include_C.c.o
[  9%] Building CXX object Utilities/KWIML/test/CMakeFiles/kwiml_test.dir/test_abi_CXX.cxx.o
[  9%] Building CXX object Utilities/KWIML/test/CMakeFiles/kwiml_test.dir/test_int_CXX.cxx.o
[  9%] Building CXX object Utilities/KWIML/test/CMakeFiles/kwiml_test.dir/test_include_CXX.cxx.o
[  9%] Linking CXX executable kwiml_test
[  9%] Built target kwiml_test
Scanning dependencies of target cmzlib
[  9%] Building C object Utilities/cmzlib/CMakeFiles/cmzlib.dir/adler32.c.o
[  9%] Building C object Utilities/cmzlib/CMakeFiles/cmzlib.dir/compress.c.o
[  9%] Building C object Utilities/cmzlib/CMakeFiles/cmzlib.dir/crc32.c.o
[  9%] Building C object Utilities/cmzlib/CMakeFiles/cmzlib.dir/deflate.c.o
[  9%] Building C object Utilities/cmzlib/CMakeFiles/cmzlib.dir/gzio.c.o
[  9%] Building C object Utilities/cmzlib/CMakeFiles/cmzlib.dir/inffast.c.o
[  9%] Building C object Utilities/cmzlib/CMakeFiles/cmzlib.dir/inflate.c.o
[ 10%] Building C object Utilities/cmzlib/CMakeFiles/cmzlib.dir/inftrees.c.o
[ 10%] Building C object Utilities/cmzlib/CMakeFiles/cmzlib.dir/trees.c.o
[ 10%] Building C object Utilities/cmzlib/CMakeFiles/cmzlib.dir/uncompr.c.o
[ 10%] Building C object Utilities/cmzlib/CMakeFiles/cmzlib.dir/zutil.c.o
[ 10%] Linking C static library libcmzlib.a
[ 10%] Built target cmzlib
Scanning dependencies of target cmcurl
[ 10%] Building C object Utilities/cmcurl/lib/CMakeFiles/cmcurl.dir/file.c.o
[ 10%] Building C object Utilities/cmcurl/lib/CMakeFiles/cmcurl.dir/timeval.c.o
[ 11%] Building C object Utilities/cmcurl/lib/CMakeFiles/cmcurl.dir/base64.c.o
[ 11%] Building C object Utilities/cmcurl/lib/CMakeFiles/cmcurl.dir/hostip.c.o
[ 11%] Building C object Utilities/cmcurl/lib/CMakeFiles/cmcurl.dir/progress.c.o
[ 11%] Building C object Utilities/cmcurl/lib/CMakeFiles/cmcurl.dir/formdata.c.o
[ 11%] Building C object Utilities/cmcurl/lib/CMakeFiles/cmcurl.dir/cookie.c.o
[ 11%] Building C object Utilities/cmcurl/lib/CMakeFiles/cmcurl.dir/http.c.o
[ 11%] Building C object Utilities/cmcurl/lib/CMakeFiles/cmcurl.dir/sendf.c.o
[ 12%] Building C object Utilities/cmcurl/lib/CMakeFiles/cmcurl.dir/ftp.c.o
[ 12%] Building C object Utilities/cmcurl/lib/CMakeFiles/cmcurl.dir/url.c.o
[ 12%] Building C object Utilities/cmcurl/lib/CMakeFiles/cmcurl.dir/dict.c.o
[ 12%] Building C object Utilities/cmcurl/lib/CMakeFiles/cmcurl.dir/if2ip.c.o
[ 12%] Building C object Utilities/cmcurl/lib/CMakeFiles/cmcurl.dir/speedcheck.c.o
[ 12%] Building C object Utilities/cmcurl/lib/CMakeFiles/cmcurl.dir/ldap.c.o
[ 12%] Building C object Utilities/cmcurl/lib/CMakeFiles/cmcurl.dir/version.c.o
[ 12%] Building C object Utilities/cmcurl/lib/CMakeFiles/cmcurl.dir/getenv.c.o
[ 13%] Building C object Utilities/cmcurl/lib/CMakeFiles/cmcurl.dir/escape.c.o
[ 13%] Building C object Utilities/cmcurl/lib/CMakeFiles/cmcurl.dir/mprintf.c.o
[ 13%] Building C object Utilities/cmcurl/lib/CMakeFiles/cmcurl.dir/telnet.c.o
[ 13%] Building C object Utilities/cmcurl/lib/CMakeFiles/cmcurl.dir/netrc.c.o
[ 13%] Building C object Utilities/cmcurl/lib/CMakeFiles/cmcurl.dir/getinfo.c.o
[ 13%] Building C object Utilities/cmcurl/lib/CMakeFiles/cmcurl.dir/transfer.c.o
[ 13%] Building C object Utilities/cmcurl/lib/CMakeFiles/cmcurl.dir/strequal.c.o
[ 14%] Building C object Utilities/cmcurl/lib/CMakeFiles/cmcurl.dir/easy.c.o
[ 14%] Building C object Utilities/cmcurl/lib/CMakeFiles/cmcurl.dir/security.c.o
[ 14%] Building C object Utilities/cmcurl/lib/CMakeFiles/cmcurl.dir/curl_fnmatch.c.o
[ 14%] Building C object Utilities/cmcurl/lib/CMakeFiles/cmcurl.dir/fileinfo.c.o
[ 14%] Building C object Utilities/cmcurl/lib/CMakeFiles/cmcurl.dir/ftplistparser.c.o
[ 14%] Building C object Utilities/cmcurl/lib/CMakeFiles/cmcurl.dir/wildcard.c.o
[ 14%] Building C object Utilities/cmcurl/lib/CMakeFiles/cmcurl.dir/krb5.c.o
[ 15%] Building C object Utilities/cmcurl/lib/CMakeFiles/cmcurl.dir/memdebug.c.o
[ 15%] Building C object Utilities/cmcurl/lib/CMakeFiles/cmcurl.dir/http_chunks.c.o
[ 15%] Building C object Utilities/cmcurl/lib/CMakeFiles/cmcurl.dir/strtok.c.o
[ 15%] Building C object Utilities/cmcurl/lib/CMakeFiles/cmcurl.dir/connect.c.o
[ 15%] Building C object Utilities/cmcurl/lib/CMakeFiles/cmcurl.dir/llist.c.o
[ 15%] Building C object Utilities/cmcurl/lib/CMakeFiles/cmcurl.dir/hash.c.o
[ 15%] Building C object Utilities/cmcurl/lib/CMakeFiles/cmcurl.dir/multi.c.o
[ 15%] Building C object Utilities/cmcurl/lib/CMakeFiles/cmcurl.dir/content_encoding.c.o
[ 16%] Building C object Utilities/cmcurl/lib/CMakeFiles/cmcurl.dir/share.c.o
[ 16%] Building C object Utilities/cmcurl/lib/CMakeFiles/cmcurl.dir/http_digest.c.o
[ 16%] Building C object Utilities/cmcurl/lib/CMakeFiles/cmcurl.dir/md4.c.o
[ 16%] Building C object Utilities/cmcurl/lib/CMakeFiles/cmcurl.dir/md5.c.o
[ 16%] Building C object Utilities/cmcurl/lib/CMakeFiles/cmcurl.dir/http_negotiate.c.o
[ 16%] Building C object Utilities/cmcurl/lib/CMakeFiles/cmcurl.dir/inet_pton.c.o
[ 16%] Building C object Utilities/cmcurl/lib/CMakeFiles/cmcurl.dir/strtoofft.c.o
[ 17%] Building C object Utilities/cmcurl/lib/CMakeFiles/cmcurl.dir/strerror.c.o
[ 17%] Building C object Utilities/cmcurl/lib/CMakeFiles/cmcurl.dir/amigaos.c.o
[ 17%] Building C object Utilities/cmcurl/lib/CMakeFiles/cmcurl.dir/hostasyn.c.o
[ 17%] Building C object Utilities/cmcurl/lib/CMakeFiles/cmcurl.dir/hostip4.c.o
[ 17%] Building C object Utilities/cmcurl/lib/CMakeFiles/cmcurl.dir/hostip6.c.o
[ 17%] Building C object Utilities/cmcurl/lib/CMakeFiles/cmcurl.dir/hostsyn.c.o
[ 17%] Building C object Utilities/cmcurl/lib/CMakeFiles/cmcurl.dir/inet_ntop.c.o
[ 17%] Building C object Utilities/cmcurl/lib/CMakeFiles/cmcurl.dir/parsedate.c.o
[ 18%] Building C object Utilities/cmcurl/lib/CMakeFiles/cmcurl.dir/select.c.o
[ 18%] Building C object Utilities/cmcurl/lib/CMakeFiles/cmcurl.dir/tftp.c.o
[ 18%] Building C object Utilities/cmcurl/lib/CMakeFiles/cmcurl.dir/splay.c.o
[ 18%] Building C object Utilities/cmcurl/lib/CMakeFiles/cmcurl.dir/strdup.c.o
[ 18%] Building C object Utilities/cmcurl/lib/CMakeFiles/cmcurl.dir/socks.c.o
[ 18%] Building C object Utilities/cmcurl/lib/CMakeFiles/cmcurl.dir/ssh.c.o
[ 18%] Building C object Utilities/cmcurl/lib/CMakeFiles/cmcurl.dir/rawstr.c.o
[ 19%] Building C object Utilities/cmcurl/lib/CMakeFiles/cmcurl.dir/curl_addrinfo.c.o
[ 19%] Building C object Utilities/cmcurl/lib/CMakeFiles/cmcurl.dir/socks_gssapi.c.o
[ 19%] Building C object Utilities/cmcurl/lib/CMakeFiles/cmcurl.dir/socks_sspi.c.o
[ 19%] Building C object Utilities/cmcurl/lib/CMakeFiles/cmcurl.dir/curl_sspi.c.o
[ 19%] Building C object Utilities/cmcurl/lib/CMakeFiles/cmcurl.dir/slist.c.o
[ 19%] Building C object Utilities/cmcurl/lib/CMakeFiles/cmcurl.dir/nonblock.c.o
[ 19%] Building C object Utilities/cmcurl/lib/CMakeFiles/cmcurl.dir/curl_memrchr.c.o
[ 19%] Building C object Utilities/cmcurl/lib/CMakeFiles/cmcurl.dir/imap.c.o
[ 20%] Building C object Utilities/cmcurl/lib/CMakeFiles/cmcurl.dir/pop3.c.o
[ 20%] Building C object Utilities/cmcurl/lib/CMakeFiles/cmcurl.dir/smtp.c.o
[ 20%] Building C object Utilities/cmcurl/lib/CMakeFiles/cmcurl.dir/pingpong.c.o
[ 20%] Building C object Utilities/cmcurl/lib/CMakeFiles/cmcurl.dir/rtsp.c.o
[ 20%] Building C object Utilities/cmcurl/lib/CMakeFiles/cmcurl.dir/curl_threads.c.o
[ 20%] Building C object Utilities/cmcurl/lib/CMakeFiles/cmcurl.dir/warnless.c.o
[ 20%] Building C object Utilities/cmcurl/lib/CMakeFiles/cmcurl.dir/hmac.c.o
[ 21%] Building C object Utilities/cmcurl/lib/CMakeFiles/cmcurl.dir/curl_rtmp.c.o
[ 21%] Building C object Utilities/cmcurl/lib/CMakeFiles/cmcurl.dir/openldap.c.o
[ 21%] Building C object Utilities/cmcurl/lib/CMakeFiles/cmcurl.dir/curl_gethostname.c.o
[ 21%] Building C object Utilities/cmcurl/lib/CMakeFiles/cmcurl.dir/gopher.c.o
[ 21%] Building C object Utilities/cmcurl/lib/CMakeFiles/cmcurl.dir/idn_win32.c.o
[ 21%] Building C object Utilities/cmcurl/lib/CMakeFiles/cmcurl.dir/http_proxy.c.o
[ 21%] Building C object Utilities/cmcurl/lib/CMakeFiles/cmcurl.dir/non-ascii.c.o
[ 22%] Building C object Utilities/cmcurl/lib/CMakeFiles/cmcurl.dir/asyn-ares.c.o
[ 22%] Building C object Utilities/cmcurl/lib/CMakeFiles/cmcurl.dir/asyn-thread.c.o
[ 22%] Building C object Utilities/cmcurl/lib/CMakeFiles/cmcurl.dir/curl_gssapi.c.o
[ 22%] Building C object Utilities/cmcurl/lib/CMakeFiles/cmcurl.dir/http_ntlm.c.o
[ 22%] Building C object Utilities/cmcurl/lib/CMakeFiles/cmcurl.dir/curl_ntlm_wb.c.o
[ 22%] Building C object Utilities/cmcurl/lib/CMakeFiles/cmcurl.dir/curl_ntlm_core.c.o
[ 22%] Building C object Utilities/cmcurl/lib/CMakeFiles/cmcurl.dir/curl_sasl.c.o
[ 22%] Building C object Utilities/cmcurl/lib/CMakeFiles/cmcurl.dir/curl_multibyte.c.o
[ 23%] Building C object Utilities/cmcurl/lib/CMakeFiles/cmcurl.dir/hostcheck.c.o
[ 23%] Building C object Utilities/cmcurl/lib/CMakeFiles/cmcurl.dir/conncache.c.o
[ 23%] Building C object Utilities/cmcurl/lib/CMakeFiles/cmcurl.dir/pipeline.c.o
[ 23%] Building C object Utilities/cmcurl/lib/CMakeFiles/cmcurl.dir/dotdot.c.o
[ 23%] Building C object Utilities/cmcurl/lib/CMakeFiles/cmcurl.dir/x509asn1.c.o
[ 23%] Building C object Utilities/cmcurl/lib/CMakeFiles/cmcurl.dir/http2.c.o
[ 23%] Building C object Utilities/cmcurl/lib/CMakeFiles/cmcurl.dir/smb.c.o
[ 24%] Building C object Utilities/cmcurl/lib/CMakeFiles/cmcurl.dir/curl_endian.c.o
[ 24%] Building C object Utilities/cmcurl/lib/CMakeFiles/cmcurl.dir/curl_des.c.o
[ 24%] Building C object Utilities/cmcurl/lib/CMakeFiles/cmcurl.dir/system_win32.c.o
[ 24%] Building C object Utilities/cmcurl/lib/CMakeFiles/cmcurl.dir/vauth/vauth.c.o
[ 24%] Building C object Utilities/cmcurl/lib/CMakeFiles/cmcurl.dir/vauth/cleartext.c.o
[ 24%] Building C object Utilities/cmcurl/lib/CMakeFiles/cmcurl.dir/vauth/cram.c.o
[ 24%] Building C object Utilities/cmcurl/lib/CMakeFiles/cmcurl.dir/vauth/digest.c.o
[ 24%] Building C object Utilities/cmcurl/lib/CMakeFiles/cmcurl.dir/vauth/digest_sspi.c.o
[ 25%] Building C object Utilities/cmcurl/lib/CMakeFiles/cmcurl.dir/vauth/krb5_gssapi.c.o
[ 25%] Building C object Utilities/cmcurl/lib/CMakeFiles/cmcurl.dir/vauth/krb5_sspi.c.o
[ 25%] Building C object Utilities/cmcurl/lib/CMakeFiles/cmcurl.dir/vauth/ntlm.c.o
[ 25%] Building C object Utilities/cmcurl/lib/CMakeFiles/cmcurl.dir/vauth/ntlm_sspi.c.o
[ 25%] Building C object Utilities/cmcurl/lib/CMakeFiles/cmcurl.dir/vauth/oauth2.c.o
[ 25%] Building C object Utilities/cmcurl/lib/CMakeFiles/cmcurl.dir/vauth/spnego_gssapi.c.o
[ 25%] Building C object Utilities/cmcurl/lib/CMakeFiles/cmcurl.dir/vauth/spnego_sspi.c.o
[ 26%] Building C object Utilities/cmcurl/lib/CMakeFiles/cmcurl.dir/vtls/openssl.c.o
[ 26%] Building C object Utilities/cmcurl/lib/CMakeFiles/cmcurl.dir/vtls/gtls.c.o
[ 26%] Building C object Utilities/cmcurl/lib/CMakeFiles/cmcurl.dir/vtls/vtls.c.o
[ 26%] Building C object Utilities/cmcurl/lib/CMakeFiles/cmcurl.dir/vtls/nss.c.o
[ 26%] Building C object Utilities/cmcurl/lib/CMakeFiles/cmcurl.dir/vtls/polarssl.c.o
[ 26%] Building C object Utilities/cmcurl/lib/CMakeFiles/cmcurl.dir/vtls/polarssl_threadlock.c.o
[ 26%] Building C object Utilities/cmcurl/lib/CMakeFiles/cmcurl.dir/vtls/axtls.c.o
[ 26%] Building C object Utilities/cmcurl/lib/CMakeFiles/cmcurl.dir/vtls/cyassl.c.o
[ 27%] Building C object Utilities/cmcurl/lib/CMakeFiles/cmcurl.dir/vtls/schannel.c.o
[ 27%] Building C object Utilities/cmcurl/lib/CMakeFiles/cmcurl.dir/vtls/darwinssl.c.o
[ 27%] Building C object Utilities/cmcurl/lib/CMakeFiles/cmcurl.dir/vtls/gskit.c.o
[ 27%] Building C object Utilities/cmcurl/lib/CMakeFiles/cmcurl.dir/vtls/mbedtls.c.o
[ 27%] Linking C static library libcmcurl.a
/Applications/Xcode.app/Contents/Developer/Toolchains/XcodeDefault.xctoolchain/usr/bin/ranlib: file: libcmcurl.a(dict.c.o) has no symbols
/Applications/Xcode.app/Contents/Developer/Toolchains/XcodeDefault.xctoolchain/usr/bin/ranlib: file: libcmcurl.a(ldap.c.o) has no symbols
/Applications/Xcode.app/Contents/Developer/Toolchains/XcodeDefault.xctoolchain/usr/bin/ranlib: file: libcmcurl.a(telnet.c.o) has no symbols
/Applications/Xcode.app/Contents/Developer/Toolchains/XcodeDefault.xctoolchain/usr/bin/ranlib: file: libcmcurl.a(security.c.o) has no symbols
/Applications/Xcode.app/Contents/Developer/Toolchains/XcodeDefault.xctoolchain/usr/bin/ranlib: file: libcmcurl.a(krb5.c.o) has no symbols
/Applications/Xcode.app/Contents/Developer/Toolchains/XcodeDefault.xctoolchain/usr/bin/ranlib: file: libcmcurl.a(memdebug.c.o) has no symbols
/Applications/Xcode.app/Contents/Developer/Toolchains/XcodeDefault.xctoolchain/usr/bin/ranlib: file: libcmcurl.a(strtok.c.o) has no symbols
/Applications/Xcode.app/Contents/Developer/Toolchains/XcodeDefault.xctoolchain/usr/bin/ranlib: file: libcmcurl.a(content_encoding.c.o) has no symbols
/Applications/Xcode.app/Contents/Developer/Toolchains/XcodeDefault.xctoolchain/usr/bin/ranlib: file: libcmcurl.a(md4.c.o) has no symbols
/Applications/Xcode.app/Contents/Developer/Toolchains/XcodeDefault.xctoolchain/usr/bin/ranlib: file: libcmcurl.a(http_negotiate.c.o) has no symbols
/Applications/Xcode.app/Contents/Developer/Toolchains/XcodeDefault.xctoolchain/usr/bin/ranlib: file: libcmcurl.a(inet_pton.c.o) has no symbols
/Applications/Xcode.app/Contents/Developer/Toolchains/XcodeDefault.xctoolchain/usr/bin/ranlib: file: libcmcurl.a(strtoofft.c.o) has no symbols
/Applications/Xcode.app/Contents/Developer/Toolchains/XcodeDefault.xctoolchain/usr/bin/ranlib: file: libcmcurl.a(amigaos.c.o) has no symbols
/Applications/Xcode.app/Contents/Developer/Toolchains/XcodeDefault.xctoolchain/usr/bin/ranlib: file: libcmcurl.a(hostasyn.c.o) has no symbols
/Applications/Xcode.app/Contents/Developer/Toolchains/XcodeDefault.xctoolchain/usr/bin/ranlib: file: libcmcurl.a(hostip6.c.o) has no symbols
/Applications/Xcode.app/Contents/Developer/Toolchains/XcodeDefault.xctoolchain/usr/bin/ranlib: file: libcmcurl.a(tftp.c.o) has no symbols
/Applications/Xcode.app/Contents/Developer/Toolchains/XcodeDefault.xctoolchain/usr/bin/ranlib: file: libcmcurl.a(ssh.c.o) has no symbols
/Applications/Xcode.app/Contents/Developer/Toolchains/XcodeDefault.xctoolchain/usr/bin/ranlib: file: libcmcurl.a(socks_gssapi.c.o) has no symbols
/Applications/Xcode.app/Contents/Developer/Toolchains/XcodeDefault.xctoolchain/usr/bin/ranlib: file: libcmcurl.a(socks_sspi.c.o) has no symbols
/Applications/Xcode.app/Contents/Developer/Toolchains/XcodeDefault.xctoolchain/usr/bin/ranlib: file: libcmcurl.a(curl_sspi.c.o) has no symbols
/Applications/Xcode.app/Contents/Developer/Toolchains/XcodeDefault.xctoolchain/usr/bin/ranlib: file: libcmcurl.a(imap.c.o) has no symbols
/Applications/Xcode.app/Contents/Developer/Toolchains/XcodeDefault.xctoolchain/usr/bin/ranlib: file: libcmcurl.a(pop3.c.o) has no symbols
/Applications/Xcode.app/Contents/Developer/Toolchains/XcodeDefault.xctoolchain/usr/bin/ranlib: file: libcmcurl.a(smtp.c.o) has no symbols
/Applications/Xcode.app/Contents/Developer/Toolchains/XcodeDefault.xctoolchain/usr/bin/ranlib: file: libcmcurl.a(rtsp.c.o) has no symbols
/Applications/Xcode.app/Contents/Developer/Toolchains/XcodeDefault.xctoolchain/usr/bin/ranlib: file: libcmcurl.a(curl_threads.c.o) has no symbols
/Applications/Xcode.app/Contents/Developer/Toolchains/XcodeDefault.xctoolchain/usr/bin/ranlib: file: libcmcurl.a(curl_rtmp.c.o) has no symbols
/Applications/Xcode.app/Contents/Developer/Toolchains/XcodeDefault.xctoolchain/usr/bin/ranlib: file: libcmcurl.a(openldap.c.o) has no symbols
/Applications/Xcode.app/Contents/Developer/Toolchains/XcodeDefault.xctoolchain/usr/bin/ranlib: file: libcmcurl.a(gopher.c.o) has no symbols
/Applications/Xcode.app/Contents/Developer/Toolchains/XcodeDefault.xctoolchain/usr/bin/ranlib: file: libcmcurl.a(idn_win32.c.o) has no symbols
/Applications/Xcode.app/Contents/Developer/Toolchains/XcodeDefault.xctoolchain/usr/bin/ranlib: file: libcmcurl.a(non-ascii.c.o) has no symbols
/Applications/Xcode.app/Contents/Developer/Toolchains/XcodeDefault.xctoolchain/usr/bin/ranlib: file: libcmcurl.a(asyn-ares.c.o) has no symbols
/Applications/Xcode.app/Contents/Developer/Toolchains/XcodeDefault.xctoolchain/usr/bin/ranlib: file: libcmcurl.a(asyn-thread.c.o) has no symbols
/Applications/Xcode.app/Contents/Developer/Toolchains/XcodeDefault.xctoolchain/usr/bin/ranlib: file: libcmcurl.a(curl_gssapi.c.o) has no symbols
/Applications/Xcode.app/Contents/Developer/Toolchains/XcodeDefault.xctoolchain/usr/bin/ranlib: file: libcmcurl.a(curl_ntlm_wb.c.o) has no symbols
/Applications/Xcode.app/Contents/Developer/Toolchains/XcodeDefault.xctoolchain/usr/bin/ranlib: file: libcmcurl.a(curl_multibyte.c.o) has no symbols
/Applications/Xcode.app/Contents/Developer/Toolchains/XcodeDefault.xctoolchain/usr/bin/ranlib: file: libcmcurl.a(hostcheck.c.o) has no symbols
/Applications/Xcode.app/Contents/Developer/Toolchains/XcodeDefault.xctoolchain/usr/bin/ranlib: file: libcmcurl.a(x509asn1.c.o) has no symbols
/Applications/Xcode.app/Contents/Developer/Toolchains/XcodeDefault.xctoolchain/usr/bin/ranlib: file: libcmcurl.a(system_win32.c.o) has no symbols
/Applications/Xcode.app/Contents/Developer/Toolchains/XcodeDefault.xctoolchain/usr/bin/ranlib: file: libcmcurl.a(digest_sspi.c.o) has no symbols
/Applications/Xcode.app/Contents/Developer/Toolchains/XcodeDefault.xctoolchain/usr/bin/ranlib: file: libcmcurl.a(krb5_gssapi.c.o) has no symbols
/Applications/Xcode.app/Contents/Developer/Toolchains/XcodeDefault.xctoolchain/usr/bin/ranlib: file: libcmcurl.a(krb5_sspi.c.o) has no symbols
/Applications/Xcode.app/Contents/Developer/Toolchains/XcodeDefault.xctoolchain/usr/bin/ranlib: file: libcmcurl.a(ntlm_sspi.c.o) has no symbols
/Applications/Xcode.app/Contents/Developer/Toolchains/XcodeDefault.xctoolchain/usr/bin/ranlib: file: libcmcurl.a(spnego_gssapi.c.o) has no symbols
/Applications/Xcode.app/Contents/Developer/Toolchains/XcodeDefault.xctoolchain/usr/bin/ranlib: file: libcmcurl.a(spnego_sspi.c.o) has no symbols
/Applications/Xcode.app/Contents/Developer/Toolchains/XcodeDefault.xctoolchain/usr/bin/ranlib: file: libcmcurl.a(openssl.c.o) has no symbols
/Applications/Xcode.app/Contents/Developer/Toolchains/XcodeDefault.xctoolchain/usr/bin/ranlib: file: libcmcurl.a(gtls.c.o) has no symbols
/Applications/Xcode.app/Contents/Developer/Toolchains/XcodeDefault.xctoolchain/usr/bin/ranlib: file: libcmcurl.a(nss.c.o) has no symbols
/Applications/Xcode.app/Contents/Developer/Toolchains/XcodeDefault.xctoolchain/usr/bin/ranlib: file: libcmcurl.a(polarssl.c.o) has no symbols
/Applications/Xcode.app/Contents/Developer/Toolchains/XcodeDefault.xctoolchain/usr/bin/ranlib: file: libcmcurl.a(polarssl_threadlock.c.o) has no symbols
/Applications/Xcode.app/Contents/Developer/Toolchains/XcodeDefault.xctoolchain/usr/bin/ranlib: file: libcmcurl.a(axtls.c.o) has no symbols
/Applications/Xcode.app/Contents/Developer/Toolchains/XcodeDefault.xctoolchain/usr/bin/ranlib: file: libcmcurl.a(cyassl.c.o) has no symbols
/Applications/Xcode.app/Contents/Developer/Toolchains/XcodeDefault.xctoolchain/usr/bin/ranlib: file: libcmcurl.a(schannel.c.o) has no symbols
/Applications/Xcode.app/Contents/Developer/Toolchains/XcodeDefault.xctoolchain/usr/bin/ranlib: file: libcmcurl.a(gskit.c.o) has no symbols
/Applications/Xcode.app/Contents/Developer/Toolchains/XcodeDefault.xctoolchain/usr/bin/ranlib: file: libcmcurl.a(mbedtls.c.o) has no symbols
/Applications/Xcode.app/Contents/Developer/Toolchains/XcodeDefault.xctoolchain/usr/bin/ranlib: file: libcmcurl.a(dict.c.o) has no symbols
/Applications/Xcode.app/Contents/Developer/Toolchains/XcodeDefault.xctoolchain/usr/bin/ranlib: file: libcmcurl.a(ldap.c.o) has no symbols
/Applications/Xcode.app/Contents/Developer/Toolchains/XcodeDefault.xctoolchain/usr/bin/ranlib: file: libcmcurl.a(telnet.c.o) has no symbols
/Applications/Xcode.app/Contents/Developer/Toolchains/XcodeDefault.xctoolchain/usr/bin/ranlib: file: libcmcurl.a(security.c.o) has no symbols
/Applications/Xcode.app/Contents/Developer/Toolchains/XcodeDefault.xctoolchain/usr/bin/ranlib: file: libcmcurl.a(krb5.c.o) has no symbols
/Applications/Xcode.app/Contents/Developer/Toolchains/XcodeDefault.xctoolchain/usr/bin/ranlib: file: libcmcurl.a(memdebug.c.o) has no symbols
/Applications/Xcode.app/Contents/Developer/Toolchains/XcodeDefault.xctoolchain/usr/bin/ranlib: file: libcmcurl.a(strtok.c.o) has no symbols
/Applications/Xcode.app/Contents/Developer/Toolchains/XcodeDefault.xctoolchain/usr/bin/ranlib: file: libcmcurl.a(content_encoding.c.o) has no symbols
/Applications/Xcode.app/Contents/Developer/Toolchains/XcodeDefault.xctoolchain/usr/bin/ranlib: file: libcmcurl.a(md4.c.o) has no symbols
/Applications/Xcode.app/Contents/Developer/Toolchains/XcodeDefault.xctoolchain/usr/bin/ranlib: file: libcmcurl.a(http_negotiate.c.o) has no symbols
/Applications/Xcode.app/Contents/Developer/Toolchains/XcodeDefault.xctoolchain/usr/bin/ranlib: file: libcmcurl.a(inet_pton.c.o) has no symbols
/Applications/Xcode.app/Contents/Developer/Toolchains/XcodeDefault.xctoolchain/usr/bin/ranlib: file: libcmcurl.a(strtoofft.c.o) has no symbols
/Applications/Xcode.app/Contents/Developer/Toolchains/XcodeDefault.xctoolchain/usr/bin/ranlib: file: libcmcurl.a(amigaos.c.o) has no symbols
/Applications/Xcode.app/Contents/Developer/Toolchains/XcodeDefault.xctoolchain/usr/bin/ranlib: file: libcmcurl.a(hostasyn.c.o) has no symbols
/Applications/Xcode.app/Contents/Developer/Toolchains/XcodeDefault.xctoolchain/usr/bin/ranlib: file: libcmcurl.a(hostip6.c.o) has no symbols
/Applications/Xcode.app/Contents/Developer/Toolchains/XcodeDefault.xctoolchain/usr/bin/ranlib: file: libcmcurl.a(tftp.c.o) has no symbols
/Applications/Xcode.app/Contents/Developer/Toolchains/XcodeDefault.xctoolchain/usr/bin/ranlib: file: libcmcurl.a(ssh.c.o) has no symbols
/Applications/Xcode.app/Contents/Developer/Toolchains/XcodeDefault.xctoolchain/usr/bin/ranlib: file: libcmcurl.a(socks_gssapi.c.o) has no symbols
/Applications/Xcode.app/Contents/Developer/Toolchains/XcodeDefault.xctoolchain/usr/bin/ranlib: file: libcmcurl.a(socks_sspi.c.o) has no symbols
/Applications/Xcode.app/Contents/Developer/Toolchains/XcodeDefault.xctoolchain/usr/bin/ranlib: file: libcmcurl.a(curl_sspi.c.o) has no symbols
/Applications/Xcode.app/Contents/Developer/Toolchains/XcodeDefault.xctoolchain/usr/bin/ranlib: file: libcmcurl.a(imap.c.o) has no symbols
/Applications/Xcode.app/Contents/Developer/Toolchains/XcodeDefault.xctoolchain/usr/bin/ranlib: file: libcmcurl.a(pop3.c.o) has no symbols
/Applications/Xcode.app/Contents/Developer/Toolchains/XcodeDefault.xctoolchain/usr/bin/ranlib: file: libcmcurl.a(smtp.c.o) has no symbols
/Applications/Xcode.app/Contents/Developer/Toolchains/XcodeDefault.xctoolchain/usr/bin/ranlib: file: libcmcurl.a(rtsp.c.o) has no symbols
/Applications/Xcode.app/Contents/Developer/Toolchains/XcodeDefault.xctoolchain/usr/bin/ranlib: file: libcmcurl.a(curl_threads.c.o) has no symbols
/Applications/Xcode.app/Contents/Developer/Toolchains/XcodeDefault.xctoolchain/usr/bin/ranlib: file: libcmcurl.a(curl_rtmp.c.o) has no symbols
/Applications/Xcode.app/Contents/Developer/Toolchains/XcodeDefault.xctoolchain/usr/bin/ranlib: file: libcmcurl.a(openldap.c.o) has no symbols
/Applications/Xcode.app/Contents/Developer/Toolchains/XcodeDefault.xctoolchain/usr/bin/ranlib: file: libcmcurl.a(gopher.c.o) has no symbols
/Applications/Xcode.app/Contents/Developer/Toolchains/XcodeDefault.xctoolchain/usr/bin/ranlib: file: libcmcurl.a(idn_win32.c.o) has no symbols
/Applications/Xcode.app/Contents/Developer/Toolchains/XcodeDefault.xctoolchain/usr/bin/ranlib: file: libcmcurl.a(non-ascii.c.o) has no symbols
/Applications/Xcode.app/Contents/Developer/Toolchains/XcodeDefault.xctoolchain/usr/bin/ranlib: file: libcmcurl.a(asyn-ares.c.o) has no symbols
/Applications/Xcode.app/Contents/Developer/Toolchains/XcodeDefault.xctoolchain/usr/bin/ranlib: file: libcmcurl.a(asyn-thread.c.o) has no symbols
/Applications/Xcode.app/Contents/Developer/Toolchains/XcodeDefault.xctoolchain/usr/bin/ranlib: file: libcmcurl.a(curl_gssapi.c.o) has no symbols
/Applications/Xcode.app/Contents/Developer/Toolchains/XcodeDefault.xctoolchain/usr/bin/ranlib: file: libcmcurl.a(curl_ntlm_wb.c.o) has no symbols
/Applications/Xcode.app/Contents/Developer/Toolchains/XcodeDefault.xctoolchain/usr/bin/ranlib: file: libcmcurl.a(curl_multibyte.c.o) has no symbols
/Applications/Xcode.app/Contents/Developer/Toolchains/XcodeDefault.xctoolchain/usr/bin/ranlib: file: libcmcurl.a(hostcheck.c.o) has no symbols
/Applications/Xcode.app/Contents/Developer/Toolchains/XcodeDefault.xctoolchain/usr/bin/ranlib: file: libcmcurl.a(x509asn1.c.o) has no symbols
/Applications/Xcode.app/Contents/Developer/Toolchains/XcodeDefault.xctoolchain/usr/bin/ranlib: file: libcmcurl.a(system_win32.c.o) has no symbols
/Applications/Xcode.app/Contents/Developer/Toolchains/XcodeDefault.xctoolchain/usr/bin/ranlib: file: libcmcurl.a(digest_sspi.c.o) has no symbols
/Applications/Xcode.app/Contents/Developer/Toolchains/XcodeDefault.xctoolchain/usr/bin/ranlib: file: libcmcurl.a(krb5_gssapi.c.o) has no symbols
/Applications/Xcode.app/Contents/Developer/Toolchains/XcodeDefault.xctoolchain/usr/bin/ranlib: file: libcmcurl.a(krb5_sspi.c.o) has no symbols
/Applications/Xcode.app/Contents/Developer/Toolchains/XcodeDefault.xctoolchain/usr/bin/ranlib: file: libcmcurl.a(ntlm_sspi.c.o) has no symbols
/Applications/Xcode.app/Contents/Developer/Toolchains/XcodeDefault.xctoolchain/usr/bin/ranlib: file: libcmcurl.a(spnego_gssapi.c.o) has no symbols
/Applications/Xcode.app/Contents/Developer/Toolchains/XcodeDefault.xctoolchain/usr/bin/ranlib: file: libcmcurl.a(spnego_sspi.c.o) has no symbols
/Applications/Xcode.app/Contents/Developer/Toolchains/XcodeDefault.xctoolchain/usr/bin/ranlib: file: libcmcurl.a(openssl.c.o) has no symbols
/Applications/Xcode.app/Contents/Developer/Toolchains/XcodeDefault.xctoolchain/usr/bin/ranlib: file: libcmcurl.a(gtls.c.o) has no symbols
/Applications/Xcode.app/Contents/Developer/Toolchains/XcodeDefault.xctoolchain/usr/bin/ranlib: file: libcmcurl.a(nss.c.o) has no symbols
/Applications/Xcode.app/Contents/Developer/Toolchains/XcodeDefault.xctoolchain/usr/bin/ranlib: file: libcmcurl.a(polarssl.c.o) has no symbols
/Applications/Xcode.app/Contents/Developer/Toolchains/XcodeDefault.xctoolchain/usr/bin/ranlib: file: libcmcurl.a(polarssl_threadlock.c.o) has no symbols
/Applications/Xcode.app/Contents/Developer/Toolchains/XcodeDefault.xctoolchain/usr/bin/ranlib: file: libcmcurl.a(axtls.c.o) has no symbols
/Applications/Xcode.app/Contents/Developer/Toolchains/XcodeDefault.xctoolchain/usr/bin/ranlib: file: libcmcurl.a(cyassl.c.o) has no symbols
/Applications/Xcode.app/Contents/Developer/Toolchains/XcodeDefault.xctoolchain/usr/bin/ranlib: file: libcmcurl.a(schannel.c.o) has no symbols
/Applications/Xcode.app/Contents/Developer/Toolchains/XcodeDefault.xctoolchain/usr/bin/ranlib: file: libcmcurl.a(gskit.c.o) has no symbols
/Applications/Xcode.app/Contents/Developer/Toolchains/XcodeDefault.xctoolchain/usr/bin/ranlib: file: libcmcurl.a(mbedtls.c.o) has no symbols
[ 27%] Built target cmcurl
Scanning dependencies of target LIBCURL
[ 28%] Building C object Utilities/cmcurl/CMakeFiles/LIBCURL.dir/curltest.c.o
[ 28%] Linking C executable LIBCURL
[ 28%] Built target LIBCURL
Scanning dependencies of target cmcompress
[ 28%] Building C object Utilities/cmcompress/CMakeFiles/cmcompress.dir/cmcompress.c.o
[ 28%] Linking C static library libcmcompress.a
[ 28%] Built target cmcompress
Scanning dependencies of target cmbzip2
[ 28%] Building C object Utilities/cmbzip2/CMakeFiles/cmbzip2.dir/blocksort.c.o
[ 28%] Building C object Utilities/cmbzip2/CMakeFiles/cmbzip2.dir/huffman.c.o
[ 28%] Building C object Utilities/cmbzip2/CMakeFiles/cmbzip2.dir/crctable.c.o
[ 28%] Building C object Utilities/cmbzip2/CMakeFiles/cmbzip2.dir/randtable.c.o
[ 29%] Building C object Utilities/cmbzip2/CMakeFiles/cmbzip2.dir/compress.c.o
[ 29%] Building C object Utilities/cmbzip2/CMakeFiles/cmbzip2.dir/decompress.c.o
[ 29%] Building C object Utilities/cmbzip2/CMakeFiles/cmbzip2.dir/bzlib.c.o
[ 29%] Linking C static library libcmbzip2.a
[ 29%] Built target cmbzip2
Scanning dependencies of target cmliblzma
[ 29%] Building C object Utilities/cmliblzma/CMakeFiles/cmliblzma.dir/liblzma/check/check.c.o
[ 29%] Building C object Utilities/cmliblzma/CMakeFiles/cmliblzma.dir/liblzma/check/crc32_fast.c.o
[ 29%] Building C object Utilities/cmliblzma/CMakeFiles/cmliblzma.dir/liblzma/check/crc32_table.c.o
[ 29%] Building C object Utilities/cmliblzma/CMakeFiles/cmliblzma.dir/liblzma/check/crc64_fast.c.o
[ 30%] Building C object Utilities/cmliblzma/CMakeFiles/cmliblzma.dir/liblzma/check/crc64_table.c.o
[ 30%] Building C object Utilities/cmliblzma/CMakeFiles/cmliblzma.dir/liblzma/check/sha256.c.o
[ 30%] Building C object Utilities/cmliblzma/CMakeFiles/cmliblzma.dir/liblzma/common/alone_decoder.c.o
[ 30%] Building C object Utilities/cmliblzma/CMakeFiles/cmliblzma.dir/liblzma/common/alone_encoder.c.o
[ 30%] Building C object Utilities/cmliblzma/CMakeFiles/cmliblzma.dir/liblzma/common/auto_decoder.c.o
[ 30%] Building C object Utilities/cmliblzma/CMakeFiles/cmliblzma.dir/liblzma/common/block_buffer_decoder.c.o
[ 30%] Building C object Utilities/cmliblzma/CMakeFiles/cmliblzma.dir/liblzma/common/block_buffer_encoder.c.o
[ 30%] Building C object Utilities/cmliblzma/CMakeFiles/cmliblzma.dir/liblzma/common/block_decoder.c.o
[ 31%] Building C object Utilities/cmliblzma/CMakeFiles/cmliblzma.dir/liblzma/common/block_encoder.c.o
[ 31%] Building C object Utilities/cmliblzma/CMakeFiles/cmliblzma.dir/liblzma/common/block_header_decoder.c.o
[ 31%] Building C object Utilities/cmliblzma/CMakeFiles/cmliblzma.dir/liblzma/common/block_header_encoder.c.o
[ 31%] Building C object Utilities/cmliblzma/CMakeFiles/cmliblzma.dir/liblzma/common/block_util.c.o
[ 31%] Building C object Utilities/cmliblzma/CMakeFiles/cmliblzma.dir/liblzma/common/common.c.o
[ 31%] Building C object Utilities/cmliblzma/CMakeFiles/cmliblzma.dir/liblzma/common/easy_buffer_encoder.c.o
[ 31%] Building C object Utilities/cmliblzma/CMakeFiles/cmliblzma.dir/liblzma/common/easy_decoder_memusage.c.o
[ 32%] Building C object Utilities/cmliblzma/CMakeFiles/cmliblzma.dir/liblzma/common/easy_encoder.c.o
[ 32%] Building C object Utilities/cmliblzma/CMakeFiles/cmliblzma.dir/liblzma/common/easy_encoder_memusage.c.o
[ 32%] Building C object Utilities/cmliblzma/CMakeFiles/cmliblzma.dir/liblzma/common/easy_preset.c.o
[ 32%] Building C object Utilities/cmliblzma/CMakeFiles/cmliblzma.dir/liblzma/common/filter_buffer_decoder.c.o
[ 32%] Building C object Utilities/cmliblzma/CMakeFiles/cmliblzma.dir/liblzma/common/filter_buffer_encoder.c.o
[ 32%] Building C object Utilities/cmliblzma/CMakeFiles/cmliblzma.dir/liblzma/common/filter_common.c.o
[ 32%] Building C object Utilities/cmliblzma/CMakeFiles/cmliblzma.dir/liblzma/common/filter_decoder.c.o
[ 32%] Building C object Utilities/cmliblzma/CMakeFiles/cmliblzma.dir/liblzma/common/filter_encoder.c.o
[ 33%] Building C object Utilities/cmliblzma/CMakeFiles/cmliblzma.dir/liblzma/common/filter_flags_decoder.c.o
[ 33%] Building C object Utilities/cmliblzma/CMakeFiles/cmliblzma.dir/liblzma/common/filter_flags_encoder.c.o
[ 33%] Building C object Utilities/cmliblzma/CMakeFiles/cmliblzma.dir/liblzma/common/index.c.o
[ 33%] Building C object Utilities/cmliblzma/CMakeFiles/cmliblzma.dir/liblzma/common/index_decoder.c.o
[ 33%] Building C object Utilities/cmliblzma/CMakeFiles/cmliblzma.dir/liblzma/common/index_encoder.c.o
[ 33%] Building C object Utilities/cmliblzma/CMakeFiles/cmliblzma.dir/liblzma/common/index_hash.c.o
[ 33%] Building C object Utilities/cmliblzma/CMakeFiles/cmliblzma.dir/liblzma/common/stream_buffer_decoder.c.o
[ 34%] Building C object Utilities/cmliblzma/CMakeFiles/cmliblzma.dir/liblzma/common/stream_buffer_encoder.c.o
[ 34%] Building C object Utilities/cmliblzma/CMakeFiles/cmliblzma.dir/liblzma/common/stream_decoder.c.o
[ 34%] Building C object Utilities/cmliblzma/CMakeFiles/cmliblzma.dir/liblzma/common/stream_encoder.c.o
[ 34%] Building C object Utilities/cmliblzma/CMakeFiles/cmliblzma.dir/liblzma/common/stream_flags_common.c.o
[ 34%] Building C object Utilities/cmliblzma/CMakeFiles/cmliblzma.dir/liblzma/common/stream_flags_decoder.c.o
[ 34%] Building C object Utilities/cmliblzma/CMakeFiles/cmliblzma.dir/liblzma/common/stream_flags_encoder.c.o
[ 34%] Building C object Utilities/cmliblzma/CMakeFiles/cmliblzma.dir/liblzma/common/vli_decoder.c.o
[ 35%] Building C object Utilities/cmliblzma/CMakeFiles/cmliblzma.dir/liblzma/common/vli_encoder.c.o
[ 35%] Building C object Utilities/cmliblzma/CMakeFiles/cmliblzma.dir/liblzma/common/vli_size.c.o
[ 35%] Building C object Utilities/cmliblzma/CMakeFiles/cmliblzma.dir/liblzma/delta/delta_common.c.o
[ 35%] Building C object Utilities/cmliblzma/CMakeFiles/cmliblzma.dir/liblzma/delta/delta_decoder.c.o
[ 35%] Building C object Utilities/cmliblzma/CMakeFiles/cmliblzma.dir/liblzma/delta/delta_encoder.c.o
[ 35%] Building C object Utilities/cmliblzma/CMakeFiles/cmliblzma.dir/liblzma/lz/lz_decoder.c.o
[ 35%] Building C object Utilities/cmliblzma/CMakeFiles/cmliblzma.dir/liblzma/lz/lz_encoder.c.o
[ 35%] Building C object Utilities/cmliblzma/CMakeFiles/cmliblzma.dir/liblzma/lz/lz_encoder_mf.c.o
[ 36%] Building C object Utilities/cmliblzma/CMakeFiles/cmliblzma.dir/liblzma/lzma/fastpos_table.c.o
[ 36%] Building C object Utilities/cmliblzma/CMakeFiles/cmliblzma.dir/liblzma/lzma/lzma2_decoder.c.o
[ 36%] Building C object Utilities/cmliblzma/CMakeFiles/cmliblzma.dir/liblzma/lzma/lzma2_encoder.c.o
[ 36%] Building C object Utilities/cmliblzma/CMakeFiles/cmliblzma.dir/liblzma/lzma/lzma_decoder.c.o
[ 36%] Building C object Utilities/cmliblzma/CMakeFiles/cmliblzma.dir/liblzma/lzma/lzma_encoder.c.o
[ 36%] Building C object Utilities/cmliblzma/CMakeFiles/cmliblzma.dir/liblzma/lzma/lzma_encoder_optimum_fast.c.o
[ 36%] Building C object Utilities/cmliblzma/CMakeFiles/cmliblzma.dir/liblzma/lzma/lzma_encoder_optimum_normal.c.o
[ 37%] Building C object Utilities/cmliblzma/CMakeFiles/cmliblzma.dir/liblzma/lzma/lzma_encoder_presets.c.o
[ 37%] Building C object Utilities/cmliblzma/CMakeFiles/cmliblzma.dir/liblzma/rangecoder/price_table.c.o
[ 37%] Building C object Utilities/cmliblzma/CMakeFiles/cmliblzma.dir/liblzma/simple/arm.c.o
[ 37%] Building C object Utilities/cmliblzma/CMakeFiles/cmliblzma.dir/liblzma/simple/armthumb.c.o
[ 37%] Building C object Utilities/cmliblzma/CMakeFiles/cmliblzma.dir/liblzma/simple/ia64.c.o
[ 37%] Building C object Utilities/cmliblzma/CMakeFiles/cmliblzma.dir/liblzma/simple/powerpc.c.o
[ 37%] Building C object Utilities/cmliblzma/CMakeFiles/cmliblzma.dir/liblzma/simple/simple_coder.c.o
[ 37%] Building C object Utilities/cmliblzma/CMakeFiles/cmliblzma.dir/liblzma/simple/simple_decoder.c.o
[ 38%] Building C object Utilities/cmliblzma/CMakeFiles/cmliblzma.dir/liblzma/simple/simple_encoder.c.o
[ 38%] Building C object Utilities/cmliblzma/CMakeFiles/cmliblzma.dir/liblzma/simple/sparc.c.o
[ 38%] Building C object Utilities/cmliblzma/CMakeFiles/cmliblzma.dir/liblzma/simple/x86.c.o
[ 38%] Linking C static library libcmliblzma.a
[ 38%] Built target cmliblzma
Scanning dependencies of target cmlibarchive
[ 38%] Building C object Utilities/cmlibarchive/libarchive/CMakeFiles/cmlibarchive.dir/archive_acl.c.o
[ 38%] Building C object Utilities/cmlibarchive/libarchive/CMakeFiles/cmlibarchive.dir/archive_check_magic.c.o
[ 38%] Building C object Utilities/cmlibarchive/libarchive/CMakeFiles/cmlibarchive.dir/archive_cmdline.c.o
[ 38%] Building C object Utilities/cmlibarchive/libarchive/CMakeFiles/cmlibarchive.dir/archive_cryptor.c.o
[ 38%] Building C object Utilities/cmlibarchive/libarchive/CMakeFiles/cmlibarchive.dir/archive_digest.c.o
[ 38%] Building C object Utilities/cmlibarchive/libarchive/CMakeFiles/cmlibarchive.dir/archive_entry.c.o
[ 38%] Building C object Utilities/cmlibarchive/libarchive/CMakeFiles/cmlibarchive.dir/archive_entry_copy_stat.c.o
[ 39%] Building C object Utilities/cmlibarchive/libarchive/CMakeFiles/cmlibarchive.dir/archive_entry_link_resolver.c.o
[ 39%] Building C object Utilities/cmlibarchive/libarchive/CMakeFiles/cmlibarchive.dir/archive_entry_sparse.c.o
[ 39%] Building C object Utilities/cmlibarchive/libarchive/CMakeFiles/cmlibarchive.dir/archive_entry_stat.c.o
[ 39%] Building C object Utilities/cmlibarchive/libarchive/CMakeFiles/cmlibarchive.dir/archive_entry_strmode.c.o
[ 39%] Building C object Utilities/cmlibarchive/libarchive/CMakeFiles/cmlibarchive.dir/archive_entry_xattr.c.o
[ 39%] Building C object Utilities/cmlibarchive/libarchive/CMakeFiles/cmlibarchive.dir/archive_getdate.c.o
[ 39%] Building C object Utilities/cmlibarchive/libarchive/CMakeFiles/cmlibarchive.dir/archive_hmac.c.o
[ 40%] Building C object Utilities/cmlibarchive/libarchive/CMakeFiles/cmlibarchive.dir/archive_match.c.o
[ 40%] Building C object Utilities/cmlibarchive/libarchive/CMakeFiles/cmlibarchive.dir/archive_options.c.o
[ 40%] Building C object Utilities/cmlibarchive/libarchive/CMakeFiles/cmlibarchive.dir/archive_pack_dev.c.o
[ 40%] Building C object Utilities/cmlibarchive/libarchive/CMakeFiles/cmlibarchive.dir/archive_pathmatch.c.o
[ 40%] Building C object Utilities/cmlibarchive/libarchive/CMakeFiles/cmlibarchive.dir/archive_ppmd7.c.o
[ 40%] Building C object Utilities/cmlibarchive/libarchive/CMakeFiles/cmlibarchive.dir/archive_random.c.o
[ 40%] Building C object Utilities/cmlibarchive/libarchive/CMakeFiles/cmlibarchive.dir/archive_rb.c.o
[ 40%] Building C object Utilities/cmlibarchive/libarchive/CMakeFiles/cmlibarchive.dir/archive_read.c.o
[ 41%] Building C object Utilities/cmlibarchive/libarchive/CMakeFiles/cmlibarchive.dir/archive_read_add_passphrase.c.o
[ 41%] Building C object Utilities/cmlibarchive/libarchive/CMakeFiles/cmlibarchive.dir/archive_read_append_filter.c.o
[ 41%] Building C object Utilities/cmlibarchive/libarchive/CMakeFiles/cmlibarchive.dir/archive_read_data_into_fd.c.o
[ 41%] Building C object Utilities/cmlibarchive/libarchive/CMakeFiles/cmlibarchive.dir/archive_read_disk_entry_from_file.c.o
[ 41%] Building C object Utilities/cmlibarchive/libarchive/CMakeFiles/cmlibarchive.dir/archive_read_disk_posix.c.o
[ 41%] Building C object Utilities/cmlibarchive/libarchive/CMakeFiles/cmlibarchive.dir/archive_read_disk_set_standard_lookup.c.o
[ 41%] Building C object Utilities/cmlibarchive/libarchive/CMakeFiles/cmlibarchive.dir/archive_read_extract.c.o
[ 42%] Building C object Utilities/cmlibarchive/libarchive/CMakeFiles/cmlibarchive.dir/archive_read_extract2.c.o
[ 42%] Building C object Utilities/cmlibarchive/libarchive/CMakeFiles/cmlibarchive.dir/archive_read_open_fd.c.o
[ 42%] Building C object Utilities/cmlibarchive/libarchive/CMakeFiles/cmlibarchive.dir/archive_read_open_file.c.o
[ 42%] Building C object Utilities/cmlibarchive/libarchive/CMakeFiles/cmlibarchive.dir/archive_read_open_filename.c.o
[ 42%] Building C object Utilities/cmlibarchive/libarchive/CMakeFiles/cmlibarchive.dir/archive_read_open_memory.c.o
[ 42%] Building C object Utilities/cmlibarchive/libarchive/CMakeFiles/cmlibarchive.dir/archive_read_set_format.c.o
[ 42%] Building C object Utilities/cmlibarchive/libarchive/CMakeFiles/cmlibarchive.dir/archive_read_set_options.c.o
[ 42%] Building C object Utilities/cmlibarchive/libarchive/CMakeFiles/cmlibarchive.dir/archive_read_support_filter_all.c.o
[ 43%] Building C object Utilities/cmlibarchive/libarchive/CMakeFiles/cmlibarchive.dir/archive_read_support_filter_bzip2.c.o
[ 43%] Building C object Utilities/cmlibarchive/libarchive/CMakeFiles/cmlibarchive.dir/archive_read_support_filter_compress.c.o
[ 43%] Building C object Utilities/cmlibarchive/libarchive/CMakeFiles/cmlibarchive.dir/archive_read_support_filter_gzip.c.o
[ 43%] Building C object Utilities/cmlibarchive/libarchive/CMakeFiles/cmlibarchive.dir/archive_read_support_filter_grzip.c.o
[ 43%] Building C object Utilities/cmlibarchive/libarchive/CMakeFiles/cmlibarchive.dir/archive_read_support_filter_lrzip.c.o
[ 43%] Building C object Utilities/cmlibarchive/libarchive/CMakeFiles/cmlibarchive.dir/archive_read_support_filter_lz4.c.o
[ 43%] Building C object Utilities/cmlibarchive/libarchive/CMakeFiles/cmlibarchive.dir/archive_read_support_filter_lzop.c.o
[ 44%] Building C object Utilities/cmlibarchive/libarchive/CMakeFiles/cmlibarchive.dir/archive_read_support_filter_none.c.o
[ 44%] Building C object Utilities/cmlibarchive/libarchive/CMakeFiles/cmlibarchive.dir/archive_read_support_filter_program.c.o
[ 44%] Building C object Utilities/cmlibarchive/libarchive/CMakeFiles/cmlibarchive.dir/archive_read_support_filter_rpm.c.o
[ 44%] Building C object Utilities/cmlibarchive/libarchive/CMakeFiles/cmlibarchive.dir/archive_read_support_filter_uu.c.o
[ 44%] Building C object Utilities/cmlibarchive/libarchive/CMakeFiles/cmlibarchive.dir/archive_read_support_filter_xz.c.o
[ 44%] Building C object Utilities/cmlibarchive/libarchive/CMakeFiles/cmlibarchive.dir/archive_read_support_format_7zip.c.o
[ 44%] Building C object Utilities/cmlibarchive/libarchive/CMakeFiles/cmlibarchive.dir/archive_read_support_format_all.c.o
[ 45%] Building C object Utilities/cmlibarchive/libarchive/CMakeFiles/cmlibarchive.dir/archive_read_support_format_ar.c.o
[ 45%] Building C object Utilities/cmlibarchive/libarchive/CMakeFiles/cmlibarchive.dir/archive_read_support_format_by_code.c.o
[ 45%] Building C object Utilities/cmlibarchive/libarchive/CMakeFiles/cmlibarchive.dir/archive_read_support_format_cab.c.o
[ 45%] Building C object Utilities/cmlibarchive/libarchive/CMakeFiles/cmlibarchive.dir/archive_read_support_format_cpio.c.o
[ 45%] Building C object Utilities/cmlibarchive/libarchive/CMakeFiles/cmlibarchive.dir/archive_read_support_format_empty.c.o
[ 45%] Building C object Utilities/cmlibarchive/libarchive/CMakeFiles/cmlibarchive.dir/archive_read_support_format_iso9660.c.o
[ 45%] Building C object Utilities/cmlibarchive/libarchive/CMakeFiles/cmlibarchive.dir/archive_read_support_format_lha.c.o
[ 45%] Building C object Utilities/cmlibarchive/libarchive/CMakeFiles/cmlibarchive.dir/archive_read_support_format_mtree.c.o
[ 46%] Building C object Utilities/cmlibarchive/libarchive/CMakeFiles/cmlibarchive.dir/archive_read_support_format_rar.c.o
[ 46%] Building C object Utilities/cmlibarchive/libarchive/CMakeFiles/cmlibarchive.dir/archive_read_support_format_raw.c.o
[ 46%] Building C object Utilities/cmlibarchive/libarchive/CMakeFiles/cmlibarchive.dir/archive_read_support_format_tar.c.o
[ 46%] Building C object Utilities/cmlibarchive/libarchive/CMakeFiles/cmlibarchive.dir/archive_read_support_format_warc.c.o
[ 46%] Building C object Utilities/cmlibarchive/libarchive/CMakeFiles/cmlibarchive.dir/archive_read_support_format_xar.c.o
[ 46%] Building C object Utilities/cmlibarchive/libarchive/CMakeFiles/cmlibarchive.dir/archive_read_support_format_zip.c.o
[ 46%] Building C object Utilities/cmlibarchive/libarchive/CMakeFiles/cmlibarchive.dir/archive_string.c.o
[ 47%] Building C object Utilities/cmlibarchive/libarchive/CMakeFiles/cmlibarchive.dir/archive_string_sprintf.c.o
[ 47%] Building C object Utilities/cmlibarchive/libarchive/CMakeFiles/cmlibarchive.dir/archive_util.c.o
[ 47%] Building C object Utilities/cmlibarchive/libarchive/CMakeFiles/cmlibarchive.dir/archive_virtual.c.o
[ 47%] Building C object Utilities/cmlibarchive/libarchive/CMakeFiles/cmlibarchive.dir/archive_write.c.o
[ 47%] Building C object Utilities/cmlibarchive/libarchive/CMakeFiles/cmlibarchive.dir/archive_write_disk_acl.c.o
[ 47%] Building C object Utilities/cmlibarchive/libarchive/CMakeFiles/cmlibarchive.dir/archive_write_disk_posix.c.o
[ 47%] Building C object Utilities/cmlibarchive/libarchive/CMakeFiles/cmlibarchive.dir/archive_write_disk_set_standard_lookup.c.o
[ 47%] Building C object Utilities/cmlibarchive/libarchive/CMakeFiles/cmlibarchive.dir/archive_write_open_fd.c.o
[ 48%] Building C object Utilities/cmlibarchive/libarchive/CMakeFiles/cmlibarchive.dir/archive_write_open_file.c.o
[ 48%] Building C object Utilities/cmlibarchive/libarchive/CMakeFiles/cmlibarchive.dir/archive_write_open_filename.c.o
[ 48%] Building C object Utilities/cmlibarchive/libarchive/CMakeFiles/cmlibarchive.dir/archive_write_open_memory.c.o
[ 48%] Building C object Utilities/cmlibarchive/libarchive/CMakeFiles/cmlibarchive.dir/archive_write_add_filter.c.o
[ 48%] Building C object Utilities/cmlibarchive/libarchive/CMakeFiles/cmlibarchive.dir/archive_write_add_filter_b64encode.c.o
[ 48%] Building C object Utilities/cmlibarchive/libarchive/CMakeFiles/cmlibarchive.dir/archive_write_add_filter_by_name.c.o
[ 48%] Building C object Utilities/cmlibarchive/libarchive/CMakeFiles/cmlibarchive.dir/archive_write_add_filter_bzip2.c.o
[ 49%] Building C object Utilities/cmlibarchive/libarchive/CMakeFiles/cmlibarchive.dir/archive_write_add_filter_compress.c.o
[ 49%] Building C object Utilities/cmlibarchive/libarchive/CMakeFiles/cmlibarchive.dir/archive_write_add_filter_grzip.c.o
[ 49%] Building C object Utilities/cmlibarchive/libarchive/CMakeFiles/cmlibarchive.dir/archive_write_add_filter_gzip.c.o
[ 49%] Building C object Utilities/cmlibarchive/libarchive/CMakeFiles/cmlibarchive.dir/archive_write_add_filter_lrzip.c.o
[ 49%] Building C object Utilities/cmlibarchive/libarchive/CMakeFiles/cmlibarchive.dir/archive_write_add_filter_lz4.c.o
[ 49%] Building C object Utilities/cmlibarchive/libarchive/CMakeFiles/cmlibarchive.dir/archive_write_add_filter_lzop.c.o
[ 49%] Building C object Utilities/cmlibarchive/libarchive/CMakeFiles/cmlibarchive.dir/archive_write_add_filter_none.c.o
[ 49%] Building C object Utilities/cmlibarchive/libarchive/CMakeFiles/cmlibarchive.dir/archive_write_add_filter_program.c.o
[ 50%] Building C object Utilities/cmlibarchive/libarchive/CMakeFiles/cmlibarchive.dir/archive_write_add_filter_uuencode.c.o
[ 50%] Building C object Utilities/cmlibarchive/libarchive/CMakeFiles/cmlibarchive.dir/archive_write_add_filter_xz.c.o
[ 50%] Building C object Utilities/cmlibarchive/libarchive/CMakeFiles/cmlibarchive.dir/archive_write_set_format.c.o
[ 50%] Building C object Utilities/cmlibarchive/libarchive/CMakeFiles/cmlibarchive.dir/archive_write_set_format_7zip.c.o
[ 50%] Building C object Utilities/cmlibarchive/libarchive/CMakeFiles/cmlibarchive.dir/archive_write_set_format_ar.c.o
[ 50%] Building C object Utilities/cmlibarchive/libarchive/CMakeFiles/cmlibarchive.dir/archive_write_set_format_by_name.c.o
[ 50%] Building C object Utilities/cmlibarchive/libarchive/CMakeFiles/cmlibarchive.dir/archive_write_set_format_cpio.c.o
[ 51%] Building C object Utilities/cmlibarchive/libarchive/CMakeFiles/cmlibarchive.dir/archive_write_set_format_cpio_newc.c.o
[ 51%] Building C object Utilities/cmlibarchive/libarchive/CMakeFiles/cmlibarchive.dir/archive_write_set_format_filter_by_ext.c.o
[ 51%] Building C object Utilities/cmlibarchive/libarchive/CMakeFiles/cmlibarchive.dir/archive_write_set_format_gnutar.c.o
[ 51%] Building C object Utilities/cmlibarchive/libarchive/CMakeFiles/cmlibarchive.dir/archive_write_set_format_iso9660.c.o
[ 51%] Building C object Utilities/cmlibarchive/libarchive/CMakeFiles/cmlibarchive.dir/archive_write_set_format_mtree.c.o
[ 51%] Building C object Utilities/cmlibarchive/libarchive/CMakeFiles/cmlibarchive.dir/archive_write_set_format_pax.c.o
[ 51%] Building C object Utilities/cmlibarchive/libarchive/CMakeFiles/cmlibarchive.dir/archive_write_set_format_raw.c.o
[ 52%] Building C object Utilities/cmlibarchive/libarchive/CMakeFiles/cmlibarchive.dir/archive_write_set_format_shar.c.o
[ 52%] Building C object Utilities/cmlibarchive/libarchive/CMakeFiles/cmlibarchive.dir/archive_write_set_format_ustar.c.o
[ 52%] Building C object Utilities/cmlibarchive/libarchive/CMakeFiles/cmlibarchive.dir/archive_write_set_format_v7tar.c.o
[ 52%] Building C object Utilities/cmlibarchive/libarchive/CMakeFiles/cmlibarchive.dir/archive_write_set_format_warc.c.o
[ 52%] Building C object Utilities/cmlibarchive/libarchive/CMakeFiles/cmlibarchive.dir/archive_write_set_format_xar.c.o
[ 52%] Building C object Utilities/cmlibarchive/libarchive/CMakeFiles/cmlibarchive.dir/archive_write_set_format_zip.c.o
[ 52%] Building C object Utilities/cmlibarchive/libarchive/CMakeFiles/cmlibarchive.dir/archive_write_set_options.c.o
[ 52%] Building C object Utilities/cmlibarchive/libarchive/CMakeFiles/cmlibarchive.dir/archive_write_set_passphrase.c.o
[ 53%] Building C object Utilities/cmlibarchive/libarchive/CMakeFiles/cmlibarchive.dir/filter_fork_posix.c.o
[ 53%] Building C object Utilities/cmlibarchive/libarchive/CMakeFiles/cmlibarchive.dir/xxhash.c.o
[ 53%] Linking C static library libcmlibarchive.a
[ 53%] Built target cmlibarchive
Scanning dependencies of target cmexpat
[ 53%] Building C object Utilities/cmexpat/CMakeFiles/cmexpat.dir/lib/xmlparse.c.o
[ 53%] Building C object Utilities/cmexpat/CMakeFiles/cmexpat.dir/lib/xmlrole.c.o
[ 54%] Building C object Utilities/cmexpat/CMakeFiles/cmexpat.dir/lib/xmltok.c.o
[ 54%] Building C object Utilities/cmexpat/CMakeFiles/cmexpat.dir/lib/xmltok_impl.c.o
[ 54%] Building C object Utilities/cmexpat/CMakeFiles/cmexpat.dir/lib/xmltok_ns.c.o
[ 54%] Linking C static library libcmexpat.a
/Applications/Xcode.app/Contents/Developer/Toolchains/XcodeDefault.xctoolchain/usr/bin/ranlib: file: libcmexpat.a(xmltok_impl.c.o) has no symbols
/Applications/Xcode.app/Contents/Developer/Toolchains/XcodeDefault.xctoolchain/usr/bin/ranlib: file: libcmexpat.a(xmltok_ns.c.o) has no symbols
/Applications/Xcode.app/Contents/Developer/Toolchains/XcodeDefault.xctoolchain/usr/bin/ranlib: file: libcmexpat.a(xmltok_impl.c.o) has no symbols
/Applications/Xcode.app/Contents/Developer/Toolchains/XcodeDefault.xctoolchain/usr/bin/ranlib: file: libcmexpat.a(xmltok_ns.c.o) has no symbols
[ 54%] Built target cmexpat
Scanning dependencies of target cmjsoncpp
[ 54%] Building CXX object Utilities/cmjsoncpp/CMakeFiles/cmjsoncpp.dir/src/lib_json/json_reader.cpp.o
[ 54%] Building CXX object Utilities/cmjsoncpp/CMakeFiles/cmjsoncpp.dir/src/lib_json/json_value.cpp.o
[ 54%] Building CXX object Utilities/cmjsoncpp/CMakeFiles/cmjsoncpp.dir/src/lib_json/json_writer.cpp.o
[ 55%] Linking CXX static library libcmjsoncpp.a
[ 55%] Built target cmjsoncpp
Scanning dependencies of target cmlibuv
[ 55%] Building C object Utilities/cmlibuv/CMakeFiles/cmlibuv.dir/src/fs-poll.c.o
[ 55%] Building C object Utilities/cmlibuv/CMakeFiles/cmlibuv.dir/src/inet.c.o
[ 55%] Building C object Utilities/cmlibuv/CMakeFiles/cmlibuv.dir/src/threadpool.c.o
[ 56%] Building C object Utilities/cmlibuv/CMakeFiles/cmlibuv.dir/src/uv-common.c.o
[ 56%] Building C object Utilities/cmlibuv/CMakeFiles/cmlibuv.dir/src/version.c.o
[ 56%] Building C object Utilities/cmlibuv/CMakeFiles/cmlibuv.dir/src/unix/async.c.o
[ 56%] Building C object Utilities/cmlibuv/CMakeFiles/cmlibuv.dir/src/unix/core.c.o
[ 56%] Building C object Utilities/cmlibuv/CMakeFiles/cmlibuv.dir/src/unix/dl.c.o
[ 56%] Building C object Utilities/cmlibuv/CMakeFiles/cmlibuv.dir/src/unix/fs.c.o
[ 56%] Building C object Utilities/cmlibuv/CMakeFiles/cmlibuv.dir/src/unix/getaddrinfo.c.o
[ 56%] Building C object Utilities/cmlibuv/CMakeFiles/cmlibuv.dir/src/unix/getnameinfo.c.o
[ 57%] Building C object Utilities/cmlibuv/CMakeFiles/cmlibuv.dir/src/unix/loop-watcher.c.o
[ 57%] Building C object Utilities/cmlibuv/CMakeFiles/cmlibuv.dir/src/unix/loop.c.o
[ 57%] Building C object Utilities/cmlibuv/CMakeFiles/cmlibuv.dir/src/unix/pipe.c.o
[ 57%] Building C object Utilities/cmlibuv/CMakeFiles/cmlibuv.dir/src/unix/poll.c.o
[ 57%] Building C object Utilities/cmlibuv/CMakeFiles/cmlibuv.dir/src/unix/process.c.o
[ 57%] Building C object Utilities/cmlibuv/CMakeFiles/cmlibuv.dir/src/unix/signal.c.o
[ 57%] Building C object Utilities/cmlibuv/CMakeFiles/cmlibuv.dir/src/unix/stream.c.o
[ 58%] Building C object Utilities/cmlibuv/CMakeFiles/cmlibuv.dir/src/unix/tcp.c.o
[ 58%] Building C object Utilities/cmlibuv/CMakeFiles/cmlibuv.dir/src/unix/thread.c.o
[ 58%] Building C object Utilities/cmlibuv/CMakeFiles/cmlibuv.dir/src/unix/timer.c.o
[ 58%] Building C object Utilities/cmlibuv/CMakeFiles/cmlibuv.dir/src/unix/tty.c.o
[ 58%] Building C object Utilities/cmlibuv/CMakeFiles/cmlibuv.dir/src/unix/udp.c.o
[ 58%] Building C object Utilities/cmlibuv/CMakeFiles/cmlibuv.dir/src/unix/darwin.c.o
[ 58%] Building C object Utilities/cmlibuv/CMakeFiles/cmlibuv.dir/src/unix/darwin-proctitle.c.o
[ 59%] Building C object Utilities/cmlibuv/CMakeFiles/cmlibuv.dir/src/unix/fsevents.c.o
[ 59%] Building C object Utilities/cmlibuv/CMakeFiles/cmlibuv.dir/src/unix/kqueue.c.o
[ 59%] Building C object Utilities/cmlibuv/CMakeFiles/cmlibuv.dir/src/unix/proctitle.c.o
[ 59%] Building C object Utilities/cmlibuv/CMakeFiles/cmlibuv.dir/src/unix/pthread-barrier.c.o
[ 59%] Linking C static library libcmlibuv.a
[ 59%] Built target cmlibuv
Scanning dependencies of target cmForm
[ 59%] Building C object Source/CursesDialog/form/CMakeFiles/cmForm.dir/fld_arg.c.o
[ 59%] Building C object Source/CursesDialog/form/CMakeFiles/cmForm.dir/fld_attr.c.o
[ 59%] Building C object Source/CursesDialog/form/CMakeFiles/cmForm.dir/fld_current.c.o
[ 59%] Building C object Source/CursesDialog/form/CMakeFiles/cmForm.dir/fld_def.c.o
[ 59%] Building C object Source/CursesDialog/form/CMakeFiles/cmForm.dir/fld_dup.c.o
[ 60%] Building C object Source/CursesDialog/form/CMakeFiles/cmForm.dir/fld_ftchoice.c.o
[ 60%] Building C object Source/CursesDialog/form/CMakeFiles/cmForm.dir/fld_ftlink.c.o
[ 60%] Building C object Source/CursesDialog/form/CMakeFiles/cmForm.dir/fld_info.c.o
[ 60%] Building C object Source/CursesDialog/form/CMakeFiles/cmForm.dir/fld_just.c.o
[ 60%] Building C object Source/CursesDialog/form/CMakeFiles/cmForm.dir/fld_link.c.o
[ 60%] Building C object Source/CursesDialog/form/CMakeFiles/cmForm.dir/fld_max.c.o
[ 60%] Building C object Source/CursesDialog/form/CMakeFiles/cmForm.dir/fld_move.c.o
[ 61%] Building C object Source/CursesDialog/form/CMakeFiles/cmForm.dir/fld_newftyp.c.o
[ 61%] Building C object Source/CursesDialog/form/CMakeFiles/cmForm.dir/fld_opts.c.o
[ 61%] Building C object Source/CursesDialog/form/CMakeFiles/cmForm.dir/fld_pad.c.o
[ 61%] Building C object Source/CursesDialog/form/CMakeFiles/cmForm.dir/fld_page.c.o
[ 61%] Building C object Source/CursesDialog/form/CMakeFiles/cmForm.dir/fld_stat.c.o
[ 61%] Building C object Source/CursesDialog/form/CMakeFiles/cmForm.dir/fld_type.c.o
[ 61%] Building C object Source/CursesDialog/form/CMakeFiles/cmForm.dir/fld_user.c.o
[ 61%] Building C object Source/CursesDialog/form/CMakeFiles/cmForm.dir/frm_cursor.c.o
[ 62%] Building C object Source/CursesDialog/form/CMakeFiles/cmForm.dir/frm_data.c.o
[ 62%] Building C object Source/CursesDialog/form/CMakeFiles/cmForm.dir/frm_def.c.o
[ 62%] Building C object Source/CursesDialog/form/CMakeFiles/cmForm.dir/frm_driver.c.o
[ 62%] Building C object Source/CursesDialog/form/CMakeFiles/cmForm.dir/frm_hook.c.o
[ 62%] Building C object Source/CursesDialog/form/CMakeFiles/cmForm.dir/frm_opts.c.o
[ 62%] Building C object Source/CursesDialog/form/CMakeFiles/cmForm.dir/frm_page.c.o
[ 62%] Building C object Source/CursesDialog/form/CMakeFiles/cmForm.dir/frm_post.c.o
[ 63%] Building C object Source/CursesDialog/form/CMakeFiles/cmForm.dir/frm_req_name.c.o
[ 63%] Building C object Source/CursesDialog/form/CMakeFiles/cmForm.dir/frm_scale.c.o
[ 63%] Building C object Source/CursesDialog/form/CMakeFiles/cmForm.dir/frm_sub.c.o
[ 63%] Building C object Source/CursesDialog/form/CMakeFiles/cmForm.dir/frm_user.c.o
[ 63%] Building C object Source/CursesDialog/form/CMakeFiles/cmForm.dir/frm_win.c.o
[ 63%] Building C object Source/CursesDialog/form/CMakeFiles/cmForm.dir/fty_alnum.c.o
[ 63%] Building C object Source/CursesDialog/form/CMakeFiles/cmForm.dir/fty_alpha.c.o
[ 64%] Building C object Source/CursesDialog/form/CMakeFiles/cmForm.dir/fty_enum.c.o
[ 64%] Building C object Source/CursesDialog/form/CMakeFiles/cmForm.dir/fty_int.c.o
[ 64%] Building C object Source/CursesDialog/form/CMakeFiles/cmForm.dir/fty_ipv4.c.o
[ 64%] Building C object Source/CursesDialog/form/CMakeFiles/cmForm.dir/fty_num.c.o
[ 64%] Building C object Source/CursesDialog/form/CMakeFiles/cmForm.dir/fty_regex.c.o
[ 64%] Linking C static library libcmForm.a
[ 64%] Built target cmForm
Scanning dependencies of target CMakeLib
[ 64%] Building CXX object Source/CMakeFiles/CMakeLib.dir/cmArchiveWrite.cxx.o
[ 64%] Building CXX object Source/CMakeFiles/CMakeLib.dir/cmBase32.cxx.o
[ 64%] Building CXX object Source/CMakeFiles/CMakeLib.dir/cmBootstrapCommands1.cxx.o
[ 64%] Building CXX object Source/CMakeFiles/CMakeLib.dir/cmBootstrapCommands2.cxx.o
[ 64%] Building CXX object Source/CMakeFiles/CMakeLib.dir/cmCacheManager.cxx.o
[ 64%] Building CXX object Source/CMakeFiles/CMakeLib.dir/cmCommands.cxx.o
[ 64%] Building CXX object Source/CMakeFiles/CMakeLib.dir/cmCLocaleEnvironmentScope.cxx.o
[ 65%] Building CXX object Source/CMakeFiles/CMakeLib.dir/cmCommandArgumentLexer.cxx.o
[ 65%] Building CXX object Source/CMakeFiles/CMakeLib.dir/cmCommandArgumentParser.cxx.o
[ 65%] Building CXX object Source/CMakeFiles/CMakeLib.dir/cmCommandArgumentParserHelper.cxx.o
[ 65%] Building CXX object Source/CMakeFiles/CMakeLib.dir/cmCommonTargetGenerator.cxx.o
[ 65%] Building CXX object Source/CMakeFiles/CMakeLib.dir/cmComputeComponentGraph.cxx.o
[ 65%] Building CXX object Source/CMakeFiles/CMakeLib.dir/cmComputeLinkDepends.cxx.o
[ 65%] Building CXX object Source/CMakeFiles/CMakeLib.dir/cmComputeLinkInformation.cxx.o
[ 66%] Building CXX object Source/CMakeFiles/CMakeLib.dir/cmComputeTargetDepends.cxx.o
[ 66%] Building CXX object Source/CMakeFiles/CMakeLib.dir/cmCPackPropertiesGenerator.cxx.o
[ 66%] Building CXX object Source/CMakeFiles/CMakeLib.dir/cmCryptoHash.cxx.o
[ 66%] Building CXX object Source/CMakeFiles/CMakeLib.dir/cmCurl.cxx.o
[ 66%] Building CXX object Source/CMakeFiles/CMakeLib.dir/cmCustomCommand.cxx.o
[ 66%] Building CXX object Source/CMakeFiles/CMakeLib.dir/cmCustomCommandGenerator.cxx.o
[ 66%] Building CXX object Source/CMakeFiles/CMakeLib.dir/cmDefinitions.cxx.o
[ 66%] Building CXX object Source/CMakeFiles/CMakeLib.dir/cmDepends.cxx.o
[ 67%] Building CXX object Source/CMakeFiles/CMakeLib.dir/cmDependsC.cxx.o
[ 67%] Building CXX object Source/CMakeFiles/CMakeLib.dir/cmDependsFortran.cxx.o
[ 67%] Building CXX object Source/CMakeFiles/CMakeLib.dir/cmDependsJava.cxx.o
[ 67%] Building CXX object Source/CMakeFiles/CMakeLib.dir/cmDependsJavaLexer.cxx.o
[ 67%] Building CXX object Source/CMakeFiles/CMakeLib.dir/cmDependsJavaParser.cxx.o
[ 67%] Building CXX object Source/CMakeFiles/CMakeLib.dir/cmDependsJavaParserHelper.cxx.o
[ 67%] Building CXX object Source/CMakeFiles/CMakeLib.dir/cmDocumentation.cxx.o
[ 68%] Building CXX object Source/CMakeFiles/CMakeLib.dir/cmDocumentationFormatter.cxx.o
[ 68%] Building CXX object Source/CMakeFiles/CMakeLib.dir/cmDocumentationSection.cxx.o
[ 68%] Building CXX object Source/CMakeFiles/CMakeLib.dir/cmDynamicLoader.cxx.o
[ 68%] Building CXX object Source/CMakeFiles/CMakeLib.dir/cmExprLexer.cxx.o
[ 68%] Building CXX object Source/CMakeFiles/CMakeLib.dir/cmExprParser.cxx.o
[ 68%] Building CXX object Source/CMakeFiles/CMakeLib.dir/cmExprParserHelper.cxx.o
[ 68%] Building CXX object Source/CMakeFiles/CMakeLib.dir/cmExportBuildAndroidMKGenerator.cxx.o
[ 68%] Building CXX object Source/CMakeFiles/CMakeLib.dir/cmExportBuildFileGenerator.cxx.o
[ 69%] Building CXX object Source/CMakeFiles/CMakeLib.dir/cmExportFileGenerator.cxx.o
[ 69%] Building CXX object Source/CMakeFiles/CMakeLib.dir/cmExportInstallAndroidMKGenerator.cxx.o
[ 69%] Building CXX object Source/CMakeFiles/CMakeLib.dir/cmExportInstallFileGenerator.cxx.o
[ 69%] Building CXX object Source/CMakeFiles/CMakeLib.dir/cmExportTryCompileFileGenerator.cxx.o
[ 69%] Building CXX object Source/CMakeFiles/CMakeLib.dir/cmExportSet.cxx.o
[ 69%] Building CXX object Source/CMakeFiles/CMakeLib.dir/cmExportSetMap.cxx.o
[ 69%] Building CXX object Source/CMakeFiles/CMakeLib.dir/cmExternalMakefileProjectGenerator.cxx.o
[ 70%] Building CXX object Source/CMakeFiles/CMakeLib.dir/cmExtraCodeBlocksGenerator.cxx.o
[ 70%] Building CXX object Source/CMakeFiles/CMakeLib.dir/cmExtraCodeLiteGenerator.cxx.o
[ 70%] Building CXX object Source/CMakeFiles/CMakeLib.dir/cmExtraEclipseCDT4Generator.cxx.o
[ 70%] Building CXX object Source/CMakeFiles/CMakeLib.dir/cmExtraKateGenerator.cxx.o
[ 70%] Building CXX object Source/CMakeFiles/CMakeLib.dir/cmExtraSublimeTextGenerator.cxx.o
[ 70%] Building CXX object Source/CMakeFiles/CMakeLib.dir/cmFileLock.cxx.o
[ 70%] Building CXX object Source/CMakeFiles/CMakeLib.dir/cmFileLockPool.cxx.o
[ 70%] Building CXX object Source/CMakeFiles/CMakeLib.dir/cmFileLockResult.cxx.o
[ 71%] Building CXX object Source/CMakeFiles/CMakeLib.dir/cmFilePathUuid.cxx.o
[ 71%] Building CXX object Source/CMakeFiles/CMakeLib.dir/cmFileTimeComparison.cxx.o
[ 71%] Building CXX object Source/CMakeFiles/CMakeLib.dir/cmFortranLexer.cxx.o
[ 71%] Building CXX object Source/CMakeFiles/CMakeLib.dir/cmFortranParser.cxx.o
[ 71%] Building CXX object Source/CMakeFiles/CMakeLib.dir/cmFortranParserImpl.cxx.o
[ 71%] Building CXX object Source/CMakeFiles/CMakeLib.dir/cmGeneratedFileStream.cxx.o
[ 71%] Building CXX object Source/CMakeFiles/CMakeLib.dir/cmGeneratorExpressionContext.cxx.o
[ 72%] Building CXX object Source/CMakeFiles/CMakeLib.dir/cmGeneratorExpressionDAGChecker.cxx.o
[ 72%] Building CXX object Source/CMakeFiles/CMakeLib.dir/cmGeneratorExpressionEvaluationFile.cxx.o
[ 72%] Building CXX object Source/CMakeFiles/CMakeLib.dir/cmGeneratorExpressionEvaluator.cxx.o
[ 72%] Building CXX object Source/CMakeFiles/CMakeLib.dir/cmGeneratorExpressionLexer.cxx.o
[ 72%] Building CXX object Source/CMakeFiles/CMakeLib.dir/cmGeneratorExpressionNode.cxx.o
[ 72%] Building CXX object Source/CMakeFiles/CMakeLib.dir/cmGeneratorExpressionParser.cxx.o
[ 72%] Building CXX object Source/CMakeFiles/CMakeLib.dir/cmGeneratorExpression.cxx.o
[ 73%] Building CXX object Source/CMakeFiles/CMakeLib.dir/cmGeneratorTarget.cxx.o
[ 73%] Building CXX object Source/CMakeFiles/CMakeLib.dir/cmGlobalCommonGenerator.cxx.o
[ 73%] Building CXX object Source/CMakeFiles/CMakeLib.dir/cmGlobalGenerator.cxx.o
[ 73%] Building CXX object Source/CMakeFiles/CMakeLib.dir/cmGlobalUnixMakefileGenerator3.cxx.o
[ 73%] Building CXX object Source/CMakeFiles/CMakeLib.dir/cmGraphVizWriter.cxx.o
[ 73%] Building CXX object Source/CMakeFiles/CMakeLib.dir/cmInstallGenerator.cxx.o
[ 73%] Building CXX object Source/CMakeFiles/CMakeLib.dir/cmInstallExportGenerator.cxx.o
[ 73%] Building CXX object Source/CMakeFiles/CMakeLib.dir/cmInstalledFile.cxx.o
[ 74%] Building CXX object Source/CMakeFiles/CMakeLib.dir/cmInstallFilesGenerator.cxx.o
[ 74%] Building CXX object Source/CMakeFiles/CMakeLib.dir/cmInstallScriptGenerator.cxx.o
[ 74%] Building CXX object Source/CMakeFiles/CMakeLib.dir/cmInstallTargetGenerator.cxx.o
[ 74%] Building CXX object Source/CMakeFiles/CMakeLib.dir/cmInstallDirectoryGenerator.cxx.o
[ 74%] Building CXX object Source/CMakeFiles/CMakeLib.dir/cmListFileCache.cxx.o
[ 74%] Building C object Source/CMakeFiles/CMakeLib.dir/cmListFileLexer.c.o
[ 74%] Building CXX object Source/CMakeFiles/CMakeLib.dir/cmLocalCommonGenerator.cxx.o
[ 75%] Building CXX object Source/CMakeFiles/CMakeLib.dir/cmLocalGenerator.cxx.o
[ 75%] Building CXX object Source/CMakeFiles/CMakeLib.dir/cmLocalUnixMakefileGenerator3.cxx.o
[ 75%] Building CXX object Source/CMakeFiles/CMakeLib.dir/cmMachO.cxx.o
[ 75%] Building CXX object Source/CMakeFiles/CMakeLib.dir/cmMakefile.cxx.o
[ 75%] Building CXX object Source/CMakeFiles/CMakeLib.dir/cmMakefileTargetGenerator.cxx.o
[ 75%] Building CXX object Source/CMakeFiles/CMakeLib.dir/cmMakefileExecutableTargetGenerator.cxx.o
[ 75%] Building CXX object Source/CMakeFiles/CMakeLib.dir/cmMakefileLibraryTargetGenerator.cxx.o
[ 75%] Building CXX object Source/CMakeFiles/CMakeLib.dir/cmMakefileUtilityTargetGenerator.cxx.o
[ 76%] Building CXX object Source/CMakeFiles/CMakeLib.dir/cmMessenger.cxx.o
[ 76%] Building CXX object Source/CMakeFiles/CMakeLib.dir/cmOSXBundleGenerator.cxx.o
[ 76%] Building CXX object Source/CMakeFiles/CMakeLib.dir/cmOutputConverter.cxx.o
[ 76%] Building CXX object Source/CMakeFiles/CMakeLib.dir/cmNewLineStyle.cxx.o
[ 76%] Building CXX object Source/CMakeFiles/CMakeLib.dir/cmOrderDirectories.cxx.o
[ 76%] Building CXX object Source/CMakeFiles/CMakeLib.dir/cmPolicies.cxx.o
[ 76%] Building CXX object Source/CMakeFiles/CMakeLib.dir/cmProcessTools.cxx.o
[ 77%] Building CXX object Source/CMakeFiles/CMakeLib.dir/cmProperty.cxx.o
[ 77%] Building CXX object Source/CMakeFiles/CMakeLib.dir/cmPropertyDefinition.cxx.o
[ 77%] Building CXX object Source/CMakeFiles/CMakeLib.dir/cmPropertyDefinitionMap.cxx.o
[ 77%] Building CXX object Source/CMakeFiles/CMakeLib.dir/cmPropertyMap.cxx.o
[ 77%] Building CXX object Source/CMakeFiles/CMakeLib.dir/cmQtAutoGeneratorInitializer.cxx.o
[ 77%] Building CXX object Source/CMakeFiles/CMakeLib.dir/cmQtAutoGenerators.cxx.o
[ 77%] Building CXX object Source/CMakeFiles/CMakeLib.dir/cmRST.cxx.o
[ 77%] Building CXX object Source/CMakeFiles/CMakeLib.dir/cmScriptGenerator.cxx.o
[ 78%] Building CXX object Source/CMakeFiles/CMakeLib.dir/cmSourceFile.cxx.o
[ 78%] Building CXX object Source/CMakeFiles/CMakeLib.dir/cmSourceFileLocation.cxx.o
[ 78%] Building CXX object Source/CMakeFiles/CMakeLib.dir/cmSourceGroup.cxx.o
[ 78%] Building CXX object Source/CMakeFiles/CMakeLib.dir/cmState.cxx.o
[ 78%] Building CXX object Source/CMakeFiles/CMakeLib.dir/cmSystemTools.cxx.o
[ 78%] Building CXX object Source/CMakeFiles/CMakeLib.dir/cmTarget.cxx.o
[ 78%] Building CXX object Source/CMakeFiles/CMakeLib.dir/cmTest.cxx.o
[ 79%] Building CXX object Source/CMakeFiles/CMakeLib.dir/cmTestGenerator.cxx.o
[ 79%] Building CXX object Source/CMakeFiles/CMakeLib.dir/cmUuid.cxx.o
[ 79%] Building CXX object Source/CMakeFiles/CMakeLib.dir/cmVariableWatch.cxx.o
[ 79%] Building CXX object Source/CMakeFiles/CMakeLib.dir/cmVersion.cxx.o
[ 79%] Building CXX object Source/CMakeFiles/CMakeLib.dir/cmXMLParser.cxx.o
[ 79%] Building CXX object Source/CMakeFiles/CMakeLib.dir/cmXMLSafe.cxx.o
[ 79%] Building CXX object Source/CMakeFiles/CMakeLib.dir/cmXMLWriter.cxx.o
[ 80%] Building CXX object Source/CMakeFiles/CMakeLib.dir/cmake.cxx.o
[ 80%] Building C object Source/CMakeFiles/CMakeLib.dir/cm_get_date.c.o
[ 80%] Building C object Source/CMakeFiles/CMakeLib.dir/cm_sha2.c.o
[ 80%] Building C object Source/CMakeFiles/CMakeLib.dir/cm_utf8.c.o
[ 80%] Building CXX object Source/CMakeFiles/CMakeLib.dir/cmGlobalKdevelopGenerator.cxx.o
[ 80%] Building CXX object Source/CMakeFiles/CMakeLib.dir/cmXCodeObject.cxx.o
[ 80%] Building CXX object Source/CMakeFiles/CMakeLib.dir/cmXCode21Object.cxx.o
[ 80%] Building CXX object Source/CMakeFiles/CMakeLib.dir/cmGlobalXCodeGenerator.cxx.o
[ 81%] Building CXX object Source/CMakeFiles/CMakeLib.dir/cmLocalXCodeGenerator.cxx.o
[ 81%] Building CXX object Source/CMakeFiles/CMakeLib.dir/cmGlobalNinjaGenerator.cxx.o
[ 81%] Building CXX object Source/CMakeFiles/CMakeLib.dir/cmLocalNinjaGenerator.cxx.o
[ 81%] Building CXX object Source/CMakeFiles/CMakeLib.dir/cmNinjaTargetGenerator.cxx.o
[ 81%] Building CXX object Source/CMakeFiles/CMakeLib.dir/cmNinjaNormalTargetGenerator.cxx.o
[ 81%] Building CXX object Source/CMakeFiles/CMakeLib.dir/cmNinjaUtilityTargetGenerator.cxx.o
[ 81%] Linking CXX static library libCMakeLib.a
[ 81%] Built target CMakeLib
Scanning dependencies of target CMakeServerLib
[ 81%] Building CXX object Source/CMakeFiles/CMakeServerLib.dir/cmFileMonitor.cxx.o
[ 81%] Building CXX object Source/CMakeFiles/CMakeServerLib.dir/cmServer.cxx.o
[ 81%] Building CXX object Source/CMakeFiles/CMakeServerLib.dir/cmServerConnection.cxx.o
[ 81%] Building CXX object Source/CMakeFiles/CMakeServerLib.dir/cmServerProtocol.cxx.o
[ 81%] Linking CXX static library libCMakeServerLib.a
[ 81%] Built target CMakeServerLib
Scanning dependencies of target CPackLib
[ 81%] Building CXX object Source/CMakeFiles/CPackLib.dir/CPack/cmCPackArchiveGenerator.cxx.o
[ 82%] Building CXX object Source/CMakeFiles/CPackLib.dir/CPack/cmCPackComponentGroup.cxx.o
[ 82%] Building CXX object Source/CMakeFiles/CPackLib.dir/CPack/cmCPackGeneratorFactory.cxx.o
[ 82%] Building CXX object Source/CMakeFiles/CPackLib.dir/CPack/cmCPackGenerator.cxx.o
[ 82%] Building CXX object Source/CMakeFiles/CPackLib.dir/CPack/cmCPackLog.cxx.o
[ 82%] Building CXX object Source/CMakeFiles/CPackLib.dir/CPack/cmCPackNSISGenerator.cxx.o
[ 82%] Building CXX object Source/CMakeFiles/CPackLib.dir/CPack/IFW/cmCPackIFWPackage.cxx.o
[ 82%] Building CXX object Source/CMakeFiles/CPackLib.dir/CPack/IFW/cmCPackIFWInstaller.cxx.o
[ 82%] Building CXX object Source/CMakeFiles/CPackLib.dir/CPack/IFW/cmCPackIFWRepository.cxx.o
[ 83%] Building CXX object Source/CMakeFiles/CPackLib.dir/CPack/IFW/cmCPackIFWGenerator.cxx.o
[ 83%] Building CXX object Source/CMakeFiles/CPackLib.dir/CPack/cmCPackSTGZGenerator.cxx.o
[ 83%] Building CXX object Source/CMakeFiles/CPackLib.dir/CPack/cmCPackTGZGenerator.cxx.o
[ 83%] Building CXX object Source/CMakeFiles/CPackLib.dir/CPack/cmCPackTXZGenerator.cxx.o
[ 83%] Building CXX object Source/CMakeFiles/CPackLib.dir/CPack/cmCPackTarBZip2Generator.cxx.o
[ 83%] Building CXX object Source/CMakeFiles/CPackLib.dir/CPack/cmCPackTarCompressGenerator.cxx.o
[ 83%] Building CXX object Source/CMakeFiles/CPackLib.dir/CPack/cmCPackZIPGenerator.cxx.o
[ 84%] Building CXX object Source/CMakeFiles/CPackLib.dir/CPack/cmCPack7zGenerator.cxx.o
[ 84%] Building CXX object Source/CMakeFiles/CPackLib.dir/CPack/cmCPackDebGenerator.cxx.o
[ 84%] Building CXX object Source/CMakeFiles/CPackLib.dir/CPack/cmCPackRPMGenerator.cxx.o
[ 84%] Building CXX object Source/CMakeFiles/CPackLib.dir/CPack/cmCPackBundleGenerator.cxx.o
[ 84%] Building CXX object Source/CMakeFiles/CPackLib.dir/CPack/cmCPackDragNDropGenerator.cxx.o
[ 84%] Building CXX object Source/CMakeFiles/CPackLib.dir/CPack/cmCPackOSXX11Generator.cxx.o
[ 84%] Building CXX object Source/CMakeFiles/CPackLib.dir/CPack/cmCPackPKGGenerator.cxx.o
[ 85%] Building CXX object Source/CMakeFiles/CPackLib.dir/CPack/cmCPackPackageMakerGenerator.cxx.o
[ 85%] Building CXX object Source/CMakeFiles/CPackLib.dir/CPack/cmCPackProductBuildGenerator.cxx.o
[ 85%] Linking CXX static library libCPackLib.a
[ 85%] Built target CPackLib
Scanning dependencies of target CTestLib
[ 85%] Building CXX object Source/CMakeFiles/CTestLib.dir/cmCTest.cxx.o
[ 85%] Building CXX object Source/CMakeFiles/CTestLib.dir/CTest/cmProcess.cxx.o
[ 85%] Building CXX object Source/CMakeFiles/CTestLib.dir/CTest/cmCTestBatchTestHandler.cxx.o
[ 85%] Building CXX object Source/CMakeFiles/CTestLib.dir/CTest/cmCTestBuildAndTestHandler.cxx.o
[ 85%] Building CXX object Source/CMakeFiles/CTestLib.dir/CTest/cmCTestBuildCommand.cxx.o
[ 86%] Building CXX object Source/CMakeFiles/CTestLib.dir/CTest/cmCTestBuildHandler.cxx.o
In file included from /Users/chenjie/Documents/git/cerbero/build/sources/build-tools/cmake-3.7.1/Source/CTest/cmCTestBuildHandler.cxx:3:
In file included from /Users/chenjie/Documents/git/cerbero/build/sources/build-tools/cmake-3.7.1/Source/CTest/cmCTestBuildHandler.h:8:
In file included from /Users/chenjie/Documents/git/cerbero/build/sources/build-tools/cmake-3.7.1/Source/CTest/cmCTestGenericHandler.h:8:
In file included from /Users/chenjie/Documents/git/cerbero/build/sources/build-tools/cmake-3.7.1/Source/cmCTest.h:10:
/Applications/Xcode.app/Contents/Developer/Toolchains/XcodeDefault.xctoolchain/usr/include/c++/v1/set:426:26: warning: the specified comparator type does not provide a const call operator [-Wuser-defined-warnings]
    static_assert(sizeof(__diagnose_non_const_comparator<_Key, _Compare>()), "");
                         ^
/Users/chenjie/Documents/git/cerbero/build/sources/build-tools/cmake-3.7.1/Source/CTest/cmCTestBuildHandler.cxx:534:13: note: in instantiation of template class 'std::__1::set<std::__1::basic_string<char>, cmCTestBuildHandler::FragmentCompare, std::__1::allocator<std::__1::basic_string<char> > >' requested here
  Fragments fragments(fragmentCompare);
            ^
/Applications/Xcode.app/Contents/Developer/Toolchains/XcodeDefault.xctoolchain/usr/include/c++/v1/__tree:967:5: note: from 'diagnose_if' attribute on '__diagnose_non_const_comparator<std::__1::basic_string<char>, cmCTestBuildHandler::FragmentCompare>':
    _LIBCPP_DIAGNOSE_WARNING(!std::__invokable<_Compare const&, _Tp const&, _Tp const&>::value,
    ^                        ~~~~~~~~~~~~~~~~~~~~~~~~~~~~~~~~~~~~~~~~~~~~~~~~~~~~~~~~~~~~~~~~~
/Applications/Xcode.app/Contents/Developer/Toolchains/XcodeDefault.xctoolchain/usr/include/c++/v1/__config:1251:21: note: expanded from macro '_LIBCPP_DIAGNOSE_WARNING'
     __attribute__((diagnose_if(__VA_ARGS__, "warning")))
                    ^           ~~~~~~~~~~~
1 warning generated.
[ 86%] Building CXX object Source/CMakeFiles/CTestLib.dir/CTest/cmCTestConfigureCommand.cxx.o
[ 86%] Building CXX object Source/CMakeFiles/CTestLib.dir/CTest/cmCTestConfigureHandler.cxx.o
[ 86%] Building CXX object Source/CMakeFiles/CTestLib.dir/CTest/cmCTestCoverageCommand.cxx.o
[ 86%] Building CXX object Source/CMakeFiles/CTestLib.dir/CTest/cmCTestCoverageHandler.cxx.o
[ 86%] Building CXX object Source/CMakeFiles/CTestLib.dir/CTest/cmCTestCurl.cxx.o
[ 86%] Building CXX object Source/CMakeFiles/CTestLib.dir/CTest/cmParseMumpsCoverage.cxx.o
[ 87%] Building CXX object Source/CMakeFiles/CTestLib.dir/CTest/cmParseCacheCoverage.cxx.o
[ 87%] Building CXX object Source/CMakeFiles/CTestLib.dir/CTest/cmParseGTMCoverage.cxx.o
[ 87%] Building CXX object Source/CMakeFiles/CTestLib.dir/CTest/cmParseJacocoCoverage.cxx.o
[ 87%] Building CXX object Source/CMakeFiles/CTestLib.dir/CTest/cmParseBlanketJSCoverage.cxx.o
[ 87%] Building CXX object Source/CMakeFiles/CTestLib.dir/CTest/cmParsePHPCoverage.cxx.o
[ 87%] Building CXX object Source/CMakeFiles/CTestLib.dir/CTest/cmParseCoberturaCoverage.cxx.o
[ 87%] Building CXX object Source/CMakeFiles/CTestLib.dir/CTest/cmParseDelphiCoverage.cxx.o
[ 87%] Building CXX object Source/CMakeFiles/CTestLib.dir/CTest/cmCTestEmptyBinaryDirectoryCommand.cxx.o
[ 88%] Building CXX object Source/CMakeFiles/CTestLib.dir/CTest/cmCTestGenericHandler.cxx.o
[ 88%] Building CXX object Source/CMakeFiles/CTestLib.dir/CTest/cmCTestHandlerCommand.cxx.o
[ 88%] Building CXX object Source/CMakeFiles/CTestLib.dir/CTest/cmCTestLaunch.cxx.o
[ 88%] Building CXX object Source/CMakeFiles/CTestLib.dir/CTest/cmCTestMemCheckCommand.cxx.o
[ 88%] Building CXX object Source/CMakeFiles/CTestLib.dir/CTest/cmCTestMemCheckHandler.cxx.o
[ 88%] Building CXX object Source/CMakeFiles/CTestLib.dir/CTest/cmCTestMultiProcessHandler.cxx.o
[ 88%] Building CXX object Source/CMakeFiles/CTestLib.dir/CTest/cmCTestReadCustomFilesCommand.cxx.o
[ 89%] Building CXX object Source/CMakeFiles/CTestLib.dir/CTest/cmCTestRunScriptCommand.cxx.o
[ 89%] Building CXX object Source/CMakeFiles/CTestLib.dir/CTest/cmCTestRunTest.cxx.o
[ 89%] Building CXX object Source/CMakeFiles/CTestLib.dir/CTest/cmCTestScriptHandler.cxx.o
[ 89%] Building CXX object Source/CMakeFiles/CTestLib.dir/CTest/cmCTestSleepCommand.cxx.o
[ 89%] Building CXX object Source/CMakeFiles/CTestLib.dir/CTest/cmCTestStartCommand.cxx.o
[ 89%] Building CXX object Source/CMakeFiles/CTestLib.dir/CTest/cmCTestSubmitCommand.cxx.o
[ 89%] Building CXX object Source/CMakeFiles/CTestLib.dir/CTest/cmCTestSubmitHandler.cxx.o
[ 89%] Building CXX object Source/CMakeFiles/CTestLib.dir/CTest/cmCTestTestCommand.cxx.o
[ 90%] Building CXX object Source/CMakeFiles/CTestLib.dir/CTest/cmCTestTestHandler.cxx.o
[ 90%] Building CXX object Source/CMakeFiles/CTestLib.dir/CTest/cmCTestUpdateCommand.cxx.o
[ 90%] Building CXX object Source/CMakeFiles/CTestLib.dir/CTest/cmCTestUpdateHandler.cxx.o
[ 90%] Building CXX object Source/CMakeFiles/CTestLib.dir/CTest/cmCTestUploadCommand.cxx.o
[ 90%] Building CXX object Source/CMakeFiles/CTestLib.dir/CTest/cmCTestUploadHandler.cxx.o
[ 90%] Building CXX object Source/CMakeFiles/CTestLib.dir/CTest/cmCTestVC.cxx.o
[ 90%] Building CXX object Source/CMakeFiles/CTestLib.dir/CTest/cmCTestGlobalVC.cxx.o
[ 91%] Building CXX object Source/CMakeFiles/CTestLib.dir/CTest/cmCTestCVS.cxx.o
[ 91%] Building CXX object Source/CMakeFiles/CTestLib.dir/CTest/cmCTestSVN.cxx.o
[ 91%] Building CXX object Source/CMakeFiles/CTestLib.dir/CTest/cmCTestBZR.cxx.o
[ 91%] Building CXX object Source/CMakeFiles/CTestLib.dir/CTest/cmCTestGIT.cxx.o
[ 91%] Building CXX object Source/CMakeFiles/CTestLib.dir/CTest/cmCTestHG.cxx.o
[ 91%] Building CXX object Source/CMakeFiles/CTestLib.dir/CTest/cmCTestP4.cxx.o
[ 91%] Linking CXX static library libCTestLib.a
[ 91%] Built target CTestLib
Scanning dependencies of target OSXScriptLauncher
[ 91%] Building CXX object Source/CMakeFiles/OSXScriptLauncher.dir/CPack/OSXScriptLauncher.cxx.o
[ 91%] Linking CXX executable ../bin/OSXScriptLauncher
[ 91%] Built target OSXScriptLauncher
Scanning dependencies of target ccmake
[ 91%] Building CXX object Source/CMakeFiles/ccmake.dir/CursesDialog/cmCursesOptionsWidget.cxx.o
[ 91%] Building CXX object Source/CMakeFiles/ccmake.dir/CursesDialog/cmCursesBoolWidget.cxx.o
[ 91%] Building CXX object Source/CMakeFiles/ccmake.dir/CursesDialog/cmCursesCacheEntryComposite.cxx.o
[ 91%] Building CXX object Source/CMakeFiles/ccmake.dir/CursesDialog/cmCursesDummyWidget.cxx.o
[ 92%] Building CXX object Source/CMakeFiles/ccmake.dir/CursesDialog/cmCursesFilePathWidget.cxx.o
[ 92%] Building CXX object Source/CMakeFiles/ccmake.dir/CursesDialog/cmCursesForm.cxx.o
[ 92%] Building CXX object Source/CMakeFiles/ccmake.dir/CursesDialog/cmCursesLabelWidget.cxx.o
[ 92%] Building CXX object Source/CMakeFiles/ccmake.dir/CursesDialog/cmCursesLongMessageForm.cxx.o
[ 92%] Building CXX object Source/CMakeFiles/ccmake.dir/CursesDialog/cmCursesMainForm.cxx.o
[ 92%] Building CXX object Source/CMakeFiles/ccmake.dir/CursesDialog/cmCursesPathWidget.cxx.o
[ 92%] Building CXX object Source/CMakeFiles/ccmake.dir/CursesDialog/cmCursesStringWidget.cxx.o
[ 93%] Building CXX object Source/CMakeFiles/ccmake.dir/CursesDialog/cmCursesWidget.cxx.o
[ 93%] Building CXX object Source/CMakeFiles/ccmake.dir/CursesDialog/ccmake.cxx.o
[ 93%] Linking CXX executable ../bin/ccmake
[ 93%] Built target ccmake
Scanning dependencies of target cmake
[ 93%] Building CXX object Source/CMakeFiles/cmake.dir/cmakemain.cxx.o
[ 93%] Building CXX object Source/CMakeFiles/cmake.dir/cmcmd.cxx.o
[ 94%] Linking CXX executable ../bin/cmake
[ 94%] Built target cmake
Scanning dependencies of target cmakexbuild
[ 94%] Building CXX object Source/CMakeFiles/cmakexbuild.dir/cmakexbuild.cxx.o
[ 94%] Linking CXX executable ../bin/cmakexbuild
[ 94%] Built target cmakexbuild
Scanning dependencies of target cpack
[ 94%] Building CXX object Source/CMakeFiles/cpack.dir/CPack/cpack.cxx.o
[ 94%] Linking CXX executable ../bin/cpack
[ 94%] Built target cpack
Scanning dependencies of target ctest
[ 95%] Building CXX object Source/CMakeFiles/ctest.dir/ctest.cxx.o
[ 95%] Linking CXX executable ../bin/ctest
[ 95%] Built target ctest
Scanning dependencies of target CMakeLibTests
[ 96%] Building CXX object Tests/CMakeLib/CMakeFiles/CMakeLibTests.dir/CMakeLibTests.cxx.o
[ 96%] Building CXX object Tests/CMakeLib/CMakeFiles/CMakeLibTests.dir/testGeneratedFileStream.cxx.o
[ 96%] Building CXX object Tests/CMakeLib/CMakeFiles/CMakeLibTests.dir/testRST.cxx.o
[ 96%] Building CXX object Tests/CMakeLib/CMakeFiles/CMakeLibTests.dir/testSystemTools.cxx.o
[ 96%] Building CXX object Tests/CMakeLib/CMakeFiles/CMakeLibTests.dir/testUTF8.cxx.o
[ 96%] Building CXX object Tests/CMakeLib/CMakeFiles/CMakeLibTests.dir/testXMLParser.cxx.o
[ 96%] Building CXX object Tests/CMakeLib/CMakeFiles/CMakeLibTests.dir/testXMLSafe.cxx.o
[ 96%] Building CXX object Tests/CMakeLib/CMakeFiles/CMakeLibTests.dir/testFindPackageCommand.cxx.o
[ 97%] Linking CXX executable CMakeLibTests
[ 97%] Built target CMakeLibTests
Scanning dependencies of target runcompilecommands
[ 97%] Building CXX object Tests/CMakeLib/CMakeFiles/runcompilecommands.dir/run_compile_commands.cxx.o
[ 97%] Linking CXX executable runcompilecommands
[ 97%] Built target runcompilecommands
Scanning dependencies of target memcheck_fail
[ 97%] Building CXX object Tests/CMakeLib/PseudoMemcheck/CMakeFiles/memcheck_fail.dir/ret1.cxx.o
[ 97%] Linking CXX executable memcheck_fail
[ 97%] Built target memcheck_fail
Scanning dependencies of target pseudo_BC
[ 97%] Building CXX object Tests/CMakeLib/PseudoMemcheck/CMakeFiles/pseudo_BC.dir/ret0.cxx.o
[ 98%] Linking CXX executable BC
[ 98%] Built target pseudo_BC
Scanning dependencies of target pseudo_purify
[ 98%] Building CXX object Tests/CMakeLib/PseudoMemcheck/CMakeFiles/pseudo_purify.dir/ret0.cxx.o
[ 99%] Linking CXX executable purify
[ 99%] Built target pseudo_purify
Scanning dependencies of target pseudo_valgrind
[ 99%] Building CXX object Tests/CMakeLib/PseudoMemcheck/CMakeFiles/pseudo_valgrind.dir/ret0.cxx.o
[ 99%] Linking CXX executable valgrind
[ 99%] Built target pseudo_valgrind
Scanning dependencies of target pseudonl_BC
[ 99%] Building C object Tests/CMakeLib/PseudoMemcheck/NoLog/CMakeFiles/pseudonl_BC.dir/ret0.c.o
[ 99%] Linking C executable BC
[ 99%] Built target pseudonl_BC
Scanning dependencies of target pseudonl_purify
[100%] Building C object Tests/CMakeLib/PseudoMemcheck/NoLog/CMakeFiles/pseudonl_purify.dir/ret0.c.o
[100%] Linking C executable purify
[100%] Built target pseudonl_purify
Scanning dependencies of target pseudonl_valgrind
[100%] Building C object Tests/CMakeLib/PseudoMemcheck/NoLog/CMakeFiles/pseudonl_valgrind.dir/ret0.c.o
[100%] Linking C executable valgrind
[100%] Built target pseudonl_valgrind
Scanning dependencies of target pseudo_emulator
[100%] Building C object Tests/RunCMake/CMakeFiles/pseudo_emulator.dir/pseudo_emulator.c.o
[100%] Linking C executable pseudo_emulator
[100%] Built target pseudo_emulator
Scanning dependencies of target pseudo_emulator_custom_command
[100%] Building C object Tests/RunCMake/CMakeFiles/pseudo_emulator_custom_command.dir/pseudo_emulator_custom_command.c.o
[100%] Linking C executable pseudo_emulator_custom_command
[100%] Built target pseudo_emulator_custom_command
Scanning dependencies of target pseudo_iwyu
[100%] Building C object Tests/RunCMake/CMakeFiles/pseudo_iwyu.dir/pseudo_iwyu.c.o
[100%] Linking C executable pseudo_iwyu
[100%] Built target pseudo_iwyu
Scanning dependencies of target pseudo_tidy
[100%] Building C object Tests/RunCMake/CMakeFiles/pseudo_tidy.dir/pseudo_tidy.c.o
[100%] Linking C executable pseudo_tidy
[100%] Built target pseudo_tidy
Scanning dependencies of target foo
[100%] Building CXX object Tests/FindPackageModeMakefileTest/CMakeFiles/foo.dir/foo.cpp.o
[100%] Linking CXX static library libfoo.a
[100%] Built target foo
