Running command 'autoreconf -f -i'
Copying file m4/codeset.m4
Copying file m4/extern-inline.m4
Copying file m4/fcntl-o.m4
Copying file m4/glibc2.m4
Copying file m4/glibc21.m4
Copying file m4/intdiv0.m4
Copying file m4/intl.m4
Copying file m4/intldir.m4
Copying file m4/intmax.m4
Copying file m4/inttypes-pri.m4
Copying file m4/inttypes_h.m4
Copying file m4/lcmessage.m4
Copying file m4/lock.m4
Copying file m4/longlong.m4
Copying file m4/printf-posix.m4
Copying file m4/size_max.m4
Copying file m4/stdint_h.m4
Copying file m4/threadlib.m4
Copying file m4/uintmax_t.m4
Copying file m4/visibility.m4
Copying file m4/wchar_t.m4
Copying file m4/wint_t.m4
Copying file m4/xsize.m4
Copying file po/Makevars.template
libtoolize: putting auxiliary files in AC_CONFIG_AUX_DIR, 'build-aux'.
libtoolize: copying file 'build-aux/ltmain.sh'
libtoolize: putting macros in AC_CONFIG_MACRO_DIRS, 'm4'.
libtoolize: copying file 'm4/libtool.m4'
libtoolize: copying file 'm4/ltoptions.m4'
libtoolize: copying file 'm4/ltsugar.m4'
libtoolize: copying file 'm4/ltversion.m4'
libtoolize: copying file 'm4/lt~obsolete.m4'
configure.ac:30: installing 'build-aux/compile'
configure.ac:31: installing 'build-aux/missing'
lib/Makefile.am: installing 'build-aux/depcomp'
Running command './configure --prefix /Users/chenjie/Documents/git/cerbero/build/build-tools --libdir /Users/chenjie/Documents/git/cerbero/build/build-tools/lib --disable-maintainer-mode  --disable-silent-rules  --enable-introspection  --build=x86_64-apple-darwin12   '
configure: WARNING: unrecognized options: --disable-maintainer-mode, --enable-introspection
checking build system type... x86_64-apple-darwin12
checking host system type... x86_64-apple-darwin12
checking how to print strings... printf
checking for gcc... clang
checking whether the C compiler works... yes
checking for C compiler default output file name... a.out
checking for suffix of executables... 
checking whether we are cross compiling... no
checking for suffix of object files... o
checking whether we are using the GNU C compiler... yes
checking whether clang accepts -g... yes
checking for clang option to accept ISO C89... none needed
checking whether clang understands -c and -o together... rm: conftest.dSYM: is a directory
yes
checking for a sed that does not truncate output... /Users/chenjie/Documents/git/cerbero/build/build-tools/bin/sed
checking for grep that handles long lines and -e... /usr/bin/grep
checking for egrep... /usr/bin/grep -E
checking for fgrep... /usr/bin/grep -F
checking for ld used by clang... ld
checking if the linker (ld) is GNU ld... no
checking for BSD- or MS-compatible name lister (nm)... nm
checking the name lister (nm) interface... rm: conftest.dSYM: is a directory
BSD nm
checking whether ln -s works... yes
checking the maximum length of command line arguments... 196608
checking how to convert x86_64-apple-darwin12 file names to x86_64-apple-darwin12 format... func_convert_file_noop
checking how to convert x86_64-apple-darwin12 file names to toolchain format... func_convert_file_noop
checking for ld option to reload object files... -r
checking for objdump... objdump
checking how to recognize dependent libraries... pass_all
checking for dlltool... no
checking how to associate runtime and link libraries... printf %s\n
checking for archiver @FILE support... rm: conftest.dSYM: is a directory
no
checking for strip... strip
checking for ranlib... ranlib
checking for gawk... no
checking for mawk... no
checking for nawk... no
checking for awk... awk
checking command to parse nm output from clang object... rm: conftest.dSYM: is a directory
ok
checking for sysroot... no
checking for a working dd... /bin/dd
checking how to truncate binary pipes... /bin/dd bs=4096 count=1
checking for mt... no
checking if : is a manifest tool... no
checking for dsymutil... dsymutil
checking for nmedit... nmedit
checking for lipo... lipo
checking for otool... otool
checking for otool64... no
checking for -single_module linker flag... yes
checking for -exported_symbols_list linker flag... yes
checking for -force_load linker flag... yes
checking how to run the C preprocessor... clang -E
checking for ANSI C header files... yes
checking for sys/types.h... yes
checking for sys/stat.h... yes
checking for stdlib.h... yes
checking for string.h... yes
checking for memory.h... yes
checking for strings.h... yes
checking for inttypes.h... yes
checking for stdint.h... yes
checking for unistd.h... yes
checking for dlfcn.h... yes
checking for objdir... .libs
checking if clang supports -fno-rtti -fno-exceptions... yes
checking for clang option to produce PIC... -fno-common -DPIC
checking if clang PIC flag -fno-common -DPIC works... yes
checking if clang static flag -static works... no
checking if clang supports -c -o file.o... yes
checking if clang supports -c -o file.o... (cached) yes
checking whether the clang linker (ld) supports shared libraries... yes
checking dynamic linker characteristics... darwin12 dyld
checking how to hardcode library paths into programs... immediate
checking whether stripping libraries is possible... yes
checking if libtool supports shared libraries... yes
checking whether to build shared libraries... yes
checking whether to build static libraries... yes
checking for a BSD-compatible install... /usr/bin/install -c
checking whether build environment is sane... yes
checking for a thread-safe mkdir -p... build-aux/install-sh -c -d
checking whether make sets $(MAKE)... yes
checking for style of include used by make... GNU
checking whether make supports nested variables... yes
checking dependency style of clang... gcc3
checking whether NLS is requested... yes
checking for msgfmt... /Users/chenjie/Documents/git/cerbero/build/build-tools/bin/msgfmt
checking for gmsgfmt... /Users/chenjie/Documents/git/cerbero/build/build-tools/bin/msgfmt
checking for xgettext... /Users/chenjie/Documents/git/cerbero/build/build-tools/bin/xgettext
checking for msgmerge... /Users/chenjie/Documents/git/cerbero/build/build-tools/bin/msgmerge
checking for ld used by clang... ld
checking if the linker (ld) is GNU ld... no
checking for shared library run path origin... done
checking for CFPreferencesCopyAppValue... yes
checking for CFLocaleCopyCurrent... yes
checking for GNU gettext in libc... no
checking for iconv... yes
checking for working iconv... yes
checking how to link with libiconv... -liconv
checking for GNU gettext in libintl... yes
checking whether to use NLS... yes
checking where the gettext function comes from... external libintl
checking how to link with libintl... -lintl -liconv -lc -Wl,-framework -Wl,CoreFoundation
checking for bison... bison -y
checking for flex... flex
checking lex output file root... lex.yy
checking lex library... -ll
checking whether yytext is a pointer... yes
checking for gcc... (cached) clang
checking whether we are using the GNU C compiler... (cached) yes
checking whether clang accepts -g... (cached) yes
checking for clang option to accept ISO C89... (cached) none needed
checking whether clang understands -c and -o together... (cached) yes
checking whether we are using the GNU C++ compiler... yes
checking whether clang++ accepts -g... yes
checking how to run the C++ preprocessor... clang++ -E
checking for ld used by clang++... ld
checking if the linker (ld) is GNU ld... no
checking whether the clang++ linker (ld) supports shared libraries... yes
checking for clang++ option to produce PIC... -fno-common -DPIC
checking if clang++ PIC flag -fno-common -DPIC works... yes
checking if clang++ static flag -static works... no
checking if clang++ supports -c -o file.o... yes
checking if clang++ supports -c -o file.o... (cached) yes
checking whether the clang++ linker (ld) supports shared libraries... yes
checking dynamic linker characteristics... darwin12 dyld
checking how to hardcode library paths into programs... immediate
checking dependency style of clang++... gcc3
checking whether ln -s works... yes
checking for gawk... (cached) awk
checking for bison... /Users/chenjie/Documents/git/cerbero/build/build-tools/bin/bison
checking for help2man... ${top_srcdir}/build-aux/missing help2man
configure: WARNING: program not found: help2man: building man page will not work
checking for gtexi2dvi... no
checking for texi2dvi... /usr/bin/texi2dvi
configure: WARNING: texi2dvi: program not found: building pdf version of manual will not work
checking for m4 that supports -P... /Users/chenjie/Documents/git/cerbero/build/build-tools/bin/m4
checking for indent... /usr/bin/indent
checking if /usr/bin/indent is GNU indent... no
configure: WARNING: /usr/bin/indent does not appear to be GNU indent.
checking for inttypes.h... (cached) yes
checking libintl.h usability... yes
checking libintl.h presence... yes
checking for libintl.h... yes
checking limits.h usability... yes
checking limits.h presence... yes
checking for limits.h... yes
checking locale.h usability... yes
checking locale.h presence... yes
checking for locale.h... yes
checking malloc.h usability... no
checking malloc.h presence... no
checking for malloc.h... no
checking netinet/in.h usability... yes
checking netinet/in.h presence... yes
checking for netinet/in.h... yes
checking regex.h usability... yes
checking regex.h presence... yes
checking for regex.h... yes
checking for unistd.h... (cached) yes
checking for pthread_mutex_lock in -lpthread... yes
checking pthread.h usability... yes
checking pthread.h presence... yes
checking for pthread.h... yes
checking for log10 in -lm... yes
checking for stdbool.h that conforms to C99... yes
checking for _Bool... yes
checking for an ANSI C-conforming const... yes
checking for size_t... yes
checking for working alloca.h... yes
checking for alloca... yes
checking for pid_t... yes
checking vfork.h usability... no
checking vfork.h presence... no
checking for vfork.h... no
checking for fork... yes
checking for vfork... yes
checking for working fork... yes
checking for working vfork... (cached) yes
checking for stdlib.h... (cached) yes
checking for GNU libc compatible malloc... yes
checking for stdlib.h... (cached) yes
checking for GNU libc compatible realloc... yes
checking for dup2... yes
checking for memset... yes
checking for pow... yes
checking for regcomp... yes
checking for setlocale... yes
checking for strchr... yes
checking for strdup... yes
checking for strtol... yes
checking for reallocarray... no
checking that generated files are newer than configure... done
configure: creating ./config.status
config.status: creating Makefile
config.status: creating examples/Makefile
config.status: creating examples/fastwc/Makefile
config.status: creating examples/manual/Makefile
config.status: creating lib/Makefile
config.status: creating po/Makefile.in
config.status: creating src/Makefile
config.status: creating tools/Makefile
config.status: creating tests/Makefile
config.status: creating src/config.h
config.status: executing libtool commands
config.status: executing depfiles commands
config.status: executing po-directories commands
config.status: creating po/POTFILES
config.status: creating po/Makefile
configure: WARNING: unrecognized options: --disable-maintainer-mode, --enable-introspection
