Running command 'make install'
/Applications/Xcode.app/Contents/Developer/usr/bin/make  install-recursive
Making install in .
 build-aux/install-sh -c -d '/Users/chenjie/Documents/git/cerbero/build/build-tools/bin'
 /usr/bin/install -c libtool '/Users/chenjie/Documents/git/cerbero/build/build-tools/bin'
 build-aux/install-sh -c -d '/Users/chenjie/Documents/git/cerbero/build/build-tools/lib'
 /bin/sh ./libtool   --mode=install /usr/bin/install -c   libltdl/libltdl.la '/Users/chenjie/Documents/git/cerbero/build/build-tools/lib'
libtool: install: /usr/bin/install -c libltdl/.libs/libltdl.7.dylib /Users/chenjie/Documents/git/cerbero/build/build-tools/lib/libltdl.7.dylib
libtool: install: (cd /Users/chenjie/Documents/git/cerbero/build/build-tools/lib && { ln -s -f libltdl.7.dylib libltdl.dylib || { rm -f libltdl.dylib && ln -s libltdl.7.dylib libltdl.dylib; }; })
libtool: install: /usr/bin/install -c libltdl/.libs/libltdl.lai /Users/chenjie/Documents/git/cerbero/build/build-tools/lib/libltdl.la
libtool: install: /usr/bin/install -c libltdl/.libs/libltdl.a /Users/chenjie/Documents/git/cerbero/build/build-tools/lib/libltdl.a
libtool: install: chmod 644 /Users/chenjie/Documents/git/cerbero/build/build-tools/lib/libltdl.a
libtool: install: ranlib /Users/chenjie/Documents/git/cerbero/build/build-tools/lib/libltdl.a
 GREP='/usr/bin/grep' SED='/Users/chenjie/Documents/git/cerbero/build/build-tools/bin/sed' './build-aux/inline-source' libtoolize > '/Users/chenjie/Documents/git/cerbero/build/build-tools/bin/libtoolize'
rm -rf '/Users/chenjie/Documents/git/cerbero/build/build-tools/share/libtool'/*
 /usr/bin/install -c -m 644 './m4/libtool.m4' '/Users/chenjie/Documents/git/cerbero/build/build-tools/share/aclocal/libtool.m4'
 /usr/bin/install -c -m 644 './m4/ltargz.m4' '/Users/chenjie/Documents/git/cerbero/build/build-tools/share/aclocal/ltargz.m4'
 /usr/bin/install -c -m 644 './m4/ltdl.m4' '/Users/chenjie/Documents/git/cerbero/build/build-tools/share/aclocal/ltdl.m4'
 /usr/bin/install -c -m 644 './m4/ltoptions.m4' '/Users/chenjie/Documents/git/cerbero/build/build-tools/share/aclocal/ltoptions.m4'
 /usr/bin/install -c -m 644 './m4/ltsugar.m4' '/Users/chenjie/Documents/git/cerbero/build/build-tools/share/aclocal/ltsugar.m4'
 /usr/bin/install -c -m 644 './m4/ltversion.m4' '/Users/chenjie/Documents/git/cerbero/build/build-tools/share/aclocal/ltversion.m4'
 /usr/bin/install -c -m 644 './m4/lt~obsolete.m4' '/Users/chenjie/Documents/git/cerbero/build/build-tools/share/aclocal/lt~obsolete.m4'
 /usr/bin/install -c './build-aux/compile' '/Users/chenjie/Documents/git/cerbero/build/build-tools/share/libtool/build-aux/compile'
 /usr/bin/install -c './build-aux/config.guess' '/Users/chenjie/Documents/git/cerbero/build/build-tools/share/libtool/build-aux/config.guess'
 /usr/bin/install -c './build-aux/config.sub' '/Users/chenjie/Documents/git/cerbero/build/build-tools/share/libtool/build-aux/config.sub'
 /usr/bin/install -c './build-aux/depcomp' '/Users/chenjie/Documents/git/cerbero/build/build-tools/share/libtool/build-aux/depcomp'
 /usr/bin/install -c './build-aux/install-sh' '/Users/chenjie/Documents/git/cerbero/build/build-tools/share/libtool/build-aux/install-sh'
 /usr/bin/install -c './build-aux/missing' '/Users/chenjie/Documents/git/cerbero/build/build-tools/share/libtool/build-aux/missing'
 /usr/bin/install -c -m 644 './build-aux/ltmain.sh' '/Users/chenjie/Documents/git/cerbero/build/build-tools/share/libtool/build-aux/ltmain.sh'
 /usr/bin/install -c -m 644 './libltdl/COPYING.LIB' '/Users/chenjie/Documents/git/cerbero/build/build-tools/share/libtool/COPYING.LIB'
 /usr/bin/install -c -m 644 './libltdl/Makefile.am' '/Users/chenjie/Documents/git/cerbero/build/build-tools/share/libtool/Makefile.am'
 /usr/bin/install -c -m 644 './libltdl/README' '/Users/chenjie/Documents/git/cerbero/build/build-tools/share/libtool/README'
 /usr/bin/install -c -m 644 './libltdl/configure.ac' '/Users/chenjie/Documents/git/cerbero/build/build-tools/share/libtool/configure.ac'
 /usr/bin/install -c -m 644 './libltdl/aclocal.m4' '/Users/chenjie/Documents/git/cerbero/build/build-tools/share/libtool/aclocal.m4'
 /usr/bin/install -c -m 644 './libltdl/Makefile.in' '/Users/chenjie/Documents/git/cerbero/build/build-tools/share/libtool/Makefile.in'
 /usr/bin/install -c -m 644 './libltdl/config-h.in' '/Users/chenjie/Documents/git/cerbero/build/build-tools/share/libtool/config-h.in'
 /usr/bin/install -c -m 644 './libltdl/configure' '/Users/chenjie/Documents/git/cerbero/build/build-tools/share/libtool/configure'
 /usr/bin/install -c -m 644 './libltdl/libltdl/lt__alloc.h' '/Users/chenjie/Documents/git/cerbero/build/build-tools/share/libtool/libltdl/lt__alloc.h'
 /usr/bin/install -c -m 644 './libltdl/libltdl/lt__argz_.h' '/Users/chenjie/Documents/git/cerbero/build/build-tools/share/libtool/libltdl/lt__argz_.h'
 /usr/bin/install -c -m 644 './libltdl/libltdl/lt__dirent.h' '/Users/chenjie/Documents/git/cerbero/build/build-tools/share/libtool/libltdl/lt__dirent.h'
 /usr/bin/install -c -m 644 './libltdl/libltdl/lt__glibc.h' '/Users/chenjie/Documents/git/cerbero/build/build-tools/share/libtool/libltdl/lt__glibc.h'
 /usr/bin/install -c -m 644 './libltdl/libltdl/lt__private.h' '/Users/chenjie/Documents/git/cerbero/build/build-tools/share/libtool/libltdl/lt__private.h'
 /usr/bin/install -c -m 644 './libltdl/libltdl/lt__strl.h' '/Users/chenjie/Documents/git/cerbero/build/build-tools/share/libtool/libltdl/lt__strl.h'
 /usr/bin/install -c -m 644 './libltdl/libltdl/lt_dlloader.h' '/Users/chenjie/Documents/git/cerbero/build/build-tools/share/libtool/libltdl/lt_dlloader.h'
 /usr/bin/install -c -m 644 './libltdl/libltdl/lt_error.h' '/Users/chenjie/Documents/git/cerbero/build/build-tools/share/libtool/libltdl/lt_error.h'
 /usr/bin/install -c -m 644 './libltdl/libltdl/lt_system.h' '/Users/chenjie/Documents/git/cerbero/build/build-tools/share/libtool/libltdl/lt_system.h'
 /usr/bin/install -c -m 644 './libltdl/libltdl/slist.h' '/Users/chenjie/Documents/git/cerbero/build/build-tools/share/libtool/libltdl/slist.h'
 /usr/bin/install -c -m 644 './libltdl/loaders/dld_link.c' '/Users/chenjie/Documents/git/cerbero/build/build-tools/share/libtool/loaders/dld_link.c'
 /usr/bin/install -c -m 644 './libltdl/loaders/dlopen.c' '/Users/chenjie/Documents/git/cerbero/build/build-tools/share/libtool/loaders/dlopen.c'
 /usr/bin/install -c -m 644 './libltdl/loaders/dyld.c' '/Users/chenjie/Documents/git/cerbero/build/build-tools/share/libtool/loaders/dyld.c'
 /usr/bin/install -c -m 644 './libltdl/loaders/load_add_on.c' '/Users/chenjie/Documents/git/cerbero/build/build-tools/share/libtool/loaders/load_add_on.c'
 /usr/bin/install -c -m 644 './libltdl/loaders/loadlibrary.c' '/Users/chenjie/Documents/git/cerbero/build/build-tools/share/libtool/loaders/loadlibrary.c'
 /usr/bin/install -c -m 644 './libltdl/loaders/preopen.c' '/Users/chenjie/Documents/git/cerbero/build/build-tools/share/libtool/loaders/preopen.c'
 /usr/bin/install -c -m 644 './libltdl/loaders/shl_load.c' '/Users/chenjie/Documents/git/cerbero/build/build-tools/share/libtool/loaders/shl_load.c'
 /usr/bin/install -c -m 644 './libltdl/lt__alloc.c' '/Users/chenjie/Documents/git/cerbero/build/build-tools/share/libtool/lt__alloc.c'
 /usr/bin/install -c -m 644 './libltdl/lt__argz.c' '/Users/chenjie/Documents/git/cerbero/build/build-tools/share/libtool/lt__argz.c'
 /usr/bin/install -c -m 644 './libltdl/lt__dirent.c' '/Users/chenjie/Documents/git/cerbero/build/build-tools/share/libtool/lt__dirent.c'
 /usr/bin/install -c -m 644 './libltdl/lt__strl.c' '/Users/chenjie/Documents/git/cerbero/build/build-tools/share/libtool/lt__strl.c'
 /usr/bin/install -c -m 644 './libltdl/lt_dlloader.c' '/Users/chenjie/Documents/git/cerbero/build/build-tools/share/libtool/lt_dlloader.c'
 /usr/bin/install -c -m 644 './libltdl/lt_error.c' '/Users/chenjie/Documents/git/cerbero/build/build-tools/share/libtool/lt_error.c'
 /usr/bin/install -c -m 644 './libltdl/ltdl.c' '/Users/chenjie/Documents/git/cerbero/build/build-tools/share/libtool/ltdl.c'
 /usr/bin/install -c -m 644 './libltdl/ltdl.h' '/Users/chenjie/Documents/git/cerbero/build/build-tools/share/libtool/ltdl.h'
 /usr/bin/install -c -m 644 './libltdl/ltdl.mk' '/Users/chenjie/Documents/git/cerbero/build/build-tools/share/libtool/ltdl.mk'
 /usr/bin/install -c -m 644 './libltdl/slist.c' '/Users/chenjie/Documents/git/cerbero/build/build-tools/share/libtool/slist.c'
chmod a+x '/Users/chenjie/Documents/git/cerbero/build/build-tools/share/libtool/configure'
 build-aux/install-sh -c -d '/Users/chenjie/Documents/git/cerbero/build/build-tools/include'
 /usr/bin/install -c -m 644 libltdl/ltdl.h '/Users/chenjie/Documents/git/cerbero/build/build-tools/include'
 build-aux/install-sh -c -d '/Users/chenjie/Documents/git/cerbero/build/build-tools/share/info'
 /usr/bin/install -c -m 644 ./doc/libtool.info ./doc/libtool.info-1 ./doc/libtool.info-2 '/Users/chenjie/Documents/git/cerbero/build/build-tools/share/info'
 install-info --info-dir='/Users/chenjie/Documents/git/cerbero/build/build-tools/share/info' '/Users/chenjie/Documents/git/cerbero/build/build-tools/share/info/libtool.info'
 build-aux/install-sh -c -d '/Users/chenjie/Documents/git/cerbero/build/build-tools/include/libltdl'
 /usr/bin/install -c -m 644 libltdl/libltdl/lt_system.h libltdl/libltdl/lt_error.h libltdl/libltdl/lt_dlloader.h '/Users/chenjie/Documents/git/cerbero/build/build-tools/include/libltdl'
 build-aux/install-sh -c -d '/Users/chenjie/Documents/git/cerbero/build/build-tools/share/man/man1'
 /usr/bin/install -c -m 644 ./doc/libtool.1 ./doc/libtoolize.1 '/Users/chenjie/Documents/git/cerbero/build/build-tools/share/man/man1'
