Running command './configure --prefix /Users/chenjie/Documents/git/cerbero/build/build-tools --libdir /Users/chenjie/Documents/git/cerbero/build/build-tools/lib --disable-maintainer-mode  --disable-silent-rules  --enable-introspection  --build=x86_64-apple-darwin12   '
configure: WARNING: unrecognized options: --disable-maintainer-mode, --enable-introspection
## ------------------------- ##
## Configuring libtool 2.4.6 ##
## ------------------------- ##

checking for GNU M4 that supports accurate traces... /Users/chenjie/Documents/git/cerbero/build/build-tools/bin/m4
checking whether /Users/chenjie/Documents/git/cerbero/build/build-tools/bin/m4 accepts --gnu... yes
checking how m4 supports trace files... --debugfile
checking for a BSD-compatible install... /usr/bin/install -c
checking whether build environment is sane... yes
checking for a thread-safe mkdir -p... build-aux/install-sh -c -d
checking for gawk... no
checking for mawk... no
checking for nawk... no
checking for awk... awk
checking whether make sets $(MAKE)... yes
checking whether make supports nested variables... yes
checking whether make supports nested variables... (cached) yes
checking build system type... x86_64-apple-darwin12
checking host system type... x86_64-apple-darwin12
configure: autobuild project... GNU Libtool
configure: autobuild revision... 2.4.6
configure: autobuild hostname... ChendeMac-mini.local
configure: autobuild mode... default
configure: autobuild timestamp... 20190327T072907Z
checking for gcc... clang
checking whether the C compiler works... yes
checking for C compiler default output file name... a.out
checking for suffix of executables... 
checking whether we are cross compiling... no
checking for suffix of object files... o
checking whether we are using the GNU C compiler... yes
checking whether clang accepts -g... yes
checking for clang option to accept ISO C89... none needed
checking whether clang understands -c and -o together... rm: conftest.dSYM: is a directory
yes
checking for style of include used by make... GNU
checking dependency style of clang... gcc3
checking how to run the C preprocessor... clang -E
checking for grep that handles long lines and -e... /usr/bin/grep
checking for egrep... /usr/bin/grep -E
checking for Minix Amsterdam compiler... rm: conftest.dSYM: is a directory
no
checking how to run the C preprocessor... clang -E
checking how to print strings... printf
checking for a sed that does not truncate output... /Users/chenjie/Documents/git/cerbero/build/build-tools/bin/sed
checking for fgrep... /usr/bin/grep -F
checking for ld used by clang... ld
checking if the linker (ld) is GNU ld... no
checking for BSD- or MS-compatible name lister (nm)... nm
checking the name lister (nm) interface... rm: conftest.dSYM: is a directory
BSD nm
checking whether ln -s works... yes
checking the maximum length of command line arguments... 196608
checking how to convert x86_64-apple-darwin12 file names to x86_64-apple-darwin12 format... func_convert_file_noop
checking how to convert x86_64-apple-darwin12 file names to toolchain format... func_convert_file_noop
checking for ld option to reload object files... -r
checking for objdump... objdump
checking how to recognize dependent libraries... pass_all
checking for dlltool... no
checking how to associate runtime and link libraries... printf %s\n
checking for archiver @FILE support... rm: conftest.dSYM: is a directory
no
checking for strip... strip
checking for ranlib... ranlib
checking command to parse nm output from clang object... rm: conftest.dSYM: is a directory
ok
checking for sysroot... no
checking for a working dd... /bin/dd
checking how to truncate binary pipes... /bin/dd bs=4096 count=1
checking for mt... no
checking if : is a manifest tool... no
checking for dsymutil... dsymutil
checking for nmedit... nmedit
checking for lipo... lipo
checking for otool... otool
checking for otool64... no
checking for -single_module linker flag... yes
checking for -exported_symbols_list linker flag... yes
checking for -force_load linker flag... yes
checking for ANSI C header files... yes
checking for sys/types.h... yes
checking for sys/stat.h... yes
checking for stdlib.h... yes
checking for string.h... yes
checking for memory.h... yes
checking for strings.h... yes
checking for inttypes.h... yes
checking for stdint.h... yes
checking for unistd.h... yes
checking for dlfcn.h... yes
checking for objdir... .libs
checking if clang supports -fno-rtti -fno-exceptions... yes
checking for clang option to produce PIC... -fno-common -DPIC
checking if clang PIC flag -fno-common -DPIC works... yes
checking if clang static flag -static works... no
checking if clang supports -c -o file.o... yes
checking if clang supports -c -o file.o... (cached) yes
checking whether the clang linker (ld) supports shared libraries... yes
checking dynamic linker characteristics... darwin12 dyld
checking how to hardcode library paths into programs... immediate
checking for dlopen in -ldl... yes
checking whether a program can dlopen itself... yes
checking whether a statically linked program can dlopen itself... yes
checking whether stripping libraries is possible... yes
checking if libtool supports shared libraries... yes
checking whether to build shared libraries... yes
checking whether to build static libraries... yes
checking what extension is used for runtime loadable modules... .so
checking what variable specifies run-time module search path... DYLD_LIBRARY_PATH
checking for the default library search path... /usr/local/lib /lib /usr/lib
checking for library containing dlopen... none required
checking for dlerror... yes
checking for shl_load... no
checking for shl_load in -ldld... no
checking for dld_link in -ldld... no
checking for _ prefix in compiled symbols... yes
checking whether we have to add an underscore for dlsym... no
checking whether deplibs are loaded by dlopen... yes
checking for argz.h... no
checking for error_t... no
checking for argz_add... no
checking for argz_append... no
checking for argz_count... no
checking for argz_create_sep... no
checking for argz_insert... no
checking for argz_next... no
checking for argz_stringify... no
checking whether libtool supports -dlopen/-dlpreopen... yes
checking for unistd.h... (cached) yes
checking for dl.h... no
checking for sys/dl.h... no
checking for dld.h... no
checking for mach-o/dyld.h... yes
checking for dirent.h... yes
checking for closedir... yes
checking for opendir... yes
checking for readdir... yes
checking for strlcat... yes
checking for strlcpy... yes
checking whether we are using the GNU C++ compiler... yes
checking whether clang++ accepts -g... yes
checking dependency style of clang++... gcc3
checking how to run the C++ preprocessor... clang++ -E
checking for ld used by clang++... ld
checking if the linker (ld) is GNU ld... no
checking whether the clang++ linker (ld) supports shared libraries... yes
checking for clang++ option to produce PIC... -fno-common -DPIC
checking if clang++ PIC flag -fno-common -DPIC works... yes
checking if clang++ static flag -static works... no
checking if clang++ supports -c -o file.o... yes
checking if clang++ supports -c -o file.o... (cached) yes
checking whether the clang++ linker (ld) supports shared libraries... yes
checking dynamic linker characteristics... darwin12 dyld
checking how to hardcode library paths into programs... immediate
checking for g77... no
checking for xlf... no
checking for f77... no
checking for frt... no
checking for pgf77... no
checking for cf77... no
checking for fort77... no
checking for fl32... no
checking for af77... no
checking for xlf90... no
checking for f90... no
checking for pgf90... no
checking for pghpf... no
checking for epcf90... no
checking for gfortran... no
checking for g95... no
checking for xlf95... no
checking for f95... no
checking for fort... no
checking for ifort... no
checking for ifc... no
checking for efc... no
checking for pgfortran... no
checking for pgf95... no
checking for lf95... no
checking for ftn... no
checking for nagfor... no
checking whether we are using the GNU Fortran 77 compiler... no
checking whether  accepts -g... no
checking for gfortran... no
checking for g95... no
checking for xlf95... no
checking for f95... no
checking for fort... no
checking for ifort... no
checking for ifc... no
checking for efc... no
checking for pgfortran... no
checking for pgf95... no
checking for lf95... no
checking for ftn... no
checking for nagfor... no
checking for xlf90... no
checking for f90... no
checking for pgf90... no
checking for pghpf... no
checking for epcf90... no
checking for g77... no
checking for xlf... no
checking for f77... no
checking for frt... no
checking for pgf77... no
checking for cf77... no
checking for fort77... no
checking for fl32... no
checking for af77... no
checking whether we are using the GNU Fortran compiler... no
checking whether  accepts -g... no
checking for gccgo... no
checking for gcj... no
checking for windres... no
checking that generated files are newer than configure... done
configure: creating ./config.status
config.status: creating Makefile
config.status: creating config.h
config.status: executing tests/atconfig commands
config.status: executing depfiles commands
config.status: executing libtool commands
configure: WARNING: unrecognized options: --disable-maintainer-mode, --enable-introspection
