Running command 'autoreconf -f -i'
libtoolize: putting auxiliary files in '.'.
libtoolize: copying file './ltmain.sh'
libtoolize: putting macros in AC_CONFIG_MACRO_DIRS, 'm4'.
libtoolize: copying file 'm4/libtool.m4'
libtoolize: copying file 'm4/ltoptions.m4'
libtoolize: copying file 'm4/ltsugar.m4'
libtoolize: copying file 'm4/ltversion.m4'
libtoolize: copying file 'm4/lt~obsolete.m4'
configure.ac:28: installing './compile'
configure.ac:7: installing './config.guess'
configure.ac:7: installing './config.sub'
configure.ac:8: installing './install-sh'
configure.ac:8: installing './missing'
examples/Makefile.am: installing './depcomp'
parallel-tests: installing './test-driver'
Running command './configure --prefix /Users/chenjie/Documents/git/cerbero/build/build-tools --libdir /Users/chenjie/Documents/git/cerbero/build/build-tools/lib --disable-maintainer-mode  --disable-silent-rules  --enable-introspection  --build=x86_64-apple-darwin12   --disable-gtk-doc  '
configure: WARNING: unrecognized options: --enable-introspection
checking nano version... 1
checking build system type... x86_64-apple-darwin12
checking host system type... x86_64-apple-darwin12
checking for a BSD-compatible install... /usr/bin/install -c
checking whether build environment is sane... yes
checking for a thread-safe mkdir -p... ./install-sh -c -d
checking for gawk... no
checking for mawk... no
checking for nawk... no
checking for awk... awk
checking whether make sets $(MAKE)... yes
checking whether make supports nested variables... yes
checking whether UID '501' is supported by ustar format... yes
checking whether GID '20' is supported by ustar format... yes
checking how to create a ustar tar archive... gnutar
checking whether make supports nested variables... (cached) yes
checking how to print strings... printf
checking for style of include used by make... GNU
checking for gcc... clang
checking whether the C compiler works... yes
checking for C compiler default output file name... a.out
checking for suffix of executables... 
checking whether we are cross compiling... no
checking for suffix of object files... o
checking whether we are using the GNU C compiler... yes
checking whether clang accepts -g... yes
checking for clang option to accept ISO C89... none needed
checking whether clang understands -c and -o together... rm: conftest.dSYM: is a directory
yes
checking dependency style of clang... gcc3
checking for a sed that does not truncate output... /Users/chenjie/Documents/git/cerbero/build/build-tools/bin/sed
checking for grep that handles long lines and -e... /usr/bin/grep
checking for egrep... /usr/bin/grep -E
checking for fgrep... /usr/bin/grep -F
checking for ld used by clang... ld
checking if the linker (ld) is GNU ld... no
checking for BSD- or MS-compatible name lister (nm)... nm
checking the name lister (nm) interface... rm: conftest.dSYM: is a directory
BSD nm
checking whether ln -s works... yes
checking the maximum length of command line arguments... 196608
checking how to convert x86_64-apple-darwin12 file names to x86_64-apple-darwin12 format... func_convert_file_noop
checking how to convert x86_64-apple-darwin12 file names to toolchain format... func_convert_file_noop
checking for ld option to reload object files... -r
checking for objdump... objdump
checking how to recognize dependent libraries... pass_all
checking for dlltool... no
checking how to associate runtime and link libraries... printf %s\n
checking for archiver @FILE support... rm: conftest.dSYM: is a directory
no
checking for strip... strip
checking for ranlib... ranlib
checking command to parse nm output from clang object... rm: conftest.dSYM: is a directory
ok
checking for sysroot... no
checking for a working dd... /bin/dd
checking how to truncate binary pipes... /bin/dd bs=4096 count=1
checking for mt... no
checking if : is a manifest tool... no
checking for dsymutil... dsymutil
checking for nmedit... nmedit
checking for lipo... lipo
checking for otool... otool
checking for otool64... no
checking for -single_module linker flag... yes
checking for -exported_symbols_list linker flag... yes
checking for -force_load linker flag... yes
checking how to run the C preprocessor... clang -E
checking for ANSI C header files... yes
checking for sys/types.h... yes
checking for sys/stat.h... yes
checking for stdlib.h... yes
checking for string.h... yes
checking for memory.h... yes
checking for strings.h... yes
checking for inttypes.h... yes
checking for stdint.h... yes
checking for unistd.h... yes
checking for dlfcn.h... yes
checking for objdir... .libs
checking if clang supports -fno-rtti -fno-exceptions... yes
checking for clang option to produce PIC... -fno-common -DPIC
checking if clang PIC flag -fno-common -DPIC works... yes
checking if clang static flag -static works... no
checking if clang supports -c -o file.o... yes
checking if clang supports -c -o file.o... (cached) yes
checking whether the clang linker (ld) supports shared libraries... yes
checking dynamic linker characteristics... darwin12 dyld
checking how to hardcode library paths into programs... immediate
checking for dlopen in -ldl... yes
checking whether a program can dlopen itself... yes
checking whether a statically linked program can dlopen itself... yes
checking whether stripping libraries is possible... yes
checking if libtool supports shared libraries... yes
checking whether to build shared libraries... yes
checking whether to build static libraries... no
checking for gcc... (cached) clang
checking whether we are using the GNU C compiler... (cached) yes
checking whether clang accepts -g... (cached) yes
checking for clang option to accept ISO C89... (cached) none needed
checking whether clang understands -c and -o together... (cached) yes
checking dependency style of clang... (cached) gcc3
checking for clang option to accept ISO C99... none needed
checking for clang option to accept ISO Standard C... (cached) none needed
checking dependency style of clang... gcc3
checking whether to enable maintainer-specific portions of Makefiles... no
checking for posix_memalign... yes
checking pkg-config is at least version 0.9.0... yes
checking for gtk-doc... no
configure: WARNING:
  You will not be able to create source packages with 'make dist'
  because gtk-doc >= 1.12 is not found.
checking for gtkdoc-check... no
checking for gtkdoc-check... no
checking for gtkdoc-rebase... no
checking for gtkdoc-mkpdf... no
checking whether to build gtk-doc documentation... no
checking for GTKDOC_DEPS... no
checking whether byte ordering is bigendian... no
checking for stdlib.h... (cached) yes
checking for unistd.h... (cached) yes
checking for sys/param.h... yes
checking for getpagesize... yes
checking for working mmap... yes
checking for ANSI C header files... (cached) yes
checking for inttypes.h... (cached) yes
checking sys/time.h usability... yes
checking sys/time.h presence... yes
checking for sys/time.h... yes
checking for unistd.h... (cached) yes
checking for gettimeofday... yes
checking for clock_gettime in -lrt... no
checking for monotonic clocks... no
checking valgrind/valgrind.h usability... no
checking valgrind/valgrind.h presence... no
checking for valgrind/valgrind.h... no
checking to see if compiler understands -Wall... yes
checking to see if compiler understands -Werror... yes
checking to see if compiler understands -fvisibility=hidden... yes
checking for -Bsymbolic-functions linker flag... no
checking that generated files are newer than configure... done
configure: creating ./config.status
config.status: creating Makefile
config.status: creating doc/Makefile
config.status: creating doc/version.entities
config.status: creating orc/Makefile
config.status: creating orc-test/Makefile
config.status: creating testsuite/Makefile
config.status: creating testsuite/orcc/Makefile
config.status: creating testsuite/benchmorc/Makefile
config.status: creating examples/Makefile
config.status: creating tools/Makefile
config.status: creating orc-uninstalled.pc
config.status: creating orc.pc
config.status: creating orc-test.pc
config.status: creating orc-test-uninstalled.pc
config.status: creating config.h
config.status: executing depfiles commands
config.status: executing libtool commands
configure: WARNING: unrecognized options: --enable-introspection


Configuration
	Version                    : 0.4.28.1
	Source code location       : .
	Prefix                     : /Users/chenjie/Documents/git/cerbero/build/build-tools
	Compiler                   : clang

	API Documentation          : no

	Enable SSE backend         : yes
	Enable MMX backend         : yes
	Enable ALTIVEC backend     : yes
	Enable NEON backend        : yes
	Enable C64X backend        : yes
	Enable MIPS backend        : yes

	Building test apps         : yes

