Running command './configure --prefix /Users/chenjie/Documents/git/cerbero/build/build-tools --libdir /Users/chenjie/Documents/git/cerbero/build/build-tools/lib --disable-maintainer-mode  --disable-silent-rules  --enable-introspection  --build=x86_64-apple-darwin12   '
configure: WARNING: unrecognized options: --disable-maintainer-mode, --disable-silent-rules, --enable-introspection
checking for a BSD-compatible install... /usr/bin/install -c
checking whether build environment is sane... yes
checking for a thread-safe mkdir -p... build-aux/install-sh -c -d
checking for gawk... no
checking for mawk... no
checking for nawk... no
checking for awk... awk
checking whether make sets $(MAKE)... yes
checking for gcc... clang
checking whether the C compiler works... yes
checking for C compiler default output file name... a.out
checking for suffix of executables... 
checking whether we are cross compiling... no
checking for suffix of object files... o
checking whether we are using the GNU C compiler... yes
checking whether clang accepts -g... yes
checking for clang option to accept ISO C89... none needed
checking for style of include used by make... GNU
checking dependency style of clang... gcc3
checking how to run the C preprocessor... clang -E
checking for grep that handles long lines and -e... /usr/bin/grep
checking for egrep... /usr/bin/grep -E
checking for Minix Amsterdam compiler... rm: conftest.dSYM: is a directory
no
checking build system type... x86_64-apple-darwin12
checking host system type... x86_64-apple-darwin12
checking for ANSI C header files... rm: conftest.dSYM: is a directory
rm: conftest.dSYM: is a directory
yes
checking for sys/types.h... yes
checking for sys/stat.h... yes
checking for stdlib.h... yes
checking for string.h... yes
checking for memory.h... yes
checking for strings.h... yes
checking for inttypes.h... yes
checking for stdint.h... yes
checking for unistd.h... yes
checking minix/config.h usability... no
checking minix/config.h presence... no
checking for minix/config.h... no
checking whether it is safe to define __EXTENSIONS__... yes
checking for special C compiler options needed for large files... no
checking for _FILE_OFFSET_BITS value needed for large files... no
checking for clang option to accept ISO C99... none needed
checking for clang option to accept ISO Standard C... (cached) none needed
checking for size_t... yes
checking for working alloca.h... yes
checking for alloca... yes
checking whether <wchar.h> uses 'inline' correctly... yes
checking for btowc... yes
checking for canonicalize_file_name... no
checking for getcwd... yes
checking for readlink... yes
checking for realpath... yes
checking for symlink... yes
checking for _set_invalid_parameter_handler... no
checking for __fwriting... no
checking for getdelim... yes
checking for gettimeofday... yes
checking for lstat... yes
checking for mbsinit... yes
checking for mbrtowc... yes
checking for mbrlen... yes
checking for mprotect... yes
checking for mkostemp... (cached) no
checking for nl_langinfo... yes
checking for isblank... yes
checking for iswctype... yes
checking for wcscoll... yes
checking for link... yes
checking for wcrtomb... yes
checking for wctob... yes
checking for iswcntrl... yes
checking for isatty... yes
checking for isascii... yes
checking for memcpy... yes
checking for strchr... yes
checking for strtoul... yes
checking for popen... yes
checking for pathconf... yes
checking for fchown... yes
checking for fchmod... yes
checking for setlocale... yes
checking for nl_langinfo and CODESET... yes
checking for a traditional french locale... fr_FR.ISO8859-1
checking whether // is distinct from /... no
checking whether realpath works... no
checking for sys/param.h... yes
checking for unistd.h... (cached) yes
checking for sys/stat.h... (cached) yes
checking for getopt.h... yes
checking for sys/time.h... yes
checking for sys/socket.h... yes
checking for langinfo.h... yes
checking for xlocale.h... yes
checking for sys/mman.h... yes
checking for selinux/selinux.h... no
checking for wchar.h... yes
checking for stdint.h... (cached) yes
checking for features.h... no
checking for wctype.h... yes
checking for locale.h... yes
checking for errno.h... yes
checking for mcheck.h... no
checking whether the preprocessor supports include_next... yes
checking whether system header files limit the line length... no
checking for complete errno.h... yes
checking whether strerror_r is declared... yes
checking for strerror_r... yes
checking whether strerror_r returns char *... no
checking for working fcntl.h... no (bad O_NOATIME)
checking for pid_t... yes
checking for mode_t... yes
checking whether stat file-mode macros are broken... no
checking for nlink_t... yes
checking whether fchmodat is declared without a macro... yes
checking whether fstat is declared without a macro... yes
checking whether fstatat is declared without a macro... yes
checking whether futimens is declared without a macro... yes
checking whether lchmod is declared without a macro... yes
checking whether lstat is declared without a macro... yes
checking whether mkdirat is declared without a macro... yes
checking whether mkfifo is declared without a macro... yes
checking whether mkfifoat is declared without a macro... no
checking whether mknod is declared without a macro... yes
checking whether mknodat is declared without a macro... no
checking whether stat is declared without a macro... yes
checking whether utimensat is declared without a macro... yes
checking whether getdelim is declared... yes
checking for getopt.h... (cached) yes
checking for getopt_long_only... yes
checking whether getopt is POSIX compatible... no
checking whether getenv is declared... yes
checking for C/C++ restrict keyword... __restrict
checking for struct timeval... yes
checking for wide-enough struct timeval.tv_sec member... yes
checking whether gettimeofday is declared without a macro... yes
checking whether getc_unlocked is declared... yes
checking whether we are using the GNU C Library >= 2.1 or uClibc... no
checking for wchar_t... yes
checking whether NULL can be used in arbitrary expressions... yes
checking whether lstat correctly handles trailing slash... no
checking whether malloc, realloc, calloc are POSIX compliant... yes
checking for stdlib.h... (cached) yes
checking for GNU libc compatible malloc... yes
checking for unsigned long long int... yes
checking for long long int... yes
checking for mbstate_t... yes
checking for a traditional japanese locale... ja_JP.eucJP
checking for a transitional chinese locale... zh_CN.GB18030
checking for a french Unicode locale... fr_FR.UTF-8
checking whether mbrtowc handles incomplete characters... yes
checking whether mbrtowc works as well as mbtowc... yes
checking whether mbrtowc handles a NULL pwc argument... yes
checking whether mbrtowc handles a NULL string argument... yes
checking whether mbrtowc has a correct return value... yes
checking whether mbrtowc returns 0 when parsing a NUL character... yes
checking for mmap... yes
checking for MAP_ANONYMOUS... yes
checking whether memchr works... yes
checking for inline... inline
checking for library containing setfilecon... no
checking for stdbool.h that conforms to C99... yes
checking for _Bool... yes
checking whether stdint.h conforms to C99... yes
checking whether strerror(0) succeeds... no
checking whether ffsl is declared without a macro... yes
checking whether ffsll is declared without a macro... yes
checking whether memmem is declared without a macro... yes
checking whether mempcpy is declared without a macro... no
checking whether memrchr is declared without a macro... no
checking whether rawmemchr is declared without a macro... no
checking whether stpcpy is declared without a macro... yes
checking whether stpncpy is declared without a macro... yes
checking whether strchrnul is declared without a macro... no
checking whether strdup is declared without a macro... yes
checking whether strncat is declared without a macro... yes
checking whether strndup is declared without a macro... yes
checking whether strnlen is declared without a macro... yes
checking whether strpbrk is declared without a macro... yes
checking whether strsep is declared without a macro... yes
checking whether strcasestr is declared without a macro... yes
checking whether strtok_r is declared without a macro... yes
checking whether strerror_r is declared without a macro... yes
checking whether strsignal is declared without a macro... yes
checking whether strverscmp is declared without a macro... no
checking for struct timespec in <time.h>... yes
checking whether clearerr_unlocked is declared... yes
checking whether feof_unlocked is declared... yes
checking whether ferror_unlocked is declared... yes
checking whether fflush_unlocked is declared... no
checking whether fgets_unlocked is declared... no
checking whether fputc_unlocked is declared... no
checking whether fputs_unlocked is declared... no
checking whether fread_unlocked is declared... no
checking whether fwrite_unlocked is declared... no
checking whether getchar_unlocked is declared... yes
checking whether putc_unlocked is declared... yes
checking whether putchar_unlocked is declared... yes
checking for wint_t... yes
checking sys/acl.h usability... yes
checking sys/acl.h presence... yes
checking for sys/acl.h... yes
checking for library containing acl_get_file... none required
checking for acl_get_file... yes
checking for acl_get_fd... yes
checking for acl_set_file... yes
checking for acl_set_fd... yes
checking for acl_free... yes
checking for acl_from_mode... no
checking for acl_from_text... yes
checking for acl_delete_def_file... yes
checking for acl_extended_file... no
checking for acl_delete_fd_np... yes
checking for acl_delete_file_np... yes
checking for acl_copy_ext_native... yes
checking for acl_create_entry_np... yes
checking for acl_to_short_text... no
checking for acl_free_text... no
checking for working acl_get_file... yes
checking acl/libacl.h usability... no
checking acl/libacl.h presence... no
checking for acl/libacl.h... no
checking for acl_entries... no
checking for ACL_FIRST_ENTRY... yes
checking for ACL_TYPE_EXTENDED... yes
checking for alloca as a compiler built-in... yes
checking whether btowc(0) is correct... yes
checking whether btowc(EOF) is correct... yes
checking whether // is distinct from /... (cached) no
checking for error_at_line... no
checking whether fcntl is declared without a macro... yes
checking whether openat is declared without a macro... yes
checking for working getdelim function... yes
checking whether gettimeofday clobbers localtime buffer... no
checking for gettimeofday with POSIX signature... yes
checking whether langinfo.h defines CODESET... yes
checking whether langinfo.h defines T_FMT_AMPM... yes
checking whether langinfo.h defines ERA... yes
checking whether langinfo.h defines YESEXPR... yes
checking whether nl_langinfo is declared without a macro... yes
checking whether locale.h conforms to POSIX:2001... yes
checking whether locale.h defines locale_t... no
checking whether struct lconv is properly defined... yes
checking whether setlocale is declared without a macro... yes
checking whether duplocale is declared without a macro... yes
checking for stdlib.h... (cached) yes
checking for GNU libc compatible malloc... (cached) yes
checking whether mbrtowc handles incomplete characters... (cached) yes
checking whether mbrtowc works as well as mbtowc... (cached) yes
checking whether mbrtowc handles a NULL pwc argument... (cached) yes
checking whether mbrtowc handles a NULL string argument... (cached) yes
checking whether mbrtowc has a correct return value... (cached) yes
checking whether mbrtowc returns 0 when parsing a NUL character... (cached) yes
checking whether mbrtowc handles incomplete characters... (cached) yes
checking whether mbrtowc works as well as mbtowc... (cached) yes
checking whether YESEXPR works... yes
checking for obstacks... no
checking whether readlink signature is correct... yes
checking whether readlink handles trailing slash correctly... no
checking for working re_compile_pattern... no
checking libintl.h usability... yes
checking libintl.h presence... yes
checking for libintl.h... yes
checking whether isblank is declared... yes
checking whether rename honors trailing slash on destination... no
checking whether rename honors trailing slash on source... no
checking whether rename manages hard links correctly... yes
checking whether rename manages existing destinations correctly... yes
checking whether rmdir works... yes
checking for selinux/selinux.h... (cached) no
checking selinux/context.h usability... no
checking selinux/context.h presence... no
checking for selinux/context.h... no
checking for ssize_t... yes
checking whether stat handles trailing slashes on directories... yes
checking whether stat handles trailing slashes on files... no
checking for va_copy... yes
checking whether NULL can be used in arbitrary expressions... (cached) yes
checking whether dprintf is declared without a macro... yes
checking whether fpurge is declared without a macro... yes
checking whether fseeko is declared without a macro... yes
checking whether ftello is declared without a macro... yes
checking whether getdelim is declared without a macro... yes
checking whether getline is declared without a macro... yes
checking whether gets is declared without a macro... yes
checking whether pclose is declared without a macro... yes
checking whether popen is declared without a macro... yes
checking whether renameat is declared without a macro... yes
checking whether snprintf is declared without a macro... yes
checking whether tmpfile is declared without a macro... yes
checking whether vdprintf is declared without a macro... yes
checking whether vsnprintf is declared without a macro... yes
checking whether _Exit is declared without a macro... yes
checking whether atoll is declared without a macro... yes
checking whether canonicalize_file_name is declared without a macro... no
checking whether getloadavg is declared without a macro... yes
checking whether getsubopt is declared without a macro... yes
checking whether grantpt is declared without a macro... yes
checking whether initstate is declared without a macro... yes
checking whether initstate_r is declared without a macro... no
checking whether mkdtemp is declared without a macro... no
checking whether mkostemp is declared without a macro... no
checking whether mkostemps is declared without a macro... no
checking whether mkstemp is declared without a macro... yes
checking whether mkstemps is declared without a macro... no
checking whether posix_openpt is declared without a macro... yes
checking whether ptsname is declared without a macro... yes
checking whether ptsname_r is declared without a macro... yes
checking whether random is declared without a macro... yes
checking whether random_r is declared without a macro... no
checking whether realpath is declared without a macro... yes
checking whether rpmatch is declared without a macro... no
checking whether setenv is declared without a macro... yes
checking whether setstate is declared without a macro... yes
checking whether setstate_r is declared without a macro... no
checking whether srandom is declared without a macro... yes
checking whether srandom_r is declared without a macro... no
checking whether strtod is declared without a macro... yes
checking whether strtoll is declared without a macro... yes
checking whether strtoull is declared without a macro... yes
checking whether unlockpt is declared without a macro... yes
checking whether unsetenv is declared without a macro... yes
checking for strverscmp... no
checking for nlink_t... (cached) yes
checking whether fchmodat is declared without a macro... (cached) yes
checking whether fstat is declared without a macro... (cached) yes
checking whether fstatat is declared without a macro... (cached) yes
checking whether futimens is declared without a macro... (cached) yes
checking whether lchmod is declared without a macro... (cached) yes
checking whether lstat is declared without a macro... (cached) yes
checking whether mkdirat is declared without a macro... (cached) yes
checking whether mkfifo is declared without a macro... (cached) yes
checking whether mkfifoat is declared without a macro... (cached) no
checking whether mknod is declared without a macro... (cached) yes
checking whether mknodat is declared without a macro... (cached) no
checking whether stat is declared without a macro... (cached) yes
checking whether utimensat is declared without a macro... (cached) yes
checking whether chdir is declared without a macro... yes
checking whether chown is declared without a macro... yes
checking whether dup is declared without a macro... yes
checking whether dup2 is declared without a macro... yes
checking whether dup3 is declared without a macro... no
checking whether environ is declared without a macro... no
checking whether euidaccess is declared without a macro... no
checking whether faccessat is declared without a macro... yes
checking whether fchdir is declared without a macro... yes
checking whether fchownat is declared without a macro... yes
checking whether fdatasync is declared without a macro... no
checking whether fsync is declared without a macro... yes
checking whether ftruncate is declared without a macro... yes
checking whether getcwd is declared without a macro... yes
checking whether getdomainname is declared without a macro... yes
checking whether getdtablesize is declared without a macro... yes
checking whether getgroups is declared without a macro... yes
checking whether gethostname is declared without a macro... yes
checking whether getlogin is declared without a macro... yes
checking whether getlogin_r is declared without a macro... yes
checking whether getpagesize is declared without a macro... yes
checking whether getusershell is declared without a macro... yes
checking whether setusershell is declared without a macro... yes
checking whether endusershell is declared without a macro... yes
checking whether group_member is declared without a macro... no
checking whether isatty is declared without a macro... yes
checking whether lchown is declared without a macro... yes
checking whether link is declared without a macro... yes
checking whether linkat is declared without a macro... yes
checking whether lseek is declared without a macro... yes
checking whether pipe is declared without a macro... yes
checking whether pipe2 is declared without a macro... no
checking whether pread is declared without a macro... yes
checking whether pwrite is declared without a macro... yes
checking whether readlink is declared without a macro... yes
checking whether readlinkat is declared without a macro... yes
checking whether rmdir is declared without a macro... yes
checking whether sethostname is declared without a macro... yes
checking whether sleep is declared without a macro... yes
checking whether symlink is declared without a macro... yes
checking whether symlinkat is declared without a macro... yes
checking whether ttyname_r is declared without a macro... yes
checking whether unlink is declared without a macro... yes
checking whether unlinkat is declared without a macro... yes
checking whether usleep is declared without a macro... yes
checking whether btowc is declared without a macro... yes
checking whether wctob is declared without a macro... yes
checking whether mbsinit is declared without a macro... yes
checking whether mbrtowc is declared without a macro... yes
checking whether mbrlen is declared without a macro... yes
checking whether mbsrtowcs is declared without a macro... yes
checking whether mbsnrtowcs is declared without a macro... yes
checking whether wcrtomb is declared without a macro... yes
checking whether wcsrtombs is declared without a macro... yes
checking whether wcsnrtombs is declared without a macro... yes
checking whether wcwidth is declared without a macro... yes
checking whether wmemchr is declared without a macro... yes
checking whether wmemcmp is declared without a macro... yes
checking whether wmemcpy is declared without a macro... yes
checking whether wmemmove is declared without a macro... yes
checking whether wmemset is declared without a macro... yes
checking whether wcslen is declared without a macro... yes
checking whether wcsnlen is declared without a macro... yes
checking whether wcscpy is declared without a macro... yes
checking whether wcpcpy is declared without a macro... yes
checking whether wcsncpy is declared without a macro... yes
checking whether wcpncpy is declared without a macro... yes
checking whether wcscat is declared without a macro... yes
checking whether wcsncat is declared without a macro... yes
checking whether wcscmp is declared without a macro... yes
checking whether wcsncmp is declared without a macro... yes
checking whether wcscasecmp is declared without a macro... yes
checking whether wcsncasecmp is declared without a macro... yes
checking whether wcscoll is declared without a macro... yes
checking whether wcsxfrm is declared without a macro... yes
checking whether wcsdup is declared without a macro... yes
checking whether wcschr is declared without a macro... yes
checking whether wcsrchr is declared without a macro... yes
checking whether wcscspn is declared without a macro... yes
checking whether wcsspn is declared without a macro... yes
checking whether wcspbrk is declared without a macro... yes
checking whether wcsstr is declared without a macro... yes
checking whether wcstok is declared without a macro... yes
checking whether wcswidth is declared without a macro... yes
checking whether mbrtowc handles incomplete characters... (cached) yes
checking whether mbrtowc works as well as mbtowc... (cached) yes
checking whether wcrtomb return value is correct... yes
checking whether wctob works... yes
checking whether wctob is declared... (cached) yes
checking whether iswcntrl works... yes
checking for towlower... yes
checking for wctype_t... yes
checking for wctrans_t... yes
checking whether wctype is declared without a macro... yes
checking whether iswctype is declared without a macro... yes
checking whether wctrans is declared without a macro... yes
checking whether towctrans is declared without a macro... yes
checking whether "rt" can be used with fopen... yes
checking whether -lcP is needed... no
checking for an ANSI C-conforming const... yes
checking for size_t... (cached) yes
checking whether NLS is requested... yes
checking for msgfmt... no
checking for gmsgfmt... :
checking for xgettext... no
checking for msgmerge... no
checking for ld used by GCC... ld
checking if the linker (ld) is GNU ld... no
checking for shared library run path origin... done
checking for CFPreferencesCopyAppValue... yes
checking for CFLocaleCopyCurrent... yes
checking for GNU gettext in libc... no
checking for iconv... yes
checking for working iconv... yes
checking how to link with libiconv... -liconv
checking for GNU gettext in libintl... yes
checking whether to use NLS... yes
checking where the gettext function comes from... external libintl
checking how to link with libintl... -lintl -liconv -lc -Wl,-framework -Wl,CoreFoundation
checking whether UTF-8 case folding tests should pass... yes
checking that generated files are newer than configure... done
configure: creating ./config.status
config.status: creating testsuite/version.good
config.status: creating Makefile
config.status: creating doc/Makefile
config.status: creating lib/Makefile
config.status: creating sed/Makefile
config.status: creating testsuite/Makefile
config.status: creating po/Makefile.in
config.status: creating config.h
config.status: executing depfiles commands
config.status: executing po-directories commands
config.status: creating po/POTFILES
config.status: creating po/Makefile
configure: WARNING: unrecognized options: --disable-maintainer-mode, --disable-silent-rules, --enable-introspection
