Running command './configure --prefix /Users/chenjie/Documents/git/cerbero/build/build-tools --libdir /Users/chenjie/Documents/git/cerbero/build/build-tools/lib --disable-maintainer-mode  --disable-silent-rules  --enable-introspection  --build=x86_64-apple-darwin12   '
configure: WARNING: unrecognized options: --disable-maintainer-mode, --enable-introspection

XZ Utils 5.2.2

System type:
checking build system type... x86_64-apple-darwin12
checking host system type... x86_64-apple-darwin12

Configure options:
checking if debugging code should be compiled... no
checking which encoders to build... lzma1 lzma2 delta x86 powerpc ia64 arm armthumb sparc
checking which decoders to build... lzma1 lzma2 delta x86 powerpc ia64 arm armthumb sparc
checking which match finders to build... hc3 hc4 bt2 bt3 bt4
checking which integrity checks to build... crc32 crc64 sha256
checking if assembler optimizations should be used... no
checking if small size is preferred over speed... no
checking if threading support is wanted... yes, posix
checking how much RAM to assume if the real amount is unknown... 128 MiB
checking if library symbol versioning should be used... no

checking for a shell that conforms to POSIX... /bin/sh

Initializing Automake:
checking for a BSD-compatible install... /usr/bin/install -c
checking whether build environment is sane... yes
checking for a thread-safe mkdir -p... build-aux/install-sh -c -d
checking for gawk... no
checking for mawk... no
checking for nawk... no
checking for awk... awk
checking whether make sets $(MAKE)... yes
checking whether make supports nested variables... yes
checking whether ln -s works... yes
checking for style of include used by make... GNU
checking for gcc... clang
checking whether the C compiler works... yes
checking for C compiler default output file name... a.out
checking for suffix of executables... 
checking whether we are cross compiling... no
checking for suffix of object files... o
checking whether we are using the GNU C compiler... yes
checking whether clang accepts -g... yes
checking for clang option to accept ISO C89... none needed
checking whether clang understands -c and -o together... rm: conftest.dSYM: is a directory
yes
checking dependency style of clang... gcc3
checking for clang option to accept ISO C99... none needed
checking dependency style of clang... gcc3
checking how to run the C preprocessor... clang -E
checking for grep that handles long lines and -e... /usr/bin/grep
checking for egrep... /usr/bin/grep -E
checking for ANSI C header files... rm: conftest.dSYM: is a directory
rm: conftest.dSYM: is a directory
yes
checking for sys/types.h... yes
checking for sys/stat.h... yes
checking for stdlib.h... yes
checking for string.h... yes
checking for memory.h... yes
checking for strings.h... yes
checking for inttypes.h... yes
checking for stdint.h... yes
checking for unistd.h... yes
checking minix/config.h usability... no
checking minix/config.h presence... no
checking for minix/config.h... no
checking whether it is safe to define __EXTENSIONS__... yes

POSIX threading support:
checking if compiler needs -Werror to reject unknown flags... yes
checking whether pthreads work with -pthread... yes
checking for joinable pthread attribute... PTHREAD_CREATE_JOINABLE
checking if more special flags are required for pthreads... -D_THREAD_SAFE
checking for PTHREAD_PRIO_INHERIT... yes
checking for library containing clock_gettime... (cached) no
checking for clock_gettime... (cached) no
checking for pthread_condattr_setclock... no
checking whether CLOCK_MONOTONIC is declared... yes

Initializing Libtool:
checking how to print strings... printf
checking for a sed that does not truncate output... /usr/bin/sed
checking for fgrep... /usr/bin/grep -F
checking for ld used by clang... ld
checking if the linker (ld) is GNU ld... no
checking for BSD- or MS-compatible name lister (nm)... nm
checking the name lister (nm) interface... BSD nm
checking the maximum length of command line arguments... 196608
checking how to convert x86_64-apple-darwin12 file names to x86_64-apple-darwin12 format... func_convert_file_noop
checking how to convert x86_64-apple-darwin12 file names to toolchain format... func_convert_file_noop
checking for ld option to reload object files... -r
checking for objdump... objdump
checking how to recognize dependent libraries... pass_all
checking for dlltool... no
checking how to associate runtime and link libraries... printf %s\n
checking for archiver @FILE support... no
checking for strip... strip
checking for ranlib... ranlib
checking command to parse nm output from clang object... ok
checking for sysroot... no
checking for a working dd... /bin/dd
checking how to truncate binary pipes... /bin/dd bs=4096 count=1
checking for mt... no
checking if : is a manifest tool... no
checking for dsymutil... dsymutil
checking for nmedit... nmedit
checking for lipo... lipo
checking for otool... otool
checking for otool64... no
checking for -single_module linker flag... yes
checking for -exported_symbols_list linker flag... yes
checking for -force_load linker flag... yes
checking for dlfcn.h... yes
checking for objdir... .libs
checking if clang supports -fno-rtti -fno-exceptions... yes
checking for clang option to produce PIC... -fno-common -DPIC
checking if clang PIC flag -fno-common -DPIC works... yes
checking if clang static flag -static works... no
checking if clang supports -c -o file.o... yes
checking if clang supports -c -o file.o... (cached) yes
checking whether the clang linker (ld) supports shared libraries... yes
checking dynamic linker characteristics... darwin12 dyld
checking how to hardcode library paths into programs... immediate
checking whether stripping libraries is possible... yes
checking if libtool supports shared libraries... yes
checking whether to build shared libraries... yes
checking whether to build static libraries... yes
checking for windres... no

Initializing gettext:
checking whether NLS is requested... yes
checking for msgfmt... no
checking for gmsgfmt... :
checking for xgettext... no
checking for msgmerge... no
checking for ld used by GCC... ld
checking if the linker (ld) is GNU ld... no
checking for shared library run path origin... done
checking for CFPreferencesCopyAppValue... yes
checking for CFLocaleCopyCurrent... yes
checking for GNU gettext in libc... no
checking for iconv... yes
checking for working iconv... yes
checking how to link with libiconv... -liconv
checking for GNU gettext in libintl... yes
checking whether to use NLS... yes
checking where the gettext function comes from... external libintl
checking how to link with libintl... -lintl -liconv -lc -Wl,-framework -Wl,CoreFoundation

System headers and functions:
checking fcntl.h usability... yes
checking fcntl.h presence... yes
checking for fcntl.h... yes
checking limits.h usability... yes
checking limits.h presence... yes
checking for limits.h... yes
checking sys/time.h usability... yes
checking sys/time.h presence... yes
checking for sys/time.h... yes
checking immintrin.h usability... yes
checking immintrin.h presence... yes
checking for immintrin.h... yes
checking for stdbool.h that conforms to C99... yes
checking for _Bool... yes
checking for uint8_t... yes
checking for uint16_t... yes
checking for int32_t... yes
checking for uint32_t... yes
checking for int64_t... yes
checking for uint64_t... yes
checking for uintptr_t... yes
checking size of size_t... 8
checking for struct stat.st_atim.tv_nsec... no
checking for struct stat.st_atimespec.tv_nsec... yes
checking for struct stat.st_atimensec... no
checking for struct stat.st_uatime... no
checking for struct stat.st_atim.st__tim.tv_nsec... no
checking for special C compiler options needed for large files... no
checking for _FILE_OFFSET_BITS value needed for large files... no
checking whether byte ordering is bigendian... no
checking getopt.h usability... yes
checking getopt.h presence... yes
checking for getopt.h... yes
checking for getopt_long... yes
checking whether optreset is declared... yes
checking for futimens... yes
checking for posix_fadvise... no
checking whether program_invocation_name is declared... no
checking byteswap.h usability... no
checking byteswap.h presence... no
checking for byteswap.h... no
checking sys/endian.h usability... no
checking sys/endian.h presence... no
checking for sys/endian.h... no
checking sys/byteorder.h usability... no
checking sys/byteorder.h presence... no
checking for sys/byteorder.h... no
checking if unaligned memory access should be used... yes
checking sys/param.h usability... yes
checking sys/param.h presence... yes
checking for sys/param.h... yes
checking how to detect the amount of physical memory... sysconf
checking for sys/param.h... (cached) yes
checking how to detect the number of available CPU cores... sysctl
checking whether mbrtowc and mbstate_t are properly declared... yes
checking for wcwidth... yes
checking CommonCrypto/CommonDigest.h usability... yes
checking CommonCrypto/CommonDigest.h presence... yes
checking for CommonCrypto/CommonDigest.h... yes
checking for CC_SHA256_CTX... yes
checking for SHA256_CTX... no
checking for SHA2_CTX... no
checking for library containing SHA256_Init... no
checking for library containing SHA256Init... no
checking for CC_SHA256_Init... yes
checking whether _mm_movemask_epi8 is declared... yes

GCC extensions:
checking whether the -Werror option is usable... yes
checking for simple visibility declarations... yes
checking if clang accepts -Wall... yes
checking if clang accepts -Wextra... yes
checking if clang accepts -Wvla... yes
checking if clang accepts -Wformat=2... yes
checking if clang accepts -Winit-self... yes
checking if clang accepts -Wmissing-include-dirs... yes
checking if clang accepts -Wstrict-aliasing... yes
checking if clang accepts -Wfloat-equal... yes
checking if clang accepts -Wundef... yes
checking if clang accepts -Wshadow... yes
checking if clang accepts -Wpointer-arith... yes
checking if clang accepts -Wbad-function-cast... yes
checking if clang accepts -Wwrite-strings... yes
checking if clang accepts -Wlogical-op... no
checking if clang accepts -Waggregate-return... yes
checking if clang accepts -Wstrict-prototypes... yes
checking if clang accepts -Wold-style-definition... yes
checking if clang accepts -Wmissing-prototypes... yes
checking if clang accepts -Wmissing-declarations... yes
checking if clang accepts -Wmissing-noreturn... yes
checking if clang accepts -Wredundant-decls... yes

checking that generated files are newer than configure... done
configure: creating ./config.status
config.status: creating Doxyfile
config.status: creating Makefile
config.status: creating po/Makefile.in
config.status: creating lib/Makefile
config.status: creating src/Makefile
config.status: creating src/liblzma/Makefile
config.status: creating src/liblzma/api/Makefile
config.status: creating src/xz/Makefile
config.status: creating src/xzdec/Makefile
config.status: creating src/lzmainfo/Makefile
config.status: creating src/scripts/Makefile
config.status: creating tests/Makefile
config.status: creating debug/Makefile
config.status: creating src/scripts/xzdiff
config.status: creating src/scripts/xzgrep
config.status: creating src/scripts/xzmore
config.status: creating src/scripts/xzless
config.status: creating config.h
config.status: executing depfiles commands
config.status: executing libtool commands
config.status: executing po-directories commands
config.status: creating po/POTFILES
config.status: creating po/Makefile
configure: WARNING: unrecognized options: --disable-maintainer-mode, --enable-introspection
