Running command './configure --prefix /Users/chenjie/Documents/git/cerbero/build/build-tools --libdir /Users/chenjie/Documents/git/cerbero/build/build-tools/lib --disable-maintainer-mode  --disable-silent-rules  --enable-introspection  --build=x86_64-apple-darwin12   '
configure: WARNING: unrecognized options: --enable-introspection
checking for a BSD-compatible install... /usr/bin/install -c
checking whether build environment is sane... yes
checking for a thread-safe mkdir -p... config/install-sh -c -d
checking for gawk... no
checking for mawk... no
checking for nawk... no
checking for awk... awk
checking whether make sets $(MAKE)... yes
checking whether make supports nested variables... yes
checking whether to enable maintainer-specific portions of Makefiles... no
checking for style of include used by make... GNU
checking for gcc... clang
checking whether the C compiler works... yes
checking for C compiler default output file name... a.out
checking for suffix of executables... 
checking whether we are cross compiling... no
checking for suffix of object files... o
checking whether we are using the GNU C compiler... yes
checking whether clang accepts -g... yes
checking for clang option to accept ISO C89... none needed
checking whether clang understands -c and -o together... rm: conftest.dSYM: is a directory
yes
checking dependency style of clang... gcc3
checking how to run the C preprocessor... clang -E
checking for clang option to accept ISO C99... none needed
checking for clang option to accept ISO Standard C... (cached) none needed
checking whether ln -s works... yes
checking for ranlib... ranlib
checking for xmlto... no
configure: WARNING: xmlto not found, manpages will not be rebuilt.
checking if malloc debugging is wanted... no
checking for grep that handles long lines and -e... /usr/bin/grep
checking for egrep... /usr/bin/grep -E
checking for ANSI C header files... rm: conftest.dSYM: is a directory
rm: conftest.dSYM: is a directory
yes
checking for sys/types.h... yes
checking for sys/stat.h... yes
checking for stdlib.h... yes
checking for string.h... yes
checking for memory.h... yes
checking for strings.h... yes
checking for inttypes.h... yes
checking for stdint.h... yes
checking for unistd.h... yes
checking for strings.h... (cached) yes
checking libgen.h usability... yes
checking libgen.h presence... yes
checking for libgen.h... yes
checking for unistd.h... (cached) yes
checking direct.h usability... no
checking direct.h presence... no
checking for direct.h... no
checking for sys/stat.h... (cached) yes
checking for an ANSI C-conforming const... yes
checking for inline... inline
checking for function prototypes... yes
checking for size_t... yes
checking for stdint types... stdint.h (shortcircuit)
make use of stdint.h in libyasm-stdint.h (assuming C99 compatible system)
checking for abort... yes
checking for toascii... yes
checking for vsnprintf... yes
checking for strsep... yes
checking for mergesort... yes
checking for getcwd... yes
checking for popen... yes
checking for ftruncate... yes
checking for strcasecmp... yes
checking for strncasecmp... yes
checking for stricmp... no
checking for _stricmp... no
checking for strcmpi... no
checking for a sed that does not truncate output... /Users/chenjie/Documents/git/cerbero/build/build-tools/bin/sed
checking whether NLS is requested... yes
checking for msgfmt... /Users/chenjie/Documents/git/cerbero/build/build-tools/bin/msgfmt
checking for gmsgfmt... /Users/chenjie/Documents/git/cerbero/build/build-tools/bin/msgfmt
checking for xgettext... /Users/chenjie/Documents/git/cerbero/build/build-tools/bin/xgettext
checking for msgmerge... /Users/chenjie/Documents/git/cerbero/build/build-tools/bin/msgmerge
checking build system type... x86_64-apple-darwin12
checking host system type... x86_64-apple-darwin12
checking for ld used by clang... ld
checking if the linker (ld) is GNU ld... no
checking for shared library run path origin... done
checking for CFPreferencesCopyAppValue... yes
checking for CFLocaleCopyCurrent... yes
checking for GNU gettext in libc... no
checking for iconv... yes
checking for working iconv... yes
checking how to link with libiconv... -liconv
checking for GNU gettext in libintl... yes
checking whether to use NLS... yes
checking where the gettext function comes from... external libintl
checking how to link with libintl... -lintl -liconv -lc -Wl,-framework -Wl,CoreFoundation
checking for GNU C Library... no
configure: Checking for Python
checking for a Python interpreter with version >= 2.4... python
checking for python... /usr/local/bin/python
checking for python version... 2.7
checking for python platform... darwin
checking for python script directory... ${prefix}/lib/python2.7/site-packages
checking for python extension module directory... ${exec_prefix}/lib/python2.7/site-packages
checking that generated files are newer than configure... done
configure: creating ./config.status
config.status: creating Makefile
config.status: creating po/Makefile.in
config.status: creating config.h
config.status: executing depfiles commands
config.status: executing libyasm-stdint.h commands
config.status: creating libyasm-stdint.h : _YASM_LIBYASM_STDINT_H
config.status: executing po-directories commands
config.status: creating po/POTFILES
config.status: creating po/Makefile
configure: WARNING: unrecognized options: --enable-introspection
