Running command 'make install'
/Applications/Xcode.app/Contents/Developer/usr/bin/make  install-recursive
Making install in po
if test "yasm" = "gettext-tools"; then \
	  ../config/install-sh -c -d /Users/chenjie/Documents/git/cerbero/build/build-tools/share/gettext/po; \
	  for file in Makefile.in.in remove-potcdate.sin quot.sed boldquot.sed en@quot.header en@boldquot.header insert-header.sin Rules-quot   Makevars.template; do \
	    /usr/bin/install -c -m 644 ./$file \
			    /Users/chenjie/Documents/git/cerbero/build/build-tools/share/gettext/po/$file; \
	  done; \
	  for file in Makevars; do \
	    rm -f /Users/chenjie/Documents/git/cerbero/build/build-tools/share/gettext/po/$file; \
	  done; \
	else \
	  : ; \
	fi
Making install in .
 config/install-sh -c -d '/Users/chenjie/Documents/git/cerbero/build/build-tools/bin'
  /usr/bin/install -c yasm ytasm vsyasm '/Users/chenjie/Documents/git/cerbero/build/build-tools/bin'
 config/install-sh -c -d '/Users/chenjie/Documents/git/cerbero/build/build-tools/lib'
 /usr/bin/install -c -m 644  libyasm.a '/Users/chenjie/Documents/git/cerbero/build/build-tools/lib'
 ( cd '/Users/chenjie/Documents/git/cerbero/build/build-tools/lib' && ranlib libyasm.a )
/Applications/Xcode.app/Contents/Developer/usr/bin/make  install-exec-hook
make[4]: Nothing to be done for `install-exec-hook'.
 config/install-sh -c -d '/Users/chenjie/Documents/git/cerbero/build/build-tools/include'
 /usr/bin/install -c -m 644 libyasm.h '/Users/chenjie/Documents/git/cerbero/build/build-tools/include'
 config/install-sh -c -d '/Users/chenjie/Documents/git/cerbero/build/build-tools/share/man/man1'
 config/install-sh -c -d '/Users/chenjie/Documents/git/cerbero/build/build-tools/share/man/man1'
 /usr/bin/install -c -m 644 yasm.1 '/Users/chenjie/Documents/git/cerbero/build/build-tools/share/man/man1'
 config/install-sh -c -d '/Users/chenjie/Documents/git/cerbero/build/build-tools/share/man/man7'
 /usr/bin/install -c -m 644 yasm_arch.7 yasm_parsers.7 yasm_dbgfmts.7 yasm_objfmts.7 '/Users/chenjie/Documents/git/cerbero/build/build-tools/share/man/man7'
 config/install-sh -c -d '/Users/chenjie/Documents/git/cerbero/build/build-tools/share/man/man7'
 config/install-sh -c -d '/Users/chenjie/Documents/git/cerbero/build/build-tools/include/libyasm'
 /usr/bin/install -c -m 644 libyasm/arch.h libyasm/assocdat.h libyasm/bitvect.h libyasm/bytecode.h libyasm/compat-queue.h libyasm/coretype.h libyasm/dbgfmt.h libyasm/errwarn.h libyasm/expr.h libyasm/file.h libyasm/floatnum.h libyasm/hamt.h libyasm/insn.h libyasm/intnum.h libyasm/inttree.h libyasm/linemap.h libyasm/listfmt.h libyasm/md5.h libyasm/module.h libyasm/objfmt.h libyasm/parser.h libyasm/phash.h libyasm/preproc.h libyasm/section.h libyasm/symrec.h libyasm/valparam.h libyasm/value.h '/Users/chenjie/Documents/git/cerbero/build/build-tools/include/libyasm'
 config/install-sh -c -d '/Users/chenjie/Documents/git/cerbero/build/build-tools/include'
 /usr/bin/install -c -m 644 libyasm-stdint.h '/Users/chenjie/Documents/git/cerbero/build/build-tools/include'
