Running command 'make'
clang  -I.  \
	  -c -o genperf.o `test -f tools/genperf/genperf.c || echo './'`tools/genperf/genperf.c
clang  -I.  \
	  -c -o gp-perfect.o `test -f tools/genperf/perfect.c || echo './'`tools/genperf/perfect.c
clang  -I.  \
	  -c -o gp-phash.o `test -f libyasm/phash.c || echo './'`libyasm/phash.c
clang  -I.  \
	  -c -o gp-xmalloc.o `test -f libyasm/xmalloc.c || echo './'`libyasm/xmalloc.c
clang  -I.  \
	  -c -o gp-xstrdup.o `test -f libyasm/xstrdup.c || echo './'`libyasm/xstrdup.c
clang -o genperf  genperf.o gp-perfect.o gp-phash.o gp-xmalloc.o gp-xstrdup.o 
./genperf x86insn_nasm.gperf x86insn_nasm.c
./genperf x86insn_gas.gperf x86insn_gas.c
fail to map group of size 2 for tab size 512
clang  -I.  \
	  -c -o re2c-main.o `test -f tools/re2c/main.c || echo './'`tools/re2c/main.c
clang  -I.  \
	  -c -o re2c-code.o `test -f tools/re2c/code.c || echo './'`tools/re2c/code.c
clang  -I.  \
	  -c -o re2c-dfa.o `test -f tools/re2c/dfa.c || echo './'`tools/re2c/dfa.c
clang  -I.  \
	  -c -o re2c-parser.o `test -f tools/re2c/parser.c || echo './'`tools/re2c/parser.c
clang  -I.  \
	  -c -o re2c-actions.o `test -f tools/re2c/actions.c || echo './'`tools/re2c/actions.c
tools/re2c/actions.c:303:13: warning: enumeration value 'CLOSEVOP' not handled in switch [-Wswitch]
    switch (re->type) {
            ^
tools/re2c/actions.c:303:13: note: add missing switch cases
    switch (re->type) {
            ^
1 warning generated.
clang  -I.  \
	  -c -o re2c-scanner.o `test -f tools/re2c/scanner.c || echo './'`tools/re2c/scanner.c
clang  -I.  \
	  -c -o re2c-mbo_getopt.o `test -f tools/re2c/mbo_getopt.c || echo './'`tools/re2c/mbo_getopt.c
clang  -I.  \
	  -c -o re2c-substr.o `test -f tools/re2c/substr.c || echo './'`tools/re2c/substr.c
clang  -I.  \
	  -c -o re2c-translate.o `test -f tools/re2c/translate.c || echo './'`tools/re2c/translate.c
clang -o re2c  re2c-main.o re2c-code.o re2c-dfa.o re2c-parser.o re2c-actions.o re2c-scanner.o re2c-mbo_getopt.o re2c-substr.o re2c-translate.o 
./re2c -b -o gas-token.c ./modules/parsers/gas/gas-token.re
./re2c -b -o nasm-token.c ./modules/parsers/nasm/nasm-token.re
clang  -I.  \
	  -c -o genmacro.o `test -f tools/genmacro/genmacro.c || echo './'`tools/genmacro/genmacro.c
clang -o genmacro  genmacro.o 
./genmacro nasm-macros.c nasm_standard_mac ./modules/parsers/nasm/nasm-std.mac
clang -I.  -c -o genversion.o `test -f modules/preprocs/nasm/genversion.c || echo './'`modules/preprocs/nasm/genversion.c
clang -o genversion  genversion.o 
./genversion version.mac
./genmacro nasm-version.c nasm_version_mac version.mac
./genmacro win64-nasm.c win64_nasm_stdmac ./modules/objfmts/coff/win64-nasm.mac
./genmacro win64-gas.c win64_gas_stdmac ./modules/objfmts/coff/win64-gas.mac
clang -I.  -c -o genstring.o `test -f genstring.c || echo './'`genstring.c
clang -o genstring  genstring.o 
./genstring license_msg license.c ./COPYING
/Applications/Xcode.app/Contents/Developer/usr/bin/make  all-recursive
Making all in po
make[2]: Nothing to be done for `all'.
Making all in .
depbase=`echo modules/arch/x86/x86arch.o | sed 's|[^/]*$|.deps/&|;s|\.o$||'`;\
	clang -DHAVE_CONFIG_H -I.   -Wall -g -O2 -arch x86_64 -m64 -Wno-error=format-nonliteral   -mmacosx-version-min=10.10 -isysroot /Applications/Xcode.app/Contents/Developer/Platforms/MacOSX.platform/Developer/SDKs/MacOSX10.14.sdk  -I/Users/chenjie/Documents/git/cerbero/build/build-tools/include  -Wall -g -O2 -arch x86_64 -m64 -Wno-error=format-nonliteral   -I/Users/chenjie/Documents/git/cerbero/build/build-tools/include  -mmacosx-version-min=10.10 -isysroot /Applications/Xcode.app/Contents/Developer/Platforms/MacOSX.platform/Developer/SDKs/MacOSX10.14.sdk  -MT modules/arch/x86/x86arch.o -MD -MP -MF $depbase.Tpo -c -o modules/arch/x86/x86arch.o modules/arch/x86/x86arch.c &&\
	mv -f $depbase.Tpo $depbase.Po
depbase=`echo modules/arch/x86/x86bc.o | sed 's|[^/]*$|.deps/&|;s|\.o$||'`;\
	clang -DHAVE_CONFIG_H -I.   -Wall -g -O2 -arch x86_64 -m64 -Wno-error=format-nonliteral   -mmacosx-version-min=10.10 -isysroot /Applications/Xcode.app/Contents/Developer/Platforms/MacOSX.platform/Developer/SDKs/MacOSX10.14.sdk  -I/Users/chenjie/Documents/git/cerbero/build/build-tools/include  -Wall -g -O2 -arch x86_64 -m64 -Wno-error=format-nonliteral   -I/Users/chenjie/Documents/git/cerbero/build/build-tools/include  -mmacosx-version-min=10.10 -isysroot /Applications/Xcode.app/Contents/Developer/Platforms/MacOSX.platform/Developer/SDKs/MacOSX10.14.sdk  -MT modules/arch/x86/x86bc.o -MD -MP -MF $depbase.Tpo -c -o modules/arch/x86/x86bc.o modules/arch/x86/x86bc.c &&\
	mv -f $depbase.Tpo $depbase.Po
depbase=`echo modules/arch/x86/x86expr.o | sed 's|[^/]*$|.deps/&|;s|\.o$||'`;\
	clang -DHAVE_CONFIG_H -I.   -Wall -g -O2 -arch x86_64 -m64 -Wno-error=format-nonliteral   -mmacosx-version-min=10.10 -isysroot /Applications/Xcode.app/Contents/Developer/Platforms/MacOSX.platform/Developer/SDKs/MacOSX10.14.sdk  -I/Users/chenjie/Documents/git/cerbero/build/build-tools/include  -Wall -g -O2 -arch x86_64 -m64 -Wno-error=format-nonliteral   -I/Users/chenjie/Documents/git/cerbero/build/build-tools/include  -mmacosx-version-min=10.10 -isysroot /Applications/Xcode.app/Contents/Developer/Platforms/MacOSX.platform/Developer/SDKs/MacOSX10.14.sdk  -MT modules/arch/x86/x86expr.o -MD -MP -MF $depbase.Tpo -c -o modules/arch/x86/x86expr.o modules/arch/x86/x86expr.c &&\
	mv -f $depbase.Tpo $depbase.Po
depbase=`echo modules/arch/x86/x86id.o | sed 's|[^/]*$|.deps/&|;s|\.o$||'`;\
	clang -DHAVE_CONFIG_H -I.   -Wall -g -O2 -arch x86_64 -m64 -Wno-error=format-nonliteral   -mmacosx-version-min=10.10 -isysroot /Applications/Xcode.app/Contents/Developer/Platforms/MacOSX.platform/Developer/SDKs/MacOSX10.14.sdk  -I/Users/chenjie/Documents/git/cerbero/build/build-tools/include  -Wall -g -O2 -arch x86_64 -m64 -Wno-error=format-nonliteral   -I/Users/chenjie/Documents/git/cerbero/build/build-tools/include  -mmacosx-version-min=10.10 -isysroot /Applications/Xcode.app/Contents/Developer/Platforms/MacOSX.platform/Developer/SDKs/MacOSX10.14.sdk  -MT modules/arch/x86/x86id.o -MD -MP -MF $depbase.Tpo -c -o modules/arch/x86/x86id.o modules/arch/x86/x86id.c &&\
	mv -f $depbase.Tpo $depbase.Po
depbase=`echo modules/arch/lc3b/lc3barch.o | sed 's|[^/]*$|.deps/&|;s|\.o$||'`;\
	clang -DHAVE_CONFIG_H -I.   -Wall -g -O2 -arch x86_64 -m64 -Wno-error=format-nonliteral   -mmacosx-version-min=10.10 -isysroot /Applications/Xcode.app/Contents/Developer/Platforms/MacOSX.platform/Developer/SDKs/MacOSX10.14.sdk  -I/Users/chenjie/Documents/git/cerbero/build/build-tools/include  -Wall -g -O2 -arch x86_64 -m64 -Wno-error=format-nonliteral   -I/Users/chenjie/Documents/git/cerbero/build/build-tools/include  -mmacosx-version-min=10.10 -isysroot /Applications/Xcode.app/Contents/Developer/Platforms/MacOSX.platform/Developer/SDKs/MacOSX10.14.sdk  -MT modules/arch/lc3b/lc3barch.o -MD -MP -MF $depbase.Tpo -c -o modules/arch/lc3b/lc3barch.o modules/arch/lc3b/lc3barch.c &&\
	mv -f $depbase.Tpo $depbase.Po
depbase=`echo modules/arch/lc3b/lc3bbc.o | sed 's|[^/]*$|.deps/&|;s|\.o$||'`;\
	clang -DHAVE_CONFIG_H -I.   -Wall -g -O2 -arch x86_64 -m64 -Wno-error=format-nonliteral   -mmacosx-version-min=10.10 -isysroot /Applications/Xcode.app/Contents/Developer/Platforms/MacOSX.platform/Developer/SDKs/MacOSX10.14.sdk  -I/Users/chenjie/Documents/git/cerbero/build/build-tools/include  -Wall -g -O2 -arch x86_64 -m64 -Wno-error=format-nonliteral   -I/Users/chenjie/Documents/git/cerbero/build/build-tools/include  -mmacosx-version-min=10.10 -isysroot /Applications/Xcode.app/Contents/Developer/Platforms/MacOSX.platform/Developer/SDKs/MacOSX10.14.sdk  -MT modules/arch/lc3b/lc3bbc.o -MD -MP -MF $depbase.Tpo -c -o modules/arch/lc3b/lc3bbc.o modules/arch/lc3b/lc3bbc.c &&\
	mv -f $depbase.Tpo $depbase.Po
depbase=`echo modules/listfmts/nasm/nasm-listfmt.o | sed 's|[^/]*$|.deps/&|;s|\.o$||'`;\
	clang -DHAVE_CONFIG_H -I.   -Wall -g -O2 -arch x86_64 -m64 -Wno-error=format-nonliteral   -mmacosx-version-min=10.10 -isysroot /Applications/Xcode.app/Contents/Developer/Platforms/MacOSX.platform/Developer/SDKs/MacOSX10.14.sdk  -I/Users/chenjie/Documents/git/cerbero/build/build-tools/include  -Wall -g -O2 -arch x86_64 -m64 -Wno-error=format-nonliteral   -I/Users/chenjie/Documents/git/cerbero/build/build-tools/include  -mmacosx-version-min=10.10 -isysroot /Applications/Xcode.app/Contents/Developer/Platforms/MacOSX.platform/Developer/SDKs/MacOSX10.14.sdk  -MT modules/listfmts/nasm/nasm-listfmt.o -MD -MP -MF $depbase.Tpo -c -o modules/listfmts/nasm/nasm-listfmt.o modules/listfmts/nasm/nasm-listfmt.c &&\
	mv -f $depbase.Tpo $depbase.Po
depbase=`echo modules/parsers/gas/gas-parser.o | sed 's|[^/]*$|.deps/&|;s|\.o$||'`;\
	clang -DHAVE_CONFIG_H -I.   -Wall -g -O2 -arch x86_64 -m64 -Wno-error=format-nonliteral   -mmacosx-version-min=10.10 -isysroot /Applications/Xcode.app/Contents/Developer/Platforms/MacOSX.platform/Developer/SDKs/MacOSX10.14.sdk  -I/Users/chenjie/Documents/git/cerbero/build/build-tools/include  -Wall -g -O2 -arch x86_64 -m64 -Wno-error=format-nonliteral   -I/Users/chenjie/Documents/git/cerbero/build/build-tools/include  -mmacosx-version-min=10.10 -isysroot /Applications/Xcode.app/Contents/Developer/Platforms/MacOSX.platform/Developer/SDKs/MacOSX10.14.sdk  -MT modules/parsers/gas/gas-parser.o -MD -MP -MF $depbase.Tpo -c -o modules/parsers/gas/gas-parser.o modules/parsers/gas/gas-parser.c &&\
	mv -f $depbase.Tpo $depbase.Po
depbase=`echo modules/parsers/gas/gas-parse.o | sed 's|[^/]*$|.deps/&|;s|\.o$||'`;\
	clang -DHAVE_CONFIG_H -I.   -Wall -g -O2 -arch x86_64 -m64 -Wno-error=format-nonliteral   -mmacosx-version-min=10.10 -isysroot /Applications/Xcode.app/Contents/Developer/Platforms/MacOSX.platform/Developer/SDKs/MacOSX10.14.sdk  -I/Users/chenjie/Documents/git/cerbero/build/build-tools/include  -Wall -g -O2 -arch x86_64 -m64 -Wno-error=format-nonliteral   -I/Users/chenjie/Documents/git/cerbero/build/build-tools/include  -mmacosx-version-min=10.10 -isysroot /Applications/Xcode.app/Contents/Developer/Platforms/MacOSX.platform/Developer/SDKs/MacOSX10.14.sdk  -MT modules/parsers/gas/gas-parse.o -MD -MP -MF $depbase.Tpo -c -o modules/parsers/gas/gas-parse.o modules/parsers/gas/gas-parse.c &&\
	mv -f $depbase.Tpo $depbase.Po
depbase=`echo modules/parsers/gas/gas-parse-intel.o | sed 's|[^/]*$|.deps/&|;s|\.o$||'`;\
	clang -DHAVE_CONFIG_H -I.   -Wall -g -O2 -arch x86_64 -m64 -Wno-error=format-nonliteral   -mmacosx-version-min=10.10 -isysroot /Applications/Xcode.app/Contents/Developer/Platforms/MacOSX.platform/Developer/SDKs/MacOSX10.14.sdk  -I/Users/chenjie/Documents/git/cerbero/build/build-tools/include  -Wall -g -O2 -arch x86_64 -m64 -Wno-error=format-nonliteral   -I/Users/chenjie/Documents/git/cerbero/build/build-tools/include  -mmacosx-version-min=10.10 -isysroot /Applications/Xcode.app/Contents/Developer/Platforms/MacOSX.platform/Developer/SDKs/MacOSX10.14.sdk  -MT modules/parsers/gas/gas-parse-intel.o -MD -MP -MF $depbase.Tpo -c -o modules/parsers/gas/gas-parse-intel.o modules/parsers/gas/gas-parse-intel.c &&\
	mv -f $depbase.Tpo $depbase.Po
depbase=`echo modules/parsers/nasm/nasm-parser.o | sed 's|[^/]*$|.deps/&|;s|\.o$||'`;\
	clang -DHAVE_CONFIG_H -I.   -Wall -g -O2 -arch x86_64 -m64 -Wno-error=format-nonliteral   -mmacosx-version-min=10.10 -isysroot /Applications/Xcode.app/Contents/Developer/Platforms/MacOSX.platform/Developer/SDKs/MacOSX10.14.sdk  -I/Users/chenjie/Documents/git/cerbero/build/build-tools/include  -Wall -g -O2 -arch x86_64 -m64 -Wno-error=format-nonliteral   -I/Users/chenjie/Documents/git/cerbero/build/build-tools/include  -mmacosx-version-min=10.10 -isysroot /Applications/Xcode.app/Contents/Developer/Platforms/MacOSX.platform/Developer/SDKs/MacOSX10.14.sdk  -MT modules/parsers/nasm/nasm-parser.o -MD -MP -MF $depbase.Tpo -c -o modules/parsers/nasm/nasm-parser.o modules/parsers/nasm/nasm-parser.c &&\
	mv -f $depbase.Tpo $depbase.Po
depbase=`echo modules/parsers/nasm/nasm-parse.o | sed 's|[^/]*$|.deps/&|;s|\.o$||'`;\
	clang -DHAVE_CONFIG_H -I.   -Wall -g -O2 -arch x86_64 -m64 -Wno-error=format-nonliteral   -mmacosx-version-min=10.10 -isysroot /Applications/Xcode.app/Contents/Developer/Platforms/MacOSX.platform/Developer/SDKs/MacOSX10.14.sdk  -I/Users/chenjie/Documents/git/cerbero/build/build-tools/include  -Wall -g -O2 -arch x86_64 -m64 -Wno-error=format-nonliteral   -I/Users/chenjie/Documents/git/cerbero/build/build-tools/include  -mmacosx-version-min=10.10 -isysroot /Applications/Xcode.app/Contents/Developer/Platforms/MacOSX.platform/Developer/SDKs/MacOSX10.14.sdk  -MT modules/parsers/nasm/nasm-parse.o -MD -MP -MF $depbase.Tpo -c -o modules/parsers/nasm/nasm-parse.o modules/parsers/nasm/nasm-parse.c &&\
	mv -f $depbase.Tpo $depbase.Po
depbase=`echo modules/preprocs/nasm/nasm-preproc.o | sed 's|[^/]*$|.deps/&|;s|\.o$||'`;\
	clang -DHAVE_CONFIG_H -I.   -Wall -g -O2 -arch x86_64 -m64 -Wno-error=format-nonliteral   -mmacosx-version-min=10.10 -isysroot /Applications/Xcode.app/Contents/Developer/Platforms/MacOSX.platform/Developer/SDKs/MacOSX10.14.sdk  -I/Users/chenjie/Documents/git/cerbero/build/build-tools/include  -Wall -g -O2 -arch x86_64 -m64 -Wno-error=format-nonliteral   -I/Users/chenjie/Documents/git/cerbero/build/build-tools/include  -mmacosx-version-min=10.10 -isysroot /Applications/Xcode.app/Contents/Developer/Platforms/MacOSX.platform/Developer/SDKs/MacOSX10.14.sdk  -MT modules/preprocs/nasm/nasm-preproc.o -MD -MP -MF $depbase.Tpo -c -o modules/preprocs/nasm/nasm-preproc.o modules/preprocs/nasm/nasm-preproc.c &&\
	mv -f $depbase.Tpo $depbase.Po
depbase=`echo modules/preprocs/nasm/nasm-pp.o | sed 's|[^/]*$|.deps/&|;s|\.o$||'`;\
	clang -DHAVE_CONFIG_H -I.   -Wall -g -O2 -arch x86_64 -m64 -Wno-error=format-nonliteral   -mmacosx-version-min=10.10 -isysroot /Applications/Xcode.app/Contents/Developer/Platforms/MacOSX.platform/Developer/SDKs/MacOSX10.14.sdk  -I/Users/chenjie/Documents/git/cerbero/build/build-tools/include  -Wall -g -O2 -arch x86_64 -m64 -Wno-error=format-nonliteral   -I/Users/chenjie/Documents/git/cerbero/build/build-tools/include  -mmacosx-version-min=10.10 -isysroot /Applications/Xcode.app/Contents/Developer/Platforms/MacOSX.platform/Developer/SDKs/MacOSX10.14.sdk  -MT modules/preprocs/nasm/nasm-pp.o -MD -MP -MF $depbase.Tpo -c -o modules/preprocs/nasm/nasm-pp.o modules/preprocs/nasm/nasm-pp.c &&\
	mv -f $depbase.Tpo $depbase.Po
depbase=`echo modules/preprocs/nasm/nasmlib.o | sed 's|[^/]*$|.deps/&|;s|\.o$||'`;\
	clang -DHAVE_CONFIG_H -I.   -Wall -g -O2 -arch x86_64 -m64 -Wno-error=format-nonliteral   -mmacosx-version-min=10.10 -isysroot /Applications/Xcode.app/Contents/Developer/Platforms/MacOSX.platform/Developer/SDKs/MacOSX10.14.sdk  -I/Users/chenjie/Documents/git/cerbero/build/build-tools/include  -Wall -g -O2 -arch x86_64 -m64 -Wno-error=format-nonliteral   -I/Users/chenjie/Documents/git/cerbero/build/build-tools/include  -mmacosx-version-min=10.10 -isysroot /Applications/Xcode.app/Contents/Developer/Platforms/MacOSX.platform/Developer/SDKs/MacOSX10.14.sdk  -MT modules/preprocs/nasm/nasmlib.o -MD -MP -MF $depbase.Tpo -c -o modules/preprocs/nasm/nasmlib.o modules/preprocs/nasm/nasmlib.c &&\
	mv -f $depbase.Tpo $depbase.Po
depbase=`echo modules/preprocs/nasm/nasm-eval.o | sed 's|[^/]*$|.deps/&|;s|\.o$||'`;\
	clang -DHAVE_CONFIG_H -I.   -Wall -g -O2 -arch x86_64 -m64 -Wno-error=format-nonliteral   -mmacosx-version-min=10.10 -isysroot /Applications/Xcode.app/Contents/Developer/Platforms/MacOSX.platform/Developer/SDKs/MacOSX10.14.sdk  -I/Users/chenjie/Documents/git/cerbero/build/build-tools/include  -Wall -g -O2 -arch x86_64 -m64 -Wno-error=format-nonliteral   -I/Users/chenjie/Documents/git/cerbero/build/build-tools/include  -mmacosx-version-min=10.10 -isysroot /Applications/Xcode.app/Contents/Developer/Platforms/MacOSX.platform/Developer/SDKs/MacOSX10.14.sdk  -MT modules/preprocs/nasm/nasm-eval.o -MD -MP -MF $depbase.Tpo -c -o modules/preprocs/nasm/nasm-eval.o modules/preprocs/nasm/nasm-eval.c &&\
	mv -f $depbase.Tpo $depbase.Po
depbase=`echo modules/preprocs/raw/raw-preproc.o | sed 's|[^/]*$|.deps/&|;s|\.o$||'`;\
	clang -DHAVE_CONFIG_H -I.   -Wall -g -O2 -arch x86_64 -m64 -Wno-error=format-nonliteral   -mmacosx-version-min=10.10 -isysroot /Applications/Xcode.app/Contents/Developer/Platforms/MacOSX.platform/Developer/SDKs/MacOSX10.14.sdk  -I/Users/chenjie/Documents/git/cerbero/build/build-tools/include  -Wall -g -O2 -arch x86_64 -m64 -Wno-error=format-nonliteral   -I/Users/chenjie/Documents/git/cerbero/build/build-tools/include  -mmacosx-version-min=10.10 -isysroot /Applications/Xcode.app/Contents/Developer/Platforms/MacOSX.platform/Developer/SDKs/MacOSX10.14.sdk  -MT modules/preprocs/raw/raw-preproc.o -MD -MP -MF $depbase.Tpo -c -o modules/preprocs/raw/raw-preproc.o modules/preprocs/raw/raw-preproc.c &&\
	mv -f $depbase.Tpo $depbase.Po
depbase=`echo modules/preprocs/cpp/cpp-preproc.o | sed 's|[^/]*$|.deps/&|;s|\.o$||'`;\
	clang -DHAVE_CONFIG_H -I.   -Wall -g -O2 -arch x86_64 -m64 -Wno-error=format-nonliteral   -mmacosx-version-min=10.10 -isysroot /Applications/Xcode.app/Contents/Developer/Platforms/MacOSX.platform/Developer/SDKs/MacOSX10.14.sdk  -I/Users/chenjie/Documents/git/cerbero/build/build-tools/include  -Wall -g -O2 -arch x86_64 -m64 -Wno-error=format-nonliteral   -I/Users/chenjie/Documents/git/cerbero/build/build-tools/include  -mmacosx-version-min=10.10 -isysroot /Applications/Xcode.app/Contents/Developer/Platforms/MacOSX.platform/Developer/SDKs/MacOSX10.14.sdk  -MT modules/preprocs/cpp/cpp-preproc.o -MD -MP -MF $depbase.Tpo -c -o modules/preprocs/cpp/cpp-preproc.o modules/preprocs/cpp/cpp-preproc.c &&\
	mv -f $depbase.Tpo $depbase.Po
depbase=`echo modules/preprocs/gas/gas-preproc.o | sed 's|[^/]*$|.deps/&|;s|\.o$||'`;\
	clang -DHAVE_CONFIG_H -I.   -Wall -g -O2 -arch x86_64 -m64 -Wno-error=format-nonliteral   -mmacosx-version-min=10.10 -isysroot /Applications/Xcode.app/Contents/Developer/Platforms/MacOSX.platform/Developer/SDKs/MacOSX10.14.sdk  -I/Users/chenjie/Documents/git/cerbero/build/build-tools/include  -Wall -g -O2 -arch x86_64 -m64 -Wno-error=format-nonliteral   -I/Users/chenjie/Documents/git/cerbero/build/build-tools/include  -mmacosx-version-min=10.10 -isysroot /Applications/Xcode.app/Contents/Developer/Platforms/MacOSX.platform/Developer/SDKs/MacOSX10.14.sdk  -MT modules/preprocs/gas/gas-preproc.o -MD -MP -MF $depbase.Tpo -c -o modules/preprocs/gas/gas-preproc.o modules/preprocs/gas/gas-preproc.c &&\
	mv -f $depbase.Tpo $depbase.Po
depbase=`echo modules/preprocs/gas/gas-eval.o | sed 's|[^/]*$|.deps/&|;s|\.o$||'`;\
	clang -DHAVE_CONFIG_H -I.   -Wall -g -O2 -arch x86_64 -m64 -Wno-error=format-nonliteral   -mmacosx-version-min=10.10 -isysroot /Applications/Xcode.app/Contents/Developer/Platforms/MacOSX.platform/Developer/SDKs/MacOSX10.14.sdk  -I/Users/chenjie/Documents/git/cerbero/build/build-tools/include  -Wall -g -O2 -arch x86_64 -m64 -Wno-error=format-nonliteral   -I/Users/chenjie/Documents/git/cerbero/build/build-tools/include  -mmacosx-version-min=10.10 -isysroot /Applications/Xcode.app/Contents/Developer/Platforms/MacOSX.platform/Developer/SDKs/MacOSX10.14.sdk  -MT modules/preprocs/gas/gas-eval.o -MD -MP -MF $depbase.Tpo -c -o modules/preprocs/gas/gas-eval.o modules/preprocs/gas/gas-eval.c &&\
	mv -f $depbase.Tpo $depbase.Po
depbase=`echo modules/dbgfmts/codeview/cv-dbgfmt.o | sed 's|[^/]*$|.deps/&|;s|\.o$||'`;\
	clang -DHAVE_CONFIG_H -I.   -Wall -g -O2 -arch x86_64 -m64 -Wno-error=format-nonliteral   -mmacosx-version-min=10.10 -isysroot /Applications/Xcode.app/Contents/Developer/Platforms/MacOSX.platform/Developer/SDKs/MacOSX10.14.sdk  -I/Users/chenjie/Documents/git/cerbero/build/build-tools/include  -Wall -g -O2 -arch x86_64 -m64 -Wno-error=format-nonliteral   -I/Users/chenjie/Documents/git/cerbero/build/build-tools/include  -mmacosx-version-min=10.10 -isysroot /Applications/Xcode.app/Contents/Developer/Platforms/MacOSX.platform/Developer/SDKs/MacOSX10.14.sdk  -MT modules/dbgfmts/codeview/cv-dbgfmt.o -MD -MP -MF $depbase.Tpo -c -o modules/dbgfmts/codeview/cv-dbgfmt.o modules/dbgfmts/codeview/cv-dbgfmt.c &&\
	mv -f $depbase.Tpo $depbase.Po
depbase=`echo modules/dbgfmts/codeview/cv-symline.o | sed 's|[^/]*$|.deps/&|;s|\.o$||'`;\
	clang -DHAVE_CONFIG_H -I.   -Wall -g -O2 -arch x86_64 -m64 -Wno-error=format-nonliteral   -mmacosx-version-min=10.10 -isysroot /Applications/Xcode.app/Contents/Developer/Platforms/MacOSX.platform/Developer/SDKs/MacOSX10.14.sdk  -I/Users/chenjie/Documents/git/cerbero/build/build-tools/include  -Wall -g -O2 -arch x86_64 -m64 -Wno-error=format-nonliteral   -I/Users/chenjie/Documents/git/cerbero/build/build-tools/include  -mmacosx-version-min=10.10 -isysroot /Applications/Xcode.app/Contents/Developer/Platforms/MacOSX.platform/Developer/SDKs/MacOSX10.14.sdk  -MT modules/dbgfmts/codeview/cv-symline.o -MD -MP -MF $depbase.Tpo -c -o modules/dbgfmts/codeview/cv-symline.o modules/dbgfmts/codeview/cv-symline.c &&\
	mv -f $depbase.Tpo $depbase.Po
depbase=`echo modules/dbgfmts/codeview/cv-type.o | sed 's|[^/]*$|.deps/&|;s|\.o$||'`;\
	clang -DHAVE_CONFIG_H -I.   -Wall -g -O2 -arch x86_64 -m64 -Wno-error=format-nonliteral   -mmacosx-version-min=10.10 -isysroot /Applications/Xcode.app/Contents/Developer/Platforms/MacOSX.platform/Developer/SDKs/MacOSX10.14.sdk  -I/Users/chenjie/Documents/git/cerbero/build/build-tools/include  -Wall -g -O2 -arch x86_64 -m64 -Wno-error=format-nonliteral   -I/Users/chenjie/Documents/git/cerbero/build/build-tools/include  -mmacosx-version-min=10.10 -isysroot /Applications/Xcode.app/Contents/Developer/Platforms/MacOSX.platform/Developer/SDKs/MacOSX10.14.sdk  -MT modules/dbgfmts/codeview/cv-type.o -MD -MP -MF $depbase.Tpo -c -o modules/dbgfmts/codeview/cv-type.o modules/dbgfmts/codeview/cv-type.c &&\
	mv -f $depbase.Tpo $depbase.Po
depbase=`echo modules/dbgfmts/dwarf2/dwarf2-dbgfmt.o | sed 's|[^/]*$|.deps/&|;s|\.o$||'`;\
	clang -DHAVE_CONFIG_H -I.   -Wall -g -O2 -arch x86_64 -m64 -Wno-error=format-nonliteral   -mmacosx-version-min=10.10 -isysroot /Applications/Xcode.app/Contents/Developer/Platforms/MacOSX.platform/Developer/SDKs/MacOSX10.14.sdk  -I/Users/chenjie/Documents/git/cerbero/build/build-tools/include  -Wall -g -O2 -arch x86_64 -m64 -Wno-error=format-nonliteral   -I/Users/chenjie/Documents/git/cerbero/build/build-tools/include  -mmacosx-version-min=10.10 -isysroot /Applications/Xcode.app/Contents/Developer/Platforms/MacOSX.platform/Developer/SDKs/MacOSX10.14.sdk  -MT modules/dbgfmts/dwarf2/dwarf2-dbgfmt.o -MD -MP -MF $depbase.Tpo -c -o modules/dbgfmts/dwarf2/dwarf2-dbgfmt.o modules/dbgfmts/dwarf2/dwarf2-dbgfmt.c &&\
	mv -f $depbase.Tpo $depbase.Po
depbase=`echo modules/dbgfmts/dwarf2/dwarf2-line.o | sed 's|[^/]*$|.deps/&|;s|\.o$||'`;\
	clang -DHAVE_CONFIG_H -I.   -Wall -g -O2 -arch x86_64 -m64 -Wno-error=format-nonliteral   -mmacosx-version-min=10.10 -isysroot /Applications/Xcode.app/Contents/Developer/Platforms/MacOSX.platform/Developer/SDKs/MacOSX10.14.sdk  -I/Users/chenjie/Documents/git/cerbero/build/build-tools/include  -Wall -g -O2 -arch x86_64 -m64 -Wno-error=format-nonliteral   -I/Users/chenjie/Documents/git/cerbero/build/build-tools/include  -mmacosx-version-min=10.10 -isysroot /Applications/Xcode.app/Contents/Developer/Platforms/MacOSX.platform/Developer/SDKs/MacOSX10.14.sdk  -MT modules/dbgfmts/dwarf2/dwarf2-line.o -MD -MP -MF $depbase.Tpo -c -o modules/dbgfmts/dwarf2/dwarf2-line.o modules/dbgfmts/dwarf2/dwarf2-line.c &&\
	mv -f $depbase.Tpo $depbase.Po
depbase=`echo modules/dbgfmts/dwarf2/dwarf2-aranges.o | sed 's|[^/]*$|.deps/&|;s|\.o$||'`;\
	clang -DHAVE_CONFIG_H -I.   -Wall -g -O2 -arch x86_64 -m64 -Wno-error=format-nonliteral   -mmacosx-version-min=10.10 -isysroot /Applications/Xcode.app/Contents/Developer/Platforms/MacOSX.platform/Developer/SDKs/MacOSX10.14.sdk  -I/Users/chenjie/Documents/git/cerbero/build/build-tools/include  -Wall -g -O2 -arch x86_64 -m64 -Wno-error=format-nonliteral   -I/Users/chenjie/Documents/git/cerbero/build/build-tools/include  -mmacosx-version-min=10.10 -isysroot /Applications/Xcode.app/Contents/Developer/Platforms/MacOSX.platform/Developer/SDKs/MacOSX10.14.sdk  -MT modules/dbgfmts/dwarf2/dwarf2-aranges.o -MD -MP -MF $depbase.Tpo -c -o modules/dbgfmts/dwarf2/dwarf2-aranges.o modules/dbgfmts/dwarf2/dwarf2-aranges.c &&\
	mv -f $depbase.Tpo $depbase.Po
depbase=`echo modules/dbgfmts/dwarf2/dwarf2-info.o | sed 's|[^/]*$|.deps/&|;s|\.o$||'`;\
	clang -DHAVE_CONFIG_H -I.   -Wall -g -O2 -arch x86_64 -m64 -Wno-error=format-nonliteral   -mmacosx-version-min=10.10 -isysroot /Applications/Xcode.app/Contents/Developer/Platforms/MacOSX.platform/Developer/SDKs/MacOSX10.14.sdk  -I/Users/chenjie/Documents/git/cerbero/build/build-tools/include  -Wall -g -O2 -arch x86_64 -m64 -Wno-error=format-nonliteral   -I/Users/chenjie/Documents/git/cerbero/build/build-tools/include  -mmacosx-version-min=10.10 -isysroot /Applications/Xcode.app/Contents/Developer/Platforms/MacOSX.platform/Developer/SDKs/MacOSX10.14.sdk  -MT modules/dbgfmts/dwarf2/dwarf2-info.o -MD -MP -MF $depbase.Tpo -c -o modules/dbgfmts/dwarf2/dwarf2-info.o modules/dbgfmts/dwarf2/dwarf2-info.c &&\
	mv -f $depbase.Tpo $depbase.Po
depbase=`echo modules/dbgfmts/null/null-dbgfmt.o | sed 's|[^/]*$|.deps/&|;s|\.o$||'`;\
	clang -DHAVE_CONFIG_H -I.   -Wall -g -O2 -arch x86_64 -m64 -Wno-error=format-nonliteral   -mmacosx-version-min=10.10 -isysroot /Applications/Xcode.app/Contents/Developer/Platforms/MacOSX.platform/Developer/SDKs/MacOSX10.14.sdk  -I/Users/chenjie/Documents/git/cerbero/build/build-tools/include  -Wall -g -O2 -arch x86_64 -m64 -Wno-error=format-nonliteral   -I/Users/chenjie/Documents/git/cerbero/build/build-tools/include  -mmacosx-version-min=10.10 -isysroot /Applications/Xcode.app/Contents/Developer/Platforms/MacOSX.platform/Developer/SDKs/MacOSX10.14.sdk  -MT modules/dbgfmts/null/null-dbgfmt.o -MD -MP -MF $depbase.Tpo -c -o modules/dbgfmts/null/null-dbgfmt.o modules/dbgfmts/null/null-dbgfmt.c &&\
	mv -f $depbase.Tpo $depbase.Po
depbase=`echo modules/dbgfmts/stabs/stabs-dbgfmt.o | sed 's|[^/]*$|.deps/&|;s|\.o$||'`;\
	clang -DHAVE_CONFIG_H -I.   -Wall -g -O2 -arch x86_64 -m64 -Wno-error=format-nonliteral   -mmacosx-version-min=10.10 -isysroot /Applications/Xcode.app/Contents/Developer/Platforms/MacOSX.platform/Developer/SDKs/MacOSX10.14.sdk  -I/Users/chenjie/Documents/git/cerbero/build/build-tools/include  -Wall -g -O2 -arch x86_64 -m64 -Wno-error=format-nonliteral   -I/Users/chenjie/Documents/git/cerbero/build/build-tools/include  -mmacosx-version-min=10.10 -isysroot /Applications/Xcode.app/Contents/Developer/Platforms/MacOSX.platform/Developer/SDKs/MacOSX10.14.sdk  -MT modules/dbgfmts/stabs/stabs-dbgfmt.o -MD -MP -MF $depbase.Tpo -c -o modules/dbgfmts/stabs/stabs-dbgfmt.o modules/dbgfmts/stabs/stabs-dbgfmt.c &&\
	mv -f $depbase.Tpo $depbase.Po
depbase=`echo modules/objfmts/dbg/dbg-objfmt.o | sed 's|[^/]*$|.deps/&|;s|\.o$||'`;\
	clang -DHAVE_CONFIG_H -I.   -Wall -g -O2 -arch x86_64 -m64 -Wno-error=format-nonliteral   -mmacosx-version-min=10.10 -isysroot /Applications/Xcode.app/Contents/Developer/Platforms/MacOSX.platform/Developer/SDKs/MacOSX10.14.sdk  -I/Users/chenjie/Documents/git/cerbero/build/build-tools/include  -Wall -g -O2 -arch x86_64 -m64 -Wno-error=format-nonliteral   -I/Users/chenjie/Documents/git/cerbero/build/build-tools/include  -mmacosx-version-min=10.10 -isysroot /Applications/Xcode.app/Contents/Developer/Platforms/MacOSX.platform/Developer/SDKs/MacOSX10.14.sdk  -MT modules/objfmts/dbg/dbg-objfmt.o -MD -MP -MF $depbase.Tpo -c -o modules/objfmts/dbg/dbg-objfmt.o modules/objfmts/dbg/dbg-objfmt.c &&\
	mv -f $depbase.Tpo $depbase.Po
depbase=`echo modules/objfmts/bin/bin-objfmt.o | sed 's|[^/]*$|.deps/&|;s|\.o$||'`;\
	clang -DHAVE_CONFIG_H -I.   -Wall -g -O2 -arch x86_64 -m64 -Wno-error=format-nonliteral   -mmacosx-version-min=10.10 -isysroot /Applications/Xcode.app/Contents/Developer/Platforms/MacOSX.platform/Developer/SDKs/MacOSX10.14.sdk  -I/Users/chenjie/Documents/git/cerbero/build/build-tools/include  -Wall -g -O2 -arch x86_64 -m64 -Wno-error=format-nonliteral   -I/Users/chenjie/Documents/git/cerbero/build/build-tools/include  -mmacosx-version-min=10.10 -isysroot /Applications/Xcode.app/Contents/Developer/Platforms/MacOSX.platform/Developer/SDKs/MacOSX10.14.sdk  -MT modules/objfmts/bin/bin-objfmt.o -MD -MP -MF $depbase.Tpo -c -o modules/objfmts/bin/bin-objfmt.o modules/objfmts/bin/bin-objfmt.c &&\
	mv -f $depbase.Tpo $depbase.Po
depbase=`echo modules/objfmts/elf/elf.o | sed 's|[^/]*$|.deps/&|;s|\.o$||'`;\
	clang -DHAVE_CONFIG_H -I.   -Wall -g -O2 -arch x86_64 -m64 -Wno-error=format-nonliteral   -mmacosx-version-min=10.10 -isysroot /Applications/Xcode.app/Contents/Developer/Platforms/MacOSX.platform/Developer/SDKs/MacOSX10.14.sdk  -I/Users/chenjie/Documents/git/cerbero/build/build-tools/include  -Wall -g -O2 -arch x86_64 -m64 -Wno-error=format-nonliteral   -I/Users/chenjie/Documents/git/cerbero/build/build-tools/include  -mmacosx-version-min=10.10 -isysroot /Applications/Xcode.app/Contents/Developer/Platforms/MacOSX.platform/Developer/SDKs/MacOSX10.14.sdk  -MT modules/objfmts/elf/elf.o -MD -MP -MF $depbase.Tpo -c -o modules/objfmts/elf/elf.o modules/objfmts/elf/elf.c &&\
	mv -f $depbase.Tpo $depbase.Po
depbase=`echo modules/objfmts/elf/elf-objfmt.o | sed 's|[^/]*$|.deps/&|;s|\.o$||'`;\
	clang -DHAVE_CONFIG_H -I.   -Wall -g -O2 -arch x86_64 -m64 -Wno-error=format-nonliteral   -mmacosx-version-min=10.10 -isysroot /Applications/Xcode.app/Contents/Developer/Platforms/MacOSX.platform/Developer/SDKs/MacOSX10.14.sdk  -I/Users/chenjie/Documents/git/cerbero/build/build-tools/include  -Wall -g -O2 -arch x86_64 -m64 -Wno-error=format-nonliteral   -I/Users/chenjie/Documents/git/cerbero/build/build-tools/include  -mmacosx-version-min=10.10 -isysroot /Applications/Xcode.app/Contents/Developer/Platforms/MacOSX.platform/Developer/SDKs/MacOSX10.14.sdk  -MT modules/objfmts/elf/elf-objfmt.o -MD -MP -MF $depbase.Tpo -c -o modules/objfmts/elf/elf-objfmt.o modules/objfmts/elf/elf-objfmt.c &&\
	mv -f $depbase.Tpo $depbase.Po
depbase=`echo modules/objfmts/elf/elf-x86-x86.o | sed 's|[^/]*$|.deps/&|;s|\.o$||'`;\
	clang -DHAVE_CONFIG_H -I.   -Wall -g -O2 -arch x86_64 -m64 -Wno-error=format-nonliteral   -mmacosx-version-min=10.10 -isysroot /Applications/Xcode.app/Contents/Developer/Platforms/MacOSX.platform/Developer/SDKs/MacOSX10.14.sdk  -I/Users/chenjie/Documents/git/cerbero/build/build-tools/include  -Wall -g -O2 -arch x86_64 -m64 -Wno-error=format-nonliteral   -I/Users/chenjie/Documents/git/cerbero/build/build-tools/include  -mmacosx-version-min=10.10 -isysroot /Applications/Xcode.app/Contents/Developer/Platforms/MacOSX.platform/Developer/SDKs/MacOSX10.14.sdk  -MT modules/objfmts/elf/elf-x86-x86.o -MD -MP -MF $depbase.Tpo -c -o modules/objfmts/elf/elf-x86-x86.o modules/objfmts/elf/elf-x86-x86.c &&\
	mv -f $depbase.Tpo $depbase.Po
depbase=`echo modules/objfmts/elf/elf-x86-amd64.o | sed 's|[^/]*$|.deps/&|;s|\.o$||'`;\
	clang -DHAVE_CONFIG_H -I.   -Wall -g -O2 -arch x86_64 -m64 -Wno-error=format-nonliteral   -mmacosx-version-min=10.10 -isysroot /Applications/Xcode.app/Contents/Developer/Platforms/MacOSX.platform/Developer/SDKs/MacOSX10.14.sdk  -I/Users/chenjie/Documents/git/cerbero/build/build-tools/include  -Wall -g -O2 -arch x86_64 -m64 -Wno-error=format-nonliteral   -I/Users/chenjie/Documents/git/cerbero/build/build-tools/include  -mmacosx-version-min=10.10 -isysroot /Applications/Xcode.app/Contents/Developer/Platforms/MacOSX.platform/Developer/SDKs/MacOSX10.14.sdk  -MT modules/objfmts/elf/elf-x86-amd64.o -MD -MP -MF $depbase.Tpo -c -o modules/objfmts/elf/elf-x86-amd64.o modules/objfmts/elf/elf-x86-amd64.c &&\
	mv -f $depbase.Tpo $depbase.Po
depbase=`echo modules/objfmts/elf/elf-x86-x32.o | sed 's|[^/]*$|.deps/&|;s|\.o$||'`;\
	clang -DHAVE_CONFIG_H -I.   -Wall -g -O2 -arch x86_64 -m64 -Wno-error=format-nonliteral   -mmacosx-version-min=10.10 -isysroot /Applications/Xcode.app/Contents/Developer/Platforms/MacOSX.platform/Developer/SDKs/MacOSX10.14.sdk  -I/Users/chenjie/Documents/git/cerbero/build/build-tools/include  -Wall -g -O2 -arch x86_64 -m64 -Wno-error=format-nonliteral   -I/Users/chenjie/Documents/git/cerbero/build/build-tools/include  -mmacosx-version-min=10.10 -isysroot /Applications/Xcode.app/Contents/Developer/Platforms/MacOSX.platform/Developer/SDKs/MacOSX10.14.sdk  -MT modules/objfmts/elf/elf-x86-x32.o -MD -MP -MF $depbase.Tpo -c -o modules/objfmts/elf/elf-x86-x32.o modules/objfmts/elf/elf-x86-x32.c &&\
	mv -f $depbase.Tpo $depbase.Po
depbase=`echo modules/objfmts/coff/coff-objfmt.o | sed 's|[^/]*$|.deps/&|;s|\.o$||'`;\
	clang -DHAVE_CONFIG_H -I.   -Wall -g -O2 -arch x86_64 -m64 -Wno-error=format-nonliteral   -mmacosx-version-min=10.10 -isysroot /Applications/Xcode.app/Contents/Developer/Platforms/MacOSX.platform/Developer/SDKs/MacOSX10.14.sdk  -I/Users/chenjie/Documents/git/cerbero/build/build-tools/include  -Wall -g -O2 -arch x86_64 -m64 -Wno-error=format-nonliteral   -I/Users/chenjie/Documents/git/cerbero/build/build-tools/include  -mmacosx-version-min=10.10 -isysroot /Applications/Xcode.app/Contents/Developer/Platforms/MacOSX.platform/Developer/SDKs/MacOSX10.14.sdk  -MT modules/objfmts/coff/coff-objfmt.o -MD -MP -MF $depbase.Tpo -c -o modules/objfmts/coff/coff-objfmt.o modules/objfmts/coff/coff-objfmt.c &&\
	mv -f $depbase.Tpo $depbase.Po
depbase=`echo modules/objfmts/coff/win64-except.o | sed 's|[^/]*$|.deps/&|;s|\.o$||'`;\
	clang -DHAVE_CONFIG_H -I.   -Wall -g -O2 -arch x86_64 -m64 -Wno-error=format-nonliteral   -mmacosx-version-min=10.10 -isysroot /Applications/Xcode.app/Contents/Developer/Platforms/MacOSX.platform/Developer/SDKs/MacOSX10.14.sdk  -I/Users/chenjie/Documents/git/cerbero/build/build-tools/include  -Wall -g -O2 -arch x86_64 -m64 -Wno-error=format-nonliteral   -I/Users/chenjie/Documents/git/cerbero/build/build-tools/include  -mmacosx-version-min=10.10 -isysroot /Applications/Xcode.app/Contents/Developer/Platforms/MacOSX.platform/Developer/SDKs/MacOSX10.14.sdk  -MT modules/objfmts/coff/win64-except.o -MD -MP -MF $depbase.Tpo -c -o modules/objfmts/coff/win64-except.o modules/objfmts/coff/win64-except.c &&\
	mv -f $depbase.Tpo $depbase.Po
depbase=`echo modules/objfmts/macho/macho-objfmt.o | sed 's|[^/]*$|.deps/&|;s|\.o$||'`;\
	clang -DHAVE_CONFIG_H -I.   -Wall -g -O2 -arch x86_64 -m64 -Wno-error=format-nonliteral   -mmacosx-version-min=10.10 -isysroot /Applications/Xcode.app/Contents/Developer/Platforms/MacOSX.platform/Developer/SDKs/MacOSX10.14.sdk  -I/Users/chenjie/Documents/git/cerbero/build/build-tools/include  -Wall -g -O2 -arch x86_64 -m64 -Wno-error=format-nonliteral   -I/Users/chenjie/Documents/git/cerbero/build/build-tools/include  -mmacosx-version-min=10.10 -isysroot /Applications/Xcode.app/Contents/Developer/Platforms/MacOSX.platform/Developer/SDKs/MacOSX10.14.sdk  -MT modules/objfmts/macho/macho-objfmt.o -MD -MP -MF $depbase.Tpo -c -o modules/objfmts/macho/macho-objfmt.o modules/objfmts/macho/macho-objfmt.c &&\
	mv -f $depbase.Tpo $depbase.Po
depbase=`echo modules/objfmts/rdf/rdf-objfmt.o | sed 's|[^/]*$|.deps/&|;s|\.o$||'`;\
	clang -DHAVE_CONFIG_H -I.   -Wall -g -O2 -arch x86_64 -m64 -Wno-error=format-nonliteral   -mmacosx-version-min=10.10 -isysroot /Applications/Xcode.app/Contents/Developer/Platforms/MacOSX.platform/Developer/SDKs/MacOSX10.14.sdk  -I/Users/chenjie/Documents/git/cerbero/build/build-tools/include  -Wall -g -O2 -arch x86_64 -m64 -Wno-error=format-nonliteral   -I/Users/chenjie/Documents/git/cerbero/build/build-tools/include  -mmacosx-version-min=10.10 -isysroot /Applications/Xcode.app/Contents/Developer/Platforms/MacOSX.platform/Developer/SDKs/MacOSX10.14.sdk  -MT modules/objfmts/rdf/rdf-objfmt.o -MD -MP -MF $depbase.Tpo -c -o modules/objfmts/rdf/rdf-objfmt.o modules/objfmts/rdf/rdf-objfmt.c &&\
	mv -f $depbase.Tpo $depbase.Po
depbase=`echo modules/objfmts/xdf/xdf-objfmt.o | sed 's|[^/]*$|.deps/&|;s|\.o$||'`;\
	clang -DHAVE_CONFIG_H -I.   -Wall -g -O2 -arch x86_64 -m64 -Wno-error=format-nonliteral   -mmacosx-version-min=10.10 -isysroot /Applications/Xcode.app/Contents/Developer/Platforms/MacOSX.platform/Developer/SDKs/MacOSX10.14.sdk  -I/Users/chenjie/Documents/git/cerbero/build/build-tools/include  -Wall -g -O2 -arch x86_64 -m64 -Wno-error=format-nonliteral   -I/Users/chenjie/Documents/git/cerbero/build/build-tools/include  -mmacosx-version-min=10.10 -isysroot /Applications/Xcode.app/Contents/Developer/Platforms/MacOSX.platform/Developer/SDKs/MacOSX10.14.sdk  -MT modules/objfmts/xdf/xdf-objfmt.o -MD -MP -MF $depbase.Tpo -c -o modules/objfmts/xdf/xdf-objfmt.o modules/objfmts/xdf/xdf-objfmt.c &&\
	mv -f $depbase.Tpo $depbase.Po
depbase=`echo libyasm/assocdat.o | sed 's|[^/]*$|.deps/&|;s|\.o$||'`;\
	clang -DHAVE_CONFIG_H -I.   -Wall -g -O2 -arch x86_64 -m64 -Wno-error=format-nonliteral   -mmacosx-version-min=10.10 -isysroot /Applications/Xcode.app/Contents/Developer/Platforms/MacOSX.platform/Developer/SDKs/MacOSX10.14.sdk  -I/Users/chenjie/Documents/git/cerbero/build/build-tools/include  -Wall -g -O2 -arch x86_64 -m64 -Wno-error=format-nonliteral   -I/Users/chenjie/Documents/git/cerbero/build/build-tools/include  -mmacosx-version-min=10.10 -isysroot /Applications/Xcode.app/Contents/Developer/Platforms/MacOSX.platform/Developer/SDKs/MacOSX10.14.sdk  -MT libyasm/assocdat.o -MD -MP -MF $depbase.Tpo -c -o libyasm/assocdat.o libyasm/assocdat.c &&\
	mv -f $depbase.Tpo $depbase.Po
depbase=`echo libyasm/bitvect.o | sed 's|[^/]*$|.deps/&|;s|\.o$||'`;\
	clang -DHAVE_CONFIG_H -I.   -Wall -g -O2 -arch x86_64 -m64 -Wno-error=format-nonliteral   -mmacosx-version-min=10.10 -isysroot /Applications/Xcode.app/Contents/Developer/Platforms/MacOSX.platform/Developer/SDKs/MacOSX10.14.sdk  -I/Users/chenjie/Documents/git/cerbero/build/build-tools/include  -Wall -g -O2 -arch x86_64 -m64 -Wno-error=format-nonliteral   -I/Users/chenjie/Documents/git/cerbero/build/build-tools/include  -mmacosx-version-min=10.10 -isysroot /Applications/Xcode.app/Contents/Developer/Platforms/MacOSX.platform/Developer/SDKs/MacOSX10.14.sdk  -MT libyasm/bitvect.o -MD -MP -MF $depbase.Tpo -c -o libyasm/bitvect.o libyasm/bitvect.c &&\
	mv -f $depbase.Tpo $depbase.Po
depbase=`echo libyasm/bc-align.o | sed 's|[^/]*$|.deps/&|;s|\.o$||'`;\
	clang -DHAVE_CONFIG_H -I.   -Wall -g -O2 -arch x86_64 -m64 -Wno-error=format-nonliteral   -mmacosx-version-min=10.10 -isysroot /Applications/Xcode.app/Contents/Developer/Platforms/MacOSX.platform/Developer/SDKs/MacOSX10.14.sdk  -I/Users/chenjie/Documents/git/cerbero/build/build-tools/include  -Wall -g -O2 -arch x86_64 -m64 -Wno-error=format-nonliteral   -I/Users/chenjie/Documents/git/cerbero/build/build-tools/include  -mmacosx-version-min=10.10 -isysroot /Applications/Xcode.app/Contents/Developer/Platforms/MacOSX.platform/Developer/SDKs/MacOSX10.14.sdk  -MT libyasm/bc-align.o -MD -MP -MF $depbase.Tpo -c -o libyasm/bc-align.o libyasm/bc-align.c &&\
	mv -f $depbase.Tpo $depbase.Po
depbase=`echo libyasm/bc-data.o | sed 's|[^/]*$|.deps/&|;s|\.o$||'`;\
	clang -DHAVE_CONFIG_H -I.   -Wall -g -O2 -arch x86_64 -m64 -Wno-error=format-nonliteral   -mmacosx-version-min=10.10 -isysroot /Applications/Xcode.app/Contents/Developer/Platforms/MacOSX.platform/Developer/SDKs/MacOSX10.14.sdk  -I/Users/chenjie/Documents/git/cerbero/build/build-tools/include  -Wall -g -O2 -arch x86_64 -m64 -Wno-error=format-nonliteral   -I/Users/chenjie/Documents/git/cerbero/build/build-tools/include  -mmacosx-version-min=10.10 -isysroot /Applications/Xcode.app/Contents/Developer/Platforms/MacOSX.platform/Developer/SDKs/MacOSX10.14.sdk  -MT libyasm/bc-data.o -MD -MP -MF $depbase.Tpo -c -o libyasm/bc-data.o libyasm/bc-data.c &&\
	mv -f $depbase.Tpo $depbase.Po
depbase=`echo libyasm/bc-incbin.o | sed 's|[^/]*$|.deps/&|;s|\.o$||'`;\
	clang -DHAVE_CONFIG_H -I.   -Wall -g -O2 -arch x86_64 -m64 -Wno-error=format-nonliteral   -mmacosx-version-min=10.10 -isysroot /Applications/Xcode.app/Contents/Developer/Platforms/MacOSX.platform/Developer/SDKs/MacOSX10.14.sdk  -I/Users/chenjie/Documents/git/cerbero/build/build-tools/include  -Wall -g -O2 -arch x86_64 -m64 -Wno-error=format-nonliteral   -I/Users/chenjie/Documents/git/cerbero/build/build-tools/include  -mmacosx-version-min=10.10 -isysroot /Applications/Xcode.app/Contents/Developer/Platforms/MacOSX.platform/Developer/SDKs/MacOSX10.14.sdk  -MT libyasm/bc-incbin.o -MD -MP -MF $depbase.Tpo -c -o libyasm/bc-incbin.o libyasm/bc-incbin.c &&\
	mv -f $depbase.Tpo $depbase.Po
depbase=`echo libyasm/bc-org.o | sed 's|[^/]*$|.deps/&|;s|\.o$||'`;\
	clang -DHAVE_CONFIG_H -I.   -Wall -g -O2 -arch x86_64 -m64 -Wno-error=format-nonliteral   -mmacosx-version-min=10.10 -isysroot /Applications/Xcode.app/Contents/Developer/Platforms/MacOSX.platform/Developer/SDKs/MacOSX10.14.sdk  -I/Users/chenjie/Documents/git/cerbero/build/build-tools/include  -Wall -g -O2 -arch x86_64 -m64 -Wno-error=format-nonliteral   -I/Users/chenjie/Documents/git/cerbero/build/build-tools/include  -mmacosx-version-min=10.10 -isysroot /Applications/Xcode.app/Contents/Developer/Platforms/MacOSX.platform/Developer/SDKs/MacOSX10.14.sdk  -MT libyasm/bc-org.o -MD -MP -MF $depbase.Tpo -c -o libyasm/bc-org.o libyasm/bc-org.c &&\
	mv -f $depbase.Tpo $depbase.Po
depbase=`echo libyasm/bc-reserve.o | sed 's|[^/]*$|.deps/&|;s|\.o$||'`;\
	clang -DHAVE_CONFIG_H -I.   -Wall -g -O2 -arch x86_64 -m64 -Wno-error=format-nonliteral   -mmacosx-version-min=10.10 -isysroot /Applications/Xcode.app/Contents/Developer/Platforms/MacOSX.platform/Developer/SDKs/MacOSX10.14.sdk  -I/Users/chenjie/Documents/git/cerbero/build/build-tools/include  -Wall -g -O2 -arch x86_64 -m64 -Wno-error=format-nonliteral   -I/Users/chenjie/Documents/git/cerbero/build/build-tools/include  -mmacosx-version-min=10.10 -isysroot /Applications/Xcode.app/Contents/Developer/Platforms/MacOSX.platform/Developer/SDKs/MacOSX10.14.sdk  -MT libyasm/bc-reserve.o -MD -MP -MF $depbase.Tpo -c -o libyasm/bc-reserve.o libyasm/bc-reserve.c &&\
	mv -f $depbase.Tpo $depbase.Po
depbase=`echo libyasm/bytecode.o | sed 's|[^/]*$|.deps/&|;s|\.o$||'`;\
	clang -DHAVE_CONFIG_H -I.   -Wall -g -O2 -arch x86_64 -m64 -Wno-error=format-nonliteral   -mmacosx-version-min=10.10 -isysroot /Applications/Xcode.app/Contents/Developer/Platforms/MacOSX.platform/Developer/SDKs/MacOSX10.14.sdk  -I/Users/chenjie/Documents/git/cerbero/build/build-tools/include  -Wall -g -O2 -arch x86_64 -m64 -Wno-error=format-nonliteral   -I/Users/chenjie/Documents/git/cerbero/build/build-tools/include  -mmacosx-version-min=10.10 -isysroot /Applications/Xcode.app/Contents/Developer/Platforms/MacOSX.platform/Developer/SDKs/MacOSX10.14.sdk  -MT libyasm/bytecode.o -MD -MP -MF $depbase.Tpo -c -o libyasm/bytecode.o libyasm/bytecode.c &&\
	mv -f $depbase.Tpo $depbase.Po
depbase=`echo libyasm/errwarn.o | sed 's|[^/]*$|.deps/&|;s|\.o$||'`;\
	clang -DHAVE_CONFIG_H -I.   -Wall -g -O2 -arch x86_64 -m64 -Wno-error=format-nonliteral   -mmacosx-version-min=10.10 -isysroot /Applications/Xcode.app/Contents/Developer/Platforms/MacOSX.platform/Developer/SDKs/MacOSX10.14.sdk  -I/Users/chenjie/Documents/git/cerbero/build/build-tools/include  -Wall -g -O2 -arch x86_64 -m64 -Wno-error=format-nonliteral   -I/Users/chenjie/Documents/git/cerbero/build/build-tools/include  -mmacosx-version-min=10.10 -isysroot /Applications/Xcode.app/Contents/Developer/Platforms/MacOSX.platform/Developer/SDKs/MacOSX10.14.sdk  -MT libyasm/errwarn.o -MD -MP -MF $depbase.Tpo -c -o libyasm/errwarn.o libyasm/errwarn.c &&\
	mv -f $depbase.Tpo $depbase.Po
depbase=`echo libyasm/expr.o | sed 's|[^/]*$|.deps/&|;s|\.o$||'`;\
	clang -DHAVE_CONFIG_H -I.   -Wall -g -O2 -arch x86_64 -m64 -Wno-error=format-nonliteral   -mmacosx-version-min=10.10 -isysroot /Applications/Xcode.app/Contents/Developer/Platforms/MacOSX.platform/Developer/SDKs/MacOSX10.14.sdk  -I/Users/chenjie/Documents/git/cerbero/build/build-tools/include  -Wall -g -O2 -arch x86_64 -m64 -Wno-error=format-nonliteral   -I/Users/chenjie/Documents/git/cerbero/build/build-tools/include  -mmacosx-version-min=10.10 -isysroot /Applications/Xcode.app/Contents/Developer/Platforms/MacOSX.platform/Developer/SDKs/MacOSX10.14.sdk  -MT libyasm/expr.o -MD -MP -MF $depbase.Tpo -c -o libyasm/expr.o libyasm/expr.c &&\
	mv -f $depbase.Tpo $depbase.Po
depbase=`echo libyasm/file.o | sed 's|[^/]*$|.deps/&|;s|\.o$||'`;\
	clang -DHAVE_CONFIG_H -I.   -Wall -g -O2 -arch x86_64 -m64 -Wno-error=format-nonliteral   -mmacosx-version-min=10.10 -isysroot /Applications/Xcode.app/Contents/Developer/Platforms/MacOSX.platform/Developer/SDKs/MacOSX10.14.sdk  -I/Users/chenjie/Documents/git/cerbero/build/build-tools/include  -Wall -g -O2 -arch x86_64 -m64 -Wno-error=format-nonliteral   -I/Users/chenjie/Documents/git/cerbero/build/build-tools/include  -mmacosx-version-min=10.10 -isysroot /Applications/Xcode.app/Contents/Developer/Platforms/MacOSX.platform/Developer/SDKs/MacOSX10.14.sdk  -MT libyasm/file.o -MD -MP -MF $depbase.Tpo -c -o libyasm/file.o libyasm/file.c &&\
	mv -f $depbase.Tpo $depbase.Po
depbase=`echo libyasm/floatnum.o | sed 's|[^/]*$|.deps/&|;s|\.o$||'`;\
	clang -DHAVE_CONFIG_H -I.   -Wall -g -O2 -arch x86_64 -m64 -Wno-error=format-nonliteral   -mmacosx-version-min=10.10 -isysroot /Applications/Xcode.app/Contents/Developer/Platforms/MacOSX.platform/Developer/SDKs/MacOSX10.14.sdk  -I/Users/chenjie/Documents/git/cerbero/build/build-tools/include  -Wall -g -O2 -arch x86_64 -m64 -Wno-error=format-nonliteral   -I/Users/chenjie/Documents/git/cerbero/build/build-tools/include  -mmacosx-version-min=10.10 -isysroot /Applications/Xcode.app/Contents/Developer/Platforms/MacOSX.platform/Developer/SDKs/MacOSX10.14.sdk  -MT libyasm/floatnum.o -MD -MP -MF $depbase.Tpo -c -o libyasm/floatnum.o libyasm/floatnum.c &&\
	mv -f $depbase.Tpo $depbase.Po
depbase=`echo libyasm/hamt.o | sed 's|[^/]*$|.deps/&|;s|\.o$||'`;\
	clang -DHAVE_CONFIG_H -I.   -Wall -g -O2 -arch x86_64 -m64 -Wno-error=format-nonliteral   -mmacosx-version-min=10.10 -isysroot /Applications/Xcode.app/Contents/Developer/Platforms/MacOSX.platform/Developer/SDKs/MacOSX10.14.sdk  -I/Users/chenjie/Documents/git/cerbero/build/build-tools/include  -Wall -g -O2 -arch x86_64 -m64 -Wno-error=format-nonliteral   -I/Users/chenjie/Documents/git/cerbero/build/build-tools/include  -mmacosx-version-min=10.10 -isysroot /Applications/Xcode.app/Contents/Developer/Platforms/MacOSX.platform/Developer/SDKs/MacOSX10.14.sdk  -MT libyasm/hamt.o -MD -MP -MF $depbase.Tpo -c -o libyasm/hamt.o libyasm/hamt.c &&\
	mv -f $depbase.Tpo $depbase.Po
depbase=`echo libyasm/insn.o | sed 's|[^/]*$|.deps/&|;s|\.o$||'`;\
	clang -DHAVE_CONFIG_H -I.   -Wall -g -O2 -arch x86_64 -m64 -Wno-error=format-nonliteral   -mmacosx-version-min=10.10 -isysroot /Applications/Xcode.app/Contents/Developer/Platforms/MacOSX.platform/Developer/SDKs/MacOSX10.14.sdk  -I/Users/chenjie/Documents/git/cerbero/build/build-tools/include  -Wall -g -O2 -arch x86_64 -m64 -Wno-error=format-nonliteral   -I/Users/chenjie/Documents/git/cerbero/build/build-tools/include  -mmacosx-version-min=10.10 -isysroot /Applications/Xcode.app/Contents/Developer/Platforms/MacOSX.platform/Developer/SDKs/MacOSX10.14.sdk  -MT libyasm/insn.o -MD -MP -MF $depbase.Tpo -c -o libyasm/insn.o libyasm/insn.c &&\
	mv -f $depbase.Tpo $depbase.Po
depbase=`echo libyasm/intnum.o | sed 's|[^/]*$|.deps/&|;s|\.o$||'`;\
	clang -DHAVE_CONFIG_H -I.   -Wall -g -O2 -arch x86_64 -m64 -Wno-error=format-nonliteral   -mmacosx-version-min=10.10 -isysroot /Applications/Xcode.app/Contents/Developer/Platforms/MacOSX.platform/Developer/SDKs/MacOSX10.14.sdk  -I/Users/chenjie/Documents/git/cerbero/build/build-tools/include  -Wall -g -O2 -arch x86_64 -m64 -Wno-error=format-nonliteral   -I/Users/chenjie/Documents/git/cerbero/build/build-tools/include  -mmacosx-version-min=10.10 -isysroot /Applications/Xcode.app/Contents/Developer/Platforms/MacOSX.platform/Developer/SDKs/MacOSX10.14.sdk  -MT libyasm/intnum.o -MD -MP -MF $depbase.Tpo -c -o libyasm/intnum.o libyasm/intnum.c &&\
	mv -f $depbase.Tpo $depbase.Po
depbase=`echo libyasm/inttree.o | sed 's|[^/]*$|.deps/&|;s|\.o$||'`;\
	clang -DHAVE_CONFIG_H -I.   -Wall -g -O2 -arch x86_64 -m64 -Wno-error=format-nonliteral   -mmacosx-version-min=10.10 -isysroot /Applications/Xcode.app/Contents/Developer/Platforms/MacOSX.platform/Developer/SDKs/MacOSX10.14.sdk  -I/Users/chenjie/Documents/git/cerbero/build/build-tools/include  -Wall -g -O2 -arch x86_64 -m64 -Wno-error=format-nonliteral   -I/Users/chenjie/Documents/git/cerbero/build/build-tools/include  -mmacosx-version-min=10.10 -isysroot /Applications/Xcode.app/Contents/Developer/Platforms/MacOSX.platform/Developer/SDKs/MacOSX10.14.sdk  -MT libyasm/inttree.o -MD -MP -MF $depbase.Tpo -c -o libyasm/inttree.o libyasm/inttree.c &&\
	mv -f $depbase.Tpo $depbase.Po
depbase=`echo libyasm/linemap.o | sed 's|[^/]*$|.deps/&|;s|\.o$||'`;\
	clang -DHAVE_CONFIG_H -I.   -Wall -g -O2 -arch x86_64 -m64 -Wno-error=format-nonliteral   -mmacosx-version-min=10.10 -isysroot /Applications/Xcode.app/Contents/Developer/Platforms/MacOSX.platform/Developer/SDKs/MacOSX10.14.sdk  -I/Users/chenjie/Documents/git/cerbero/build/build-tools/include  -Wall -g -O2 -arch x86_64 -m64 -Wno-error=format-nonliteral   -I/Users/chenjie/Documents/git/cerbero/build/build-tools/include  -mmacosx-version-min=10.10 -isysroot /Applications/Xcode.app/Contents/Developer/Platforms/MacOSX.platform/Developer/SDKs/MacOSX10.14.sdk  -MT libyasm/linemap.o -MD -MP -MF $depbase.Tpo -c -o libyasm/linemap.o libyasm/linemap.c &&\
	mv -f $depbase.Tpo $depbase.Po
depbase=`echo libyasm/md5.o | sed 's|[^/]*$|.deps/&|;s|\.o$||'`;\
	clang -DHAVE_CONFIG_H -I.   -Wall -g -O2 -arch x86_64 -m64 -Wno-error=format-nonliteral   -mmacosx-version-min=10.10 -isysroot /Applications/Xcode.app/Contents/Developer/Platforms/MacOSX.platform/Developer/SDKs/MacOSX10.14.sdk  -I/Users/chenjie/Documents/git/cerbero/build/build-tools/include  -Wall -g -O2 -arch x86_64 -m64 -Wno-error=format-nonliteral   -I/Users/chenjie/Documents/git/cerbero/build/build-tools/include  -mmacosx-version-min=10.10 -isysroot /Applications/Xcode.app/Contents/Developer/Platforms/MacOSX.platform/Developer/SDKs/MacOSX10.14.sdk  -MT libyasm/md5.o -MD -MP -MF $depbase.Tpo -c -o libyasm/md5.o libyasm/md5.c &&\
	mv -f $depbase.Tpo $depbase.Po
depbase=`echo libyasm/mergesort.o | sed 's|[^/]*$|.deps/&|;s|\.o$||'`;\
	clang -DHAVE_CONFIG_H -I.   -Wall -g -O2 -arch x86_64 -m64 -Wno-error=format-nonliteral   -mmacosx-version-min=10.10 -isysroot /Applications/Xcode.app/Contents/Developer/Platforms/MacOSX.platform/Developer/SDKs/MacOSX10.14.sdk  -I/Users/chenjie/Documents/git/cerbero/build/build-tools/include  -Wall -g -O2 -arch x86_64 -m64 -Wno-error=format-nonliteral   -I/Users/chenjie/Documents/git/cerbero/build/build-tools/include  -mmacosx-version-min=10.10 -isysroot /Applications/Xcode.app/Contents/Developer/Platforms/MacOSX.platform/Developer/SDKs/MacOSX10.14.sdk  -MT libyasm/mergesort.o -MD -MP -MF $depbase.Tpo -c -o libyasm/mergesort.o libyasm/mergesort.c &&\
	mv -f $depbase.Tpo $depbase.Po
depbase=`echo libyasm/phash.o | sed 's|[^/]*$|.deps/&|;s|\.o$||'`;\
	clang -DHAVE_CONFIG_H -I.   -Wall -g -O2 -arch x86_64 -m64 -Wno-error=format-nonliteral   -mmacosx-version-min=10.10 -isysroot /Applications/Xcode.app/Contents/Developer/Platforms/MacOSX.platform/Developer/SDKs/MacOSX10.14.sdk  -I/Users/chenjie/Documents/git/cerbero/build/build-tools/include  -Wall -g -O2 -arch x86_64 -m64 -Wno-error=format-nonliteral   -I/Users/chenjie/Documents/git/cerbero/build/build-tools/include  -mmacosx-version-min=10.10 -isysroot /Applications/Xcode.app/Contents/Developer/Platforms/MacOSX.platform/Developer/SDKs/MacOSX10.14.sdk  -MT libyasm/phash.o -MD -MP -MF $depbase.Tpo -c -o libyasm/phash.o libyasm/phash.c &&\
	mv -f $depbase.Tpo $depbase.Po
depbase=`echo libyasm/section.o | sed 's|[^/]*$|.deps/&|;s|\.o$||'`;\
	clang -DHAVE_CONFIG_H -I.   -Wall -g -O2 -arch x86_64 -m64 -Wno-error=format-nonliteral   -mmacosx-version-min=10.10 -isysroot /Applications/Xcode.app/Contents/Developer/Platforms/MacOSX.platform/Developer/SDKs/MacOSX10.14.sdk  -I/Users/chenjie/Documents/git/cerbero/build/build-tools/include  -Wall -g -O2 -arch x86_64 -m64 -Wno-error=format-nonliteral   -I/Users/chenjie/Documents/git/cerbero/build/build-tools/include  -mmacosx-version-min=10.10 -isysroot /Applications/Xcode.app/Contents/Developer/Platforms/MacOSX.platform/Developer/SDKs/MacOSX10.14.sdk  -MT libyasm/section.o -MD -MP -MF $depbase.Tpo -c -o libyasm/section.o libyasm/section.c &&\
	mv -f $depbase.Tpo $depbase.Po
depbase=`echo libyasm/strcasecmp.o | sed 's|[^/]*$|.deps/&|;s|\.o$||'`;\
	clang -DHAVE_CONFIG_H -I.   -Wall -g -O2 -arch x86_64 -m64 -Wno-error=format-nonliteral   -mmacosx-version-min=10.10 -isysroot /Applications/Xcode.app/Contents/Developer/Platforms/MacOSX.platform/Developer/SDKs/MacOSX10.14.sdk  -I/Users/chenjie/Documents/git/cerbero/build/build-tools/include  -Wall -g -O2 -arch x86_64 -m64 -Wno-error=format-nonliteral   -I/Users/chenjie/Documents/git/cerbero/build/build-tools/include  -mmacosx-version-min=10.10 -isysroot /Applications/Xcode.app/Contents/Developer/Platforms/MacOSX.platform/Developer/SDKs/MacOSX10.14.sdk  -MT libyasm/strcasecmp.o -MD -MP -MF $depbase.Tpo -c -o libyasm/strcasecmp.o libyasm/strcasecmp.c &&\
	mv -f $depbase.Tpo $depbase.Po
depbase=`echo libyasm/strsep.o | sed 's|[^/]*$|.deps/&|;s|\.o$||'`;\
	clang -DHAVE_CONFIG_H -I.   -Wall -g -O2 -arch x86_64 -m64 -Wno-error=format-nonliteral   -mmacosx-version-min=10.10 -isysroot /Applications/Xcode.app/Contents/Developer/Platforms/MacOSX.platform/Developer/SDKs/MacOSX10.14.sdk  -I/Users/chenjie/Documents/git/cerbero/build/build-tools/include  -Wall -g -O2 -arch x86_64 -m64 -Wno-error=format-nonliteral   -I/Users/chenjie/Documents/git/cerbero/build/build-tools/include  -mmacosx-version-min=10.10 -isysroot /Applications/Xcode.app/Contents/Developer/Platforms/MacOSX.platform/Developer/SDKs/MacOSX10.14.sdk  -MT libyasm/strsep.o -MD -MP -MF $depbase.Tpo -c -o libyasm/strsep.o libyasm/strsep.c &&\
	mv -f $depbase.Tpo $depbase.Po
depbase=`echo libyasm/symrec.o | sed 's|[^/]*$|.deps/&|;s|\.o$||'`;\
	clang -DHAVE_CONFIG_H -I.   -Wall -g -O2 -arch x86_64 -m64 -Wno-error=format-nonliteral   -mmacosx-version-min=10.10 -isysroot /Applications/Xcode.app/Contents/Developer/Platforms/MacOSX.platform/Developer/SDKs/MacOSX10.14.sdk  -I/Users/chenjie/Documents/git/cerbero/build/build-tools/include  -Wall -g -O2 -arch x86_64 -m64 -Wno-error=format-nonliteral   -I/Users/chenjie/Documents/git/cerbero/build/build-tools/include  -mmacosx-version-min=10.10 -isysroot /Applications/Xcode.app/Contents/Developer/Platforms/MacOSX.platform/Developer/SDKs/MacOSX10.14.sdk  -MT libyasm/symrec.o -MD -MP -MF $depbase.Tpo -c -o libyasm/symrec.o libyasm/symrec.c &&\
	mv -f $depbase.Tpo $depbase.Po
depbase=`echo libyasm/valparam.o | sed 's|[^/]*$|.deps/&|;s|\.o$||'`;\
	clang -DHAVE_CONFIG_H -I.   -Wall -g -O2 -arch x86_64 -m64 -Wno-error=format-nonliteral   -mmacosx-version-min=10.10 -isysroot /Applications/Xcode.app/Contents/Developer/Platforms/MacOSX.platform/Developer/SDKs/MacOSX10.14.sdk  -I/Users/chenjie/Documents/git/cerbero/build/build-tools/include  -Wall -g -O2 -arch x86_64 -m64 -Wno-error=format-nonliteral   -I/Users/chenjie/Documents/git/cerbero/build/build-tools/include  -mmacosx-version-min=10.10 -isysroot /Applications/Xcode.app/Contents/Developer/Platforms/MacOSX.platform/Developer/SDKs/MacOSX10.14.sdk  -MT libyasm/valparam.o -MD -MP -MF $depbase.Tpo -c -o libyasm/valparam.o libyasm/valparam.c &&\
	mv -f $depbase.Tpo $depbase.Po
depbase=`echo libyasm/value.o | sed 's|[^/]*$|.deps/&|;s|\.o$||'`;\
	clang -DHAVE_CONFIG_H -I.   -Wall -g -O2 -arch x86_64 -m64 -Wno-error=format-nonliteral   -mmacosx-version-min=10.10 -isysroot /Applications/Xcode.app/Contents/Developer/Platforms/MacOSX.platform/Developer/SDKs/MacOSX10.14.sdk  -I/Users/chenjie/Documents/git/cerbero/build/build-tools/include  -Wall -g -O2 -arch x86_64 -m64 -Wno-error=format-nonliteral   -I/Users/chenjie/Documents/git/cerbero/build/build-tools/include  -mmacosx-version-min=10.10 -isysroot /Applications/Xcode.app/Contents/Developer/Platforms/MacOSX.platform/Developer/SDKs/MacOSX10.14.sdk  -MT libyasm/value.o -MD -MP -MF $depbase.Tpo -c -o libyasm/value.o libyasm/value.c &&\
	mv -f $depbase.Tpo $depbase.Po
depbase=`echo libyasm/xmalloc.o | sed 's|[^/]*$|.deps/&|;s|\.o$||'`;\
	clang -DHAVE_CONFIG_H -I.   -Wall -g -O2 -arch x86_64 -m64 -Wno-error=format-nonliteral   -mmacosx-version-min=10.10 -isysroot /Applications/Xcode.app/Contents/Developer/Platforms/MacOSX.platform/Developer/SDKs/MacOSX10.14.sdk  -I/Users/chenjie/Documents/git/cerbero/build/build-tools/include  -Wall -g -O2 -arch x86_64 -m64 -Wno-error=format-nonliteral   -I/Users/chenjie/Documents/git/cerbero/build/build-tools/include  -mmacosx-version-min=10.10 -isysroot /Applications/Xcode.app/Contents/Developer/Platforms/MacOSX.platform/Developer/SDKs/MacOSX10.14.sdk  -MT libyasm/xmalloc.o -MD -MP -MF $depbase.Tpo -c -o libyasm/xmalloc.o libyasm/xmalloc.c &&\
	mv -f $depbase.Tpo $depbase.Po
depbase=`echo libyasm/xstrdup.o | sed 's|[^/]*$|.deps/&|;s|\.o$||'`;\
	clang -DHAVE_CONFIG_H -I.   -Wall -g -O2 -arch x86_64 -m64 -Wno-error=format-nonliteral   -mmacosx-version-min=10.10 -isysroot /Applications/Xcode.app/Contents/Developer/Platforms/MacOSX.platform/Developer/SDKs/MacOSX10.14.sdk  -I/Users/chenjie/Documents/git/cerbero/build/build-tools/include  -Wall -g -O2 -arch x86_64 -m64 -Wno-error=format-nonliteral   -I/Users/chenjie/Documents/git/cerbero/build/build-tools/include  -mmacosx-version-min=10.10 -isysroot /Applications/Xcode.app/Contents/Developer/Platforms/MacOSX.platform/Developer/SDKs/MacOSX10.14.sdk  -MT libyasm/xstrdup.o -MD -MP -MF $depbase.Tpo -c -o libyasm/xstrdup.o libyasm/xstrdup.c &&\
	mv -f $depbase.Tpo $depbase.Po
./genperf ./modules/arch/x86/x86cpu.gperf x86cpu.c
depbase=`echo x86cpu.o | sed 's|[^/]*$|.deps/&|;s|\.o$||'`;\
	clang -DHAVE_CONFIG_H -I.   -Wall -g -O2 -arch x86_64 -m64 -Wno-error=format-nonliteral   -mmacosx-version-min=10.10 -isysroot /Applications/Xcode.app/Contents/Developer/Platforms/MacOSX.platform/Developer/SDKs/MacOSX10.14.sdk  -I/Users/chenjie/Documents/git/cerbero/build/build-tools/include  -Wall -g -O2 -arch x86_64 -m64 -Wno-error=format-nonliteral   -I/Users/chenjie/Documents/git/cerbero/build/build-tools/include  -mmacosx-version-min=10.10 -isysroot /Applications/Xcode.app/Contents/Developer/Platforms/MacOSX.platform/Developer/SDKs/MacOSX10.14.sdk  -MT x86cpu.o -MD -MP -MF $depbase.Tpo -c -o x86cpu.o x86cpu.c &&\
	mv -f $depbase.Tpo $depbase.Po
./genperf ./modules/arch/x86/x86regtmod.gperf x86regtmod.c
depbase=`echo x86regtmod.o | sed 's|[^/]*$|.deps/&|;s|\.o$||'`;\
	clang -DHAVE_CONFIG_H -I.   -Wall -g -O2 -arch x86_64 -m64 -Wno-error=format-nonliteral   -mmacosx-version-min=10.10 -isysroot /Applications/Xcode.app/Contents/Developer/Platforms/MacOSX.platform/Developer/SDKs/MacOSX10.14.sdk  -I/Users/chenjie/Documents/git/cerbero/build/build-tools/include  -Wall -g -O2 -arch x86_64 -m64 -Wno-error=format-nonliteral   -I/Users/chenjie/Documents/git/cerbero/build/build-tools/include  -mmacosx-version-min=10.10 -isysroot /Applications/Xcode.app/Contents/Developer/Platforms/MacOSX.platform/Developer/SDKs/MacOSX10.14.sdk  -MT x86regtmod.o -MD -MP -MF $depbase.Tpo -c -o x86regtmod.o x86regtmod.c &&\
	mv -f $depbase.Tpo $depbase.Po
./re2c -s -o lc3bid.c ./modules/arch/lc3b/lc3bid.re
depbase=`echo lc3bid.o | sed 's|[^/]*$|.deps/&|;s|\.o$||'`;\
	clang -DHAVE_CONFIG_H -I.   -Wall -g -O2 -arch x86_64 -m64 -Wno-error=format-nonliteral   -mmacosx-version-min=10.10 -isysroot /Applications/Xcode.app/Contents/Developer/Platforms/MacOSX.platform/Developer/SDKs/MacOSX10.14.sdk  -I/Users/chenjie/Documents/git/cerbero/build/build-tools/include  -Wall -g -O2 -arch x86_64 -m64 -Wno-error=format-nonliteral   -I/Users/chenjie/Documents/git/cerbero/build/build-tools/include  -mmacosx-version-min=10.10 -isysroot /Applications/Xcode.app/Contents/Developer/Platforms/MacOSX.platform/Developer/SDKs/MacOSX10.14.sdk  -MT lc3bid.o -MD -MP -MF $depbase.Tpo -c -o lc3bid.o lc3bid.c &&\
	mv -f $depbase.Tpo $depbase.Po
depbase=`echo gas-token.o | sed 's|[^/]*$|.deps/&|;s|\.o$||'`;\
	clang -DHAVE_CONFIG_H -I.   -Wall -g -O2 -arch x86_64 -m64 -Wno-error=format-nonliteral   -mmacosx-version-min=10.10 -isysroot /Applications/Xcode.app/Contents/Developer/Platforms/MacOSX.platform/Developer/SDKs/MacOSX10.14.sdk  -I/Users/chenjie/Documents/git/cerbero/build/build-tools/include  -Wall -g -O2 -arch x86_64 -m64 -Wno-error=format-nonliteral   -I/Users/chenjie/Documents/git/cerbero/build/build-tools/include  -mmacosx-version-min=10.10 -isysroot /Applications/Xcode.app/Contents/Developer/Platforms/MacOSX.platform/Developer/SDKs/MacOSX10.14.sdk  -MT gas-token.o -MD -MP -MF $depbase.Tpo -c -o gas-token.o gas-token.c &&\
	mv -f $depbase.Tpo $depbase.Po
depbase=`echo nasm-token.o | sed 's|[^/]*$|.deps/&|;s|\.o$||'`;\
	clang -DHAVE_CONFIG_H -I.   -Wall -g -O2 -arch x86_64 -m64 -Wno-error=format-nonliteral   -mmacosx-version-min=10.10 -isysroot /Applications/Xcode.app/Contents/Developer/Platforms/MacOSX.platform/Developer/SDKs/MacOSX10.14.sdk  -I/Users/chenjie/Documents/git/cerbero/build/build-tools/include  -Wall -g -O2 -arch x86_64 -m64 -Wno-error=format-nonliteral   -I/Users/chenjie/Documents/git/cerbero/build/build-tools/include  -mmacosx-version-min=10.10 -isysroot /Applications/Xcode.app/Contents/Developer/Platforms/MacOSX.platform/Developer/SDKs/MacOSX10.14.sdk  -MT nasm-token.o -MD -MP -MF $depbase.Tpo -c -o nasm-token.o nasm-token.c &&\
	mv -f $depbase.Tpo $depbase.Po
clang -I.  -c -o genmodule.o `test -f libyasm/genmodule.c || echo './'`libyasm/genmodule.c
clang -o genmodule  genmodule.o 
./genmodule ./libyasm/module.in Makefile
depbase=`echo module.o | sed 's|[^/]*$|.deps/&|;s|\.o$||'`;\
	clang -DHAVE_CONFIG_H -I.   -Wall -g -O2 -arch x86_64 -m64 -Wno-error=format-nonliteral   -mmacosx-version-min=10.10 -isysroot /Applications/Xcode.app/Contents/Developer/Platforms/MacOSX.platform/Developer/SDKs/MacOSX10.14.sdk  -I/Users/chenjie/Documents/git/cerbero/build/build-tools/include  -Wall -g -O2 -arch x86_64 -m64 -Wno-error=format-nonliteral   -I/Users/chenjie/Documents/git/cerbero/build/build-tools/include  -mmacosx-version-min=10.10 -isysroot /Applications/Xcode.app/Contents/Developer/Platforms/MacOSX.platform/Developer/SDKs/MacOSX10.14.sdk  -MT module.o -MD -MP -MF $depbase.Tpo -c -o module.o module.c &&\
	mv -f $depbase.Tpo $depbase.Po
rm -f libyasm.a
ar cru libyasm.a modules/arch/x86/x86arch.o modules/arch/x86/x86bc.o modules/arch/x86/x86expr.o modules/arch/x86/x86id.o modules/arch/lc3b/lc3barch.o modules/arch/lc3b/lc3bbc.o modules/listfmts/nasm/nasm-listfmt.o modules/parsers/gas/gas-parser.o modules/parsers/gas/gas-parse.o modules/parsers/gas/gas-parse-intel.o modules/parsers/nasm/nasm-parser.o modules/parsers/nasm/nasm-parse.o modules/preprocs/nasm/nasm-preproc.o modules/preprocs/nasm/nasm-pp.o modules/preprocs/nasm/nasmlib.o modules/preprocs/nasm/nasm-eval.o modules/preprocs/raw/raw-preproc.o modules/preprocs/cpp/cpp-preproc.o modules/preprocs/gas/gas-preproc.o modules/preprocs/gas/gas-eval.o modules/dbgfmts/codeview/cv-dbgfmt.o modules/dbgfmts/codeview/cv-symline.o modules/dbgfmts/codeview/cv-type.o modules/dbgfmts/dwarf2/dwarf2-dbgfmt.o modules/dbgfmts/dwarf2/dwarf2-line.o modules/dbgfmts/dwarf2/dwarf2-aranges.o modules/dbgfmts/dwarf2/dwarf2-info.o modules/dbgfmts/null/null-dbgfmt.o modules/dbgfmts/stabs/stabs-dbgfmt.o modules/objfmts/dbg/dbg-objfmt.o modules/objfmts/bin/bin-objfmt.o modules/objfmts/elf/elf.o modules/objfmts/elf/elf-objfmt.o modules/objfmts/elf/elf-x86-x86.o modules/objfmts/elf/elf-x86-amd64.o modules/objfmts/elf/elf-x86-x32.o modules/objfmts/coff/coff-objfmt.o modules/objfmts/coff/win64-except.o modules/objfmts/macho/macho-objfmt.o modules/objfmts/rdf/rdf-objfmt.o modules/objfmts/xdf/xdf-objfmt.o libyasm/assocdat.o libyasm/bitvect.o libyasm/bc-align.o libyasm/bc-data.o libyasm/bc-incbin.o libyasm/bc-org.o libyasm/bc-reserve.o libyasm/bytecode.o libyasm/errwarn.o libyasm/expr.o libyasm/file.o libyasm/floatnum.o libyasm/hamt.o libyasm/insn.o libyasm/intnum.o libyasm/inttree.o libyasm/linemap.o libyasm/md5.o libyasm/mergesort.o libyasm/phash.o libyasm/section.o libyasm/strcasecmp.o libyasm/strsep.o libyasm/symrec.o libyasm/valparam.o libyasm/value.o libyasm/xmalloc.o libyasm/xstrdup.o x86cpu.o x86regtmod.o lc3bid.o gas-token.o nasm-token.o module.o 
ranlib libyasm.a
depbase=`echo frontends/yasm/yasm.o | sed 's|[^/]*$|.deps/&|;s|\.o$||'`;\
	clang -DHAVE_CONFIG_H -I.   -Wall -g -O2 -arch x86_64 -m64 -Wno-error=format-nonliteral   -mmacosx-version-min=10.10 -isysroot /Applications/Xcode.app/Contents/Developer/Platforms/MacOSX.platform/Developer/SDKs/MacOSX10.14.sdk  -I/Users/chenjie/Documents/git/cerbero/build/build-tools/include  -Wall -g -O2 -arch x86_64 -m64 -Wno-error=format-nonliteral   -I/Users/chenjie/Documents/git/cerbero/build/build-tools/include  -mmacosx-version-min=10.10 -isysroot /Applications/Xcode.app/Contents/Developer/Platforms/MacOSX.platform/Developer/SDKs/MacOSX10.14.sdk  -MT frontends/yasm/yasm.o -MD -MP -MF $depbase.Tpo -c -o frontends/yasm/yasm.o frontends/yasm/yasm.c &&\
	mv -f $depbase.Tpo $depbase.Po
depbase=`echo frontends/yasm/yasm-options.o | sed 's|[^/]*$|.deps/&|;s|\.o$||'`;\
	clang -DHAVE_CONFIG_H -I.   -Wall -g -O2 -arch x86_64 -m64 -Wno-error=format-nonliteral   -mmacosx-version-min=10.10 -isysroot /Applications/Xcode.app/Contents/Developer/Platforms/MacOSX.platform/Developer/SDKs/MacOSX10.14.sdk  -I/Users/chenjie/Documents/git/cerbero/build/build-tools/include  -Wall -g -O2 -arch x86_64 -m64 -Wno-error=format-nonliteral   -I/Users/chenjie/Documents/git/cerbero/build/build-tools/include  -mmacosx-version-min=10.10 -isysroot /Applications/Xcode.app/Contents/Developer/Platforms/MacOSX.platform/Developer/SDKs/MacOSX10.14.sdk  -MT frontends/yasm/yasm-options.o -MD -MP -MF $depbase.Tpo -c -o frontends/yasm/yasm-options.o frontends/yasm/yasm-options.c &&\
	mv -f $depbase.Tpo $depbase.Po
clang  -Wall -g -O2 -arch x86_64 -m64 -Wno-error=format-nonliteral   -I/Users/chenjie/Documents/git/cerbero/build/build-tools/include  -mmacosx-version-min=10.10 -isysroot /Applications/Xcode.app/Contents/Developer/Platforms/MacOSX.platform/Developer/SDKs/MacOSX10.14.sdk   -L/Users/chenjie/Documents/git/cerbero/build/build-tools/lib   -headerpad_max_install_names -Wl,-headerpad_max_install_names -Wno-error=unused-command-line-argument  -arch x86_64 -m64 -Wl,-arch,x86_64  -mmacosx-version-min=10.10 -isysroot /Applications/Xcode.app/Contents/Developer/Platforms/MacOSX.platform/Developer/SDKs/MacOSX10.14.sdk  -o yasm frontends/yasm/yasm.o frontends/yasm/yasm-options.o libyasm.a -lintl -liconv -lc -Wl,-framework -Wl,CoreFoundation 
depbase=`echo frontends/tasm/tasm.o | sed 's|[^/]*$|.deps/&|;s|\.o$||'`;\
	clang -DHAVE_CONFIG_H -I.   -Wall -g -O2 -arch x86_64 -m64 -Wno-error=format-nonliteral   -mmacosx-version-min=10.10 -isysroot /Applications/Xcode.app/Contents/Developer/Platforms/MacOSX.platform/Developer/SDKs/MacOSX10.14.sdk  -I/Users/chenjie/Documents/git/cerbero/build/build-tools/include  -Wall -g -O2 -arch x86_64 -m64 -Wno-error=format-nonliteral   -I/Users/chenjie/Documents/git/cerbero/build/build-tools/include  -mmacosx-version-min=10.10 -isysroot /Applications/Xcode.app/Contents/Developer/Platforms/MacOSX.platform/Developer/SDKs/MacOSX10.14.sdk  -MT frontends/tasm/tasm.o -MD -MP -MF $depbase.Tpo -c -o frontends/tasm/tasm.o frontends/tasm/tasm.c &&\
	mv -f $depbase.Tpo $depbase.Po
depbase=`echo frontends/tasm/tasm-options.o | sed 's|[^/]*$|.deps/&|;s|\.o$||'`;\
	clang -DHAVE_CONFIG_H -I.   -Wall -g -O2 -arch x86_64 -m64 -Wno-error=format-nonliteral   -mmacosx-version-min=10.10 -isysroot /Applications/Xcode.app/Contents/Developer/Platforms/MacOSX.platform/Developer/SDKs/MacOSX10.14.sdk  -I/Users/chenjie/Documents/git/cerbero/build/build-tools/include  -Wall -g -O2 -arch x86_64 -m64 -Wno-error=format-nonliteral   -I/Users/chenjie/Documents/git/cerbero/build/build-tools/include  -mmacosx-version-min=10.10 -isysroot /Applications/Xcode.app/Contents/Developer/Platforms/MacOSX.platform/Developer/SDKs/MacOSX10.14.sdk  -MT frontends/tasm/tasm-options.o -MD -MP -MF $depbase.Tpo -c -o frontends/tasm/tasm-options.o frontends/tasm/tasm-options.c &&\
	mv -f $depbase.Tpo $depbase.Po
clang  -Wall -g -O2 -arch x86_64 -m64 -Wno-error=format-nonliteral   -I/Users/chenjie/Documents/git/cerbero/build/build-tools/include  -mmacosx-version-min=10.10 -isysroot /Applications/Xcode.app/Contents/Developer/Platforms/MacOSX.platform/Developer/SDKs/MacOSX10.14.sdk   -L/Users/chenjie/Documents/git/cerbero/build/build-tools/lib   -headerpad_max_install_names -Wl,-headerpad_max_install_names -Wno-error=unused-command-line-argument  -arch x86_64 -m64 -Wl,-arch,x86_64  -mmacosx-version-min=10.10 -isysroot /Applications/Xcode.app/Contents/Developer/Platforms/MacOSX.platform/Developer/SDKs/MacOSX10.14.sdk  -o ytasm frontends/tasm/tasm.o frontends/tasm/tasm-options.o libyasm.a -lintl -liconv -lc -Wl,-framework -Wl,CoreFoundation 
depbase=`echo frontends/vsyasm/vsyasm.o | sed 's|[^/]*$|.deps/&|;s|\.o$||'`;\
	clang -DHAVE_CONFIG_H -I.   -Wall -g -O2 -arch x86_64 -m64 -Wno-error=format-nonliteral   -mmacosx-version-min=10.10 -isysroot /Applications/Xcode.app/Contents/Developer/Platforms/MacOSX.platform/Developer/SDKs/MacOSX10.14.sdk  -I/Users/chenjie/Documents/git/cerbero/build/build-tools/include  -Wall -g -O2 -arch x86_64 -m64 -Wno-error=format-nonliteral   -I/Users/chenjie/Documents/git/cerbero/build/build-tools/include  -mmacosx-version-min=10.10 -isysroot /Applications/Xcode.app/Contents/Developer/Platforms/MacOSX.platform/Developer/SDKs/MacOSX10.14.sdk  -MT frontends/vsyasm/vsyasm.o -MD -MP -MF $depbase.Tpo -c -o frontends/vsyasm/vsyasm.o frontends/vsyasm/vsyasm.c &&\
	mv -f $depbase.Tpo $depbase.Po
clang  -Wall -g -O2 -arch x86_64 -m64 -Wno-error=format-nonliteral   -I/Users/chenjie/Documents/git/cerbero/build/build-tools/include  -mmacosx-version-min=10.10 -isysroot /Applications/Xcode.app/Contents/Developer/Platforms/MacOSX.platform/Developer/SDKs/MacOSX10.14.sdk   -L/Users/chenjie/Documents/git/cerbero/build/build-tools/lib   -headerpad_max_install_names -Wl,-headerpad_max_install_names -Wno-error=unused-command-line-argument  -arch x86_64 -m64 -Wl,-arch,x86_64  -mmacosx-version-min=10.10 -isysroot /Applications/Xcode.app/Contents/Developer/Platforms/MacOSX.platform/Developer/SDKs/MacOSX10.14.sdk  -o vsyasm frontends/vsyasm/vsyasm.o frontends/yasm/yasm-options.o libyasm.a -lintl -liconv -lc -Wl,-framework -Wl,CoreFoundation 
